[0.698s] Invoking command in '/home/user/robot_arm_ws/src/my_arm_sim': DEBUGINFOD_URLS=https://debuginfod.ubuntu.com PYTHONPATH=/home/user/robot_arm_ws/build/my_arm_sim/prefix_override:/usr/lib/python3/dist-packages/colcon_core/task/python/colcon_distutils_commands:/home/user/robot_arm_ws/install/my_arm_sim/lib/python3.12/site-packages:${PYTHONPATH} /usr/bin/python3 -W ignore:setup.py install is deprecated -W ignore:easy_install command is deprecated setup.py egg_info --egg-base ../../build/my_arm_sim build --build-base /home/user/robot_arm_ws/build/my_arm_sim/build install --record /home/user/robot_arm_ws/build/my_arm_sim/install.log --single-version-externally-managed install_data
[0.926s] running egg_info
[0.944s] writing ../../build/my_arm_sim/my_arm_sim.egg-info/PKG-INFO
[0.944s] writing dependency_links to ../../build/my_arm_sim/my_arm_sim.egg-info/dependency_links.txt
[0.944s] writing entry points to ../../build/my_arm_sim/my_arm_sim.egg-info/entry_points.txt
[0.945s] writing requirements to ../../build/my_arm_sim/my_arm_sim.egg-info/requires.txt
[0.945s] writing top-level names to ../../build/my_arm_sim/my_arm_sim.egg-info/top_level.txt
[0.981s] reading manifest file '../../build/my_arm_sim/my_arm_sim.egg-info/SOURCES.txt'
[0.981s] writing manifest file '../../build/my_arm_sim/my_arm_sim.egg-info/SOURCES.txt'
[0.981s] running build
[0.981s] running build_py
[0.982s] running install
[0.986s] running install_lib
[1.005s] running install_data
[1.005s] running install_egg_info
[1.024s] removing '/home/user/robot_arm_ws/install/my_arm_sim/lib/python3.12/site-packages/my_arm_sim-0.0.1-py3.12.egg-info' (and everything under it)
[1.024s] Copying ../../build/my_arm_sim/my_arm_sim.egg-info to /home/user/robot_arm_ws/install/my_arm_sim/lib/python3.12/site-packages/my_arm_sim-0.0.1-py3.12.egg-info
[1.025s] running install_scripts
[1.141s] Installing joint_array_splitter script to /home/user/robot_arm_ws/install/my_arm_sim/lib/my_arm_sim
[1.141s] Installing square_ik_node script to /home/user/robot_arm_ws/install/my_arm_sim/lib/my_arm_sim
[1.141s] writing list of installed files to '/home/user/robot_arm_ws/build/my_arm_sim/install.log'
[1.158s] Invoked command in '/home/user/robot_arm_ws/src/my_arm_sim' returned '0': DEBUGINFOD_URLS=https://debuginfod.ubuntu.com PYTHONPATH=/home/user/robot_arm_ws/build/my_arm_sim/prefix_override:/usr/lib/python3/dist-packages/colcon_core/task/python/colcon_distutils_commands:/home/user/robot_arm_ws/install/my_arm_sim/lib/python3.12/site-packages:${PYTHONPATH} /usr/bin/python3 -W ignore:setup.py install is deprecated -W ignore:easy_install command is deprecated setup.py egg_info --egg-base ../../build/my_arm_sim build --build-base /home/user/robot_arm_ws/build/my_arm_sim/build install --record /home/user/robot_arm_ws/build/my_arm_sim/install.log --single-version-externally-managed install_data
