[0.013s] Invoking command in '/home/user/robot_arm_ws/build/robot_arm': CMAKE_PREFIX_PATH=${CMAKE_PREFIX_PATH}:/home/user/ros2_ws/install/my_py_pkg:/opt/ros/jazzy DEBUGINFOD_URLS=https://debuginfod.ubuntu.com /usr/bin/cmake --build /home/user/robot_arm_ws/build/robot_arm -- -j16 -l16
[0.095s] Invoked command in '/home/user/robot_arm_ws/build/robot_arm' returned '0': CMAKE_PREFIX_PATH=${CMAKE_PREFIX_PATH}:/home/user/ros2_ws/install/my_py_pkg:/opt/ros/jazzy DEBUGINFOD_URLS=https://debuginfod.ubuntu.com /usr/bin/cmake --build /home/user/robot_arm_ws/build/robot_arm -- -j16 -l16
[0.113s] Invoking command in '/home/user/robot_arm_ws/build/robot_arm': CMAKE_PREFIX_PATH=${CMAKE_PREFIX_PATH}:/home/user/ros2_ws/install/my_py_pkg:/opt/ros/jazzy DEBUGINFOD_URLS=https://debuginfod.ubuntu.com /usr/bin/cmake --install /home/user/robot_arm_ws/build/robot_arm
[0.127s] -- Install configuration: ""
[0.128s] -- Up-to-date: /home/user/robot_arm_ws/install/robot_arm/share/robot_arm/meshes
[0.128s] -- Installing: /home/user/robot_arm_ws/install/robot_arm/share/robot_arm/meshes/link_4.stl
[0.129s] -- Installing: /home/user/robot_arm_ws/install/robot_arm/share/robot_arm/meshes/link_2.stl
[0.130s] -- Installing: /home/user/robot_arm_ws/install/robot_arm/share/robot_arm/meshes/link_1.stl
[0.130s] -- Installing: /home/user/robot_arm_ws/install/robot_arm/share/robot_arm/meshes/Link_3.stl
[0.131s] -- Installing: /home/user/robot_arm_ws/install/robot_arm/share/robot_arm/meshes/base_2.stl
[0.132s] -- Installing: /home/user/robot_arm_ws/install/robot_arm/share/robot_arm/meshes/base_link.stl
[0.133s] -- Up-to-date: /home/user/robot_arm_ws/install/robot_arm/share/robot_arm/urdf
[0.133s] -- Up-to-date: /home/user/robot_arm_ws/install/robot_arm/share/robot_arm/urdf/Robot_arm.urdf
[0.133s] -- Installing: /home/user/robot_arm_ws/install/robot_arm/share/robot_arm/urdf/Robot_arm.sdf
[0.133s] -- Up-to-date: /home/user/robot_arm_ws/install/robot_arm/share/robot_arm/urdf/Robot_arm.csv
[0.133s] -- Up-to-date: /home/user/robot_arm_ws/install/robot_arm/share/ament_index/resource_index/package_run_dependencies/robot_arm
[0.134s] -- Up-to-date: /home/user/robot_arm_ws/install/robot_arm/share/ament_index/resource_index/parent_prefix_path/robot_arm
[0.134s] -- Up-to-date: /home/user/robot_arm_ws/install/robot_arm/share/robot_arm/environment/ament_prefix_path.sh
[0.134s] -- Up-to-date: /home/user/robot_arm_ws/install/robot_arm/share/robot_arm/environment/ament_prefix_path.dsv
[0.134s] -- Up-to-date: /home/user/robot_arm_ws/install/robot_arm/share/robot_arm/environment/path.sh
[0.134s] -- Up-to-date: /home/user/robot_arm_ws/install/robot_arm/share/robot_arm/environment/path.dsv
[0.134s] -- Up-to-date: /home/user/robot_arm_ws/install/robot_arm/share/robot_arm/local_setup.bash
[0.134s] -- Up-to-date: /home/user/robot_arm_ws/install/robot_arm/share/robot_arm/local_setup.sh
[0.135s] -- Up-to-date: /home/user/robot_arm_ws/install/robot_arm/share/robot_arm/local_setup.zsh
[0.135s] -- Up-to-date: /home/user/robot_arm_ws/install/robot_arm/share/robot_arm/local_setup.dsv
[0.135s] -- Installing: /home/user/robot_arm_ws/install/robot_arm/share/robot_arm/package.dsv
[0.135s] -- Up-to-date: /home/user/robot_arm_ws/install/robot_arm/share/ament_index/resource_index/packages/robot_arm
[0.135s] -- Up-to-date: /home/user/robot_arm_ws/install/robot_arm/share/robot_arm/cmake/robot_armConfig.cmake
[0.135s] -- Up-to-date: /home/user/robot_arm_ws/install/robot_arm/share/robot_arm/cmake/robot_armConfig-version.cmake
[0.135s] -- Up-to-date: /home/user/robot_arm_ws/install/robot_arm/share/robot_arm/package.xml
[0.138s] Invoked command in '/home/user/robot_arm_ws/build/robot_arm' returned '0': CMAKE_PREFIX_PATH=${CMAKE_PREFIX_PATH}:/home/user/ros2_ws/install/my_py_pkg:/opt/ros/jazzy DEBUGINFOD_URLS=https://debuginfod.ubuntu.com /usr/bin/cmake --install /home/user/robot_arm_ws/build/robot_arm
