[0.007s] Invoking command in '/home/user/robot_arm_ws/build/arm_moveit_config': AMENT_PREFIX_PATH=/home/user/robot_arm_ws/install/robot_arm:${AMENT_PREFIX_PATH} CMAKE_PREFIX_PATH=/home/user/robot_arm_ws/install/robot_arm:/home/user/ros2_ws/install/teleop_twist_joy:/home/user/ros2_ws/install/arm_urdfnew:/opt/ros/jazzy/opt/gz_sim_vendor:/opt/ros/jazzy/opt/gz_sensors_vendor:/opt/ros/jazzy/opt/gz_physics_vendor:/opt/ros/jazzy/opt/sdformat_vendor:/opt/ros/jazzy/opt/gz_gui_vendor:/opt/ros/jazzy/opt/gz_transport_vendor:/opt/ros/jazzy/opt/gz_rendering_vendor:/opt/ros/jazzy/opt/gz_plugin_vendor:/opt/ros/jazzy/opt/gz_fuel_tools_vendor:/opt/ros/jazzy/opt/gz_msgs_vendor:/opt/ros/jazzy/opt/gz_common_vendor:/opt/ros/jazzy/opt/gz_math_vendor:/opt/ros/jazzy/opt/gz_utils_vendor:/opt/ros/jazzy/opt/gz_tools_vendor:/opt/ros/jazzy/opt/gz_ogre_next_vendor:/opt/ros/jazzy/opt/gz_dartsim_vendor:/opt/ros/jazzy/opt/gz_cmake_vendor:/home/user/ros2_ws/install/my_robot_controller:/opt/ros/jazzy DEBUGINFOD_URLS=https://debuginfod.ubuntu.com PYTHONPATH=/home/user/robot_arm_ws/install/robot_arm/lib/python3.12/site-packages:${PYTHONPATH} /usr/bin/cmake --build /home/user/robot_arm_ws/build/arm_moveit_config -- -j16 -l16
[0.038s] Invoked command in '/home/user/robot_arm_ws/build/arm_moveit_config' returned '0': AMENT_PREFIX_PATH=/home/user/robot_arm_ws/install/robot_arm:${AMENT_PREFIX_PATH} CMAKE_PREFIX_PATH=/home/user/robot_arm_ws/install/robot_arm:/home/user/ros2_ws/install/teleop_twist_joy:/home/user/ros2_ws/install/arm_urdfnew:/opt/ros/jazzy/opt/gz_sim_vendor:/opt/ros/jazzy/opt/gz_sensors_vendor:/opt/ros/jazzy/opt/gz_physics_vendor:/opt/ros/jazzy/opt/sdformat_vendor:/opt/ros/jazzy/opt/gz_gui_vendor:/opt/ros/jazzy/opt/gz_transport_vendor:/opt/ros/jazzy/opt/gz_rendering_vendor:/opt/ros/jazzy/opt/gz_plugin_vendor:/opt/ros/jazzy/opt/gz_fuel_tools_vendor:/opt/ros/jazzy/opt/gz_msgs_vendor:/opt/ros/jazzy/opt/gz_common_vendor:/opt/ros/jazzy/opt/gz_math_vendor:/opt/ros/jazzy/opt/gz_utils_vendor:/opt/ros/jazzy/opt/gz_tools_vendor:/opt/ros/jazzy/opt/gz_ogre_next_vendor:/opt/ros/jazzy/opt/gz_dartsim_vendor:/opt/ros/jazzy/opt/gz_cmake_vendor:/home/user/ros2_ws/install/my_robot_controller:/opt/ros/jazzy DEBUGINFOD_URLS=https://debuginfod.ubuntu.com PYTHONPATH=/home/user/robot_arm_ws/install/robot_arm/lib/python3.12/site-packages:${PYTHONPATH} /usr/bin/cmake --build /home/user/robot_arm_ws/build/arm_moveit_config -- -j16 -l16
[0.039s] Invoking command in '/home/user/robot_arm_ws/build/arm_moveit_config': AMENT_PREFIX_PATH=/home/user/robot_arm_ws/install/robot_arm:${AMENT_PREFIX_PATH} CMAKE_PREFIX_PATH=/home/user/robot_arm_ws/install/robot_arm:/home/user/ros2_ws/install/teleop_twist_joy:/home/user/ros2_ws/install/arm_urdfnew:/opt/ros/jazzy/opt/gz_sim_vendor:/opt/ros/jazzy/opt/gz_sensors_vendor:/opt/ros/jazzy/opt/gz_physics_vendor:/opt/ros/jazzy/opt/sdformat_vendor:/opt/ros/jazzy/opt/gz_gui_vendor:/opt/ros/jazzy/opt/gz_transport_vendor:/opt/ros/jazzy/opt/gz_rendering_vendor:/opt/ros/jazzy/opt/gz_plugin_vendor:/opt/ros/jazzy/opt/gz_fuel_tools_vendor:/opt/ros/jazzy/opt/gz_msgs_vendor:/opt/ros/jazzy/opt/gz_common_vendor:/opt/ros/jazzy/opt/gz_math_vendor:/opt/ros/jazzy/opt/gz_utils_vendor:/opt/ros/jazzy/opt/gz_tools_vendor:/opt/ros/jazzy/opt/gz_ogre_next_vendor:/opt/ros/jazzy/opt/gz_dartsim_vendor:/opt/ros/jazzy/opt/gz_cmake_vendor:/home/user/ros2_ws/install/my_robot_controller:/opt/ros/jazzy DEBUGINFOD_URLS=https://debuginfod.ubuntu.com PYTHONPATH=/home/user/robot_arm_ws/install/robot_arm/lib/python3.12/site-packages:${PYTHONPATH} /usr/bin/cmake --install /home/user/robot_arm_ws/build/arm_moveit_config
[0.044s] -- Install configuration: ""
[0.044s] -- Up-to-date: /home/user/robot_arm_ws/install/arm_moveit_config/share/ament_index/resource_index/package_run_dependencies/arm_moveit_config
[0.044s] -- Up-to-date: /home/user/robot_arm_ws/install/arm_moveit_config/share/ament_index/resource_index/parent_prefix_path/arm_moveit_config
[0.044s] -- Up-to-date: /home/user/robot_arm_ws/install/arm_moveit_config/share/arm_moveit_config/environment/ament_prefix_path.sh
[0.044s] -- Up-to-date: /home/user/robot_arm_ws/install/arm_moveit_config/share/arm_moveit_config/environment/ament_prefix_path.dsv
[0.045s] -- Up-to-date: /home/user/robot_arm_ws/install/arm_moveit_config/share/arm_moveit_config/environment/path.sh
[0.045s] -- Up-to-date: /home/user/robot_arm_ws/install/arm_moveit_config/share/arm_moveit_config/environment/path.dsv
[0.045s] -- Up-to-date: /home/user/robot_arm_ws/install/arm_moveit_config/share/arm_moveit_config/local_setup.bash
[0.045s] -- Up-to-date: /home/user/robot_arm_ws/install/arm_moveit_config/share/arm_moveit_config/local_setup.sh
[0.045s] -- Up-to-date: /home/user/robot_arm_ws/install/arm_moveit_config/share/arm_moveit_config/local_setup.zsh
[0.045s] -- Up-to-date: /home/user/robot_arm_ws/install/arm_moveit_config/share/arm_moveit_config/local_setup.dsv
[0.045s] -- Installing: /home/user/robot_arm_ws/install/arm_moveit_config/share/arm_moveit_config/package.dsv
[0.045s] -- Up-to-date: /home/user/robot_arm_ws/install/arm_moveit_config/share/ament_index/resource_index/packages/arm_moveit_config
[0.045s] -- Up-to-date: /home/user/robot_arm_ws/install/arm_moveit_config/share/arm_moveit_config/cmake/arm_moveit_configConfig.cmake
[0.045s] -- Up-to-date: /home/user/robot_arm_ws/install/arm_moveit_config/share/arm_moveit_config/cmake/arm_moveit_configConfig-version.cmake
[0.045s] -- Up-to-date: /home/user/robot_arm_ws/install/arm_moveit_config/share/arm_moveit_config/package.xml
[0.045s] -- Up-to-date: /home/user/robot_arm_ws/install/arm_moveit_config/share/arm_moveit_config/launch
[0.045s] -- Up-to-date: /home/user/robot_arm_ws/install/arm_moveit_config/share/arm_moveit_config/launch/moveit_rviz.launch.py
[0.045s] -- Up-to-date: /home/user/robot_arm_ws/install/arm_moveit_config/share/arm_moveit_config/launch/spawn_controllers.launch.py
[0.045s] -- Up-to-date: /home/user/robot_arm_ws/install/arm_moveit_config/share/arm_moveit_config/launch/warehouse_db.launch.py
[0.045s] -- Up-to-date: /home/user/robot_arm_ws/install/arm_moveit_config/share/arm_moveit_config/launch/rsp.launch.py
[0.045s] -- Up-to-date: /home/user/robot_arm_ws/install/arm_moveit_config/share/arm_moveit_config/launch/static_virtual_joint_tfs.launch.py
[0.045s] -- Up-to-date: /home/user/robot_arm_ws/install/arm_moveit_config/share/arm_moveit_config/launch/demo.launch.py
[0.046s] -- Up-to-date: /home/user/robot_arm_ws/install/arm_moveit_config/share/arm_moveit_config/launch/setup_assistant.launch.py
[0.046s] -- Up-to-date: /home/user/robot_arm_ws/install/arm_moveit_config/share/arm_moveit_config/launch/move_group.launch.py
[0.046s] -- Up-to-date: /home/user/robot_arm_ws/install/arm_moveit_config/share/arm_moveit_config/config
[0.046s] -- Up-to-date: /home/user/robot_arm_ws/install/arm_moveit_config/share/arm_moveit_config/config/moveit_controllers.yaml
[0.046s] -- Up-to-date: /home/user/robot_arm_ws/install/arm_moveit_config/share/arm_moveit_config/config/kinematics.yaml
[0.046s] -- Up-to-date: /home/user/robot_arm_ws/install/arm_moveit_config/share/arm_moveit_config/config/Robot_arm.ros2_control.xacro
[0.046s] -- Up-to-date: /home/user/robot_arm_ws/install/arm_moveit_config/share/arm_moveit_config/config/Robot_arm.urdf.xacro
[0.046s] -- Up-to-date: /home/user/robot_arm_ws/install/arm_moveit_config/share/arm_moveit_config/config/pilz_cartesian_limits.yaml
[0.046s] -- Up-to-date: /home/user/robot_arm_ws/install/arm_moveit_config/share/arm_moveit_config/config/initial_positions.yaml
[0.046s] -- Up-to-date: /home/user/robot_arm_ws/install/arm_moveit_config/share/arm_moveit_config/config/ompl_planning.yaml
[0.046s] -- Up-to-date: /home/user/robot_arm_ws/install/arm_moveit_config/share/arm_moveit_config/config/moveit.rviz
[0.046s] -- Up-to-date: /home/user/robot_arm_ws/install/arm_moveit_config/share/arm_moveit_config/config/joint_limits.yaml
[0.046s] -- Up-to-date: /home/user/robot_arm_ws/install/arm_moveit_config/share/arm_moveit_config/config/ros2_controllers.yaml
[0.046s] -- Up-to-date: /home/user/robot_arm_ws/install/arm_moveit_config/share/arm_moveit_config/config/Robot_arm.srdf
[0.046s] -- Up-to-date: /home/user/robot_arm_ws/install/arm_moveit_config/share/arm_moveit_config/config/planning_pipelines.yaml
[0.046s] -- Up-to-date: /home/user/robot_arm_ws/install/arm_moveit_config/share/arm_moveit_config/.setup_assistant
[0.047s] Invoked command in '/home/user/robot_arm_ws/build/arm_moveit_config' returned '0': AMENT_PREFIX_PATH=/home/user/robot_arm_ws/install/robot_arm:${AMENT_PREFIX_PATH} CMAKE_PREFIX_PATH=/home/user/robot_arm_ws/install/robot_arm:/home/user/ros2_ws/install/teleop_twist_joy:/home/user/ros2_ws/install/arm_urdfnew:/opt/ros/jazzy/opt/gz_sim_vendor:/opt/ros/jazzy/opt/gz_sensors_vendor:/opt/ros/jazzy/opt/gz_physics_vendor:/opt/ros/jazzy/opt/sdformat_vendor:/opt/ros/jazzy/opt/gz_gui_vendor:/opt/ros/jazzy/opt/gz_transport_vendor:/opt/ros/jazzy/opt/gz_rendering_vendor:/opt/ros/jazzy/opt/gz_plugin_vendor:/opt/ros/jazzy/opt/gz_fuel_tools_vendor:/opt/ros/jazzy/opt/gz_msgs_vendor:/opt/ros/jazzy/opt/gz_common_vendor:/opt/ros/jazzy/opt/gz_math_vendor:/opt/ros/jazzy/opt/gz_utils_vendor:/opt/ros/jazzy/opt/gz_tools_vendor:/opt/ros/jazzy/opt/gz_ogre_next_vendor:/opt/ros/jazzy/opt/gz_dartsim_vendor:/opt/ros/jazzy/opt/gz_cmake_vendor:/home/user/ros2_ws/install/my_robot_controller:/opt/ros/jazzy DEBUGINFOD_URLS=https://debuginfod.ubuntu.com PYTHONPATH=/home/user/robot_arm_ws/install/robot_arm/lib/python3.12/site-packages:${PYTHONPATH} /usr/bin/cmake --install /home/user/robot_arm_ws/build/arm_moveit_config
