/home/user/robot_arm_ws/install/my_arm_sim/lib/python3.12/site-packages/my_arm_sim/square_ik_node.py
/home/user/robot_arm_ws/install/my_arm_sim/lib/python3.12/site-packages/my_arm_sim/joint_array_splitter.py
/home/user/robot_arm_ws/install/my_arm_sim/lib/python3.12/site-packages/my_arm_sim/__init__.py
/home/user/robot_arm_ws/install/my_arm_sim/lib/python3.12/site-packages/my_arm_sim/__pycache__/square_ik_node.cpython-312.pyc
/home/user/robot_arm_ws/install/my_arm_sim/lib/python3.12/site-packages/my_arm_sim/__pycache__/joint_array_splitter.cpython-312.pyc
/home/user/robot_arm_ws/install/my_arm_sim/lib/python3.12/site-packages/my_arm_sim/__pycache__/__init__.cpython-312.pyc
/home/user/robot_arm_ws/install/my_arm_sim/share/ament_index/resource_index/packages/my_arm_sim
/home/user/robot_arm_ws/install/my_arm_sim/share/my_arm_sim/package.xml
/home/user/robot_arm_ws/install/my_arm_sim/share/my_arm_sim/launch/code_run.launch.py
/home/user/robot_arm_ws/install/my_arm_sim/share/my_arm_sim/models
/home/user/robot_arm_ws/install/my_arm_sim/share/my_arm_sim/urdf
/home/user/robot_arm_ws/install/my_arm_sim/lib/python3.12/site-packages/my_arm_sim-0.0.1-py3.12.egg-info/entry_points.txt
/home/user/robot_arm_ws/install/my_arm_sim/lib/python3.12/site-packages/my_arm_sim-0.0.1-py3.12.egg-info/SOURCES.txt
/home/user/robot_arm_ws/install/my_arm_sim/lib/python3.12/site-packages/my_arm_sim-0.0.1-py3.12.egg-info/top_level.txt
/home/user/robot_arm_ws/install/my_arm_sim/lib/python3.12/site-packages/my_arm_sim-0.0.1-py3.12.egg-info/zip-safe
/home/user/robot_arm_ws/install/my_arm_sim/lib/python3.12/site-packages/my_arm_sim-0.0.1-py3.12.egg-info/dependency_links.txt
/home/user/robot_arm_ws/install/my_arm_sim/lib/python3.12/site-packages/my_arm_sim-0.0.1-py3.12.egg-info/requires.txt
/home/user/robot_arm_ws/install/my_arm_sim/lib/python3.12/site-packages/my_arm_sim-0.0.1-py3.12.egg-info/PKG-INFO
/home/user/robot_arm_ws/install/my_arm_sim/lib/my_arm_sim/joint_array_splitter
/home/user/robot_arm_ws/install/my_arm_sim/lib/my_arm_sim/square_ik_node
