-- Install configuration: ""
-- Up-to-date: /home/user/robot_arm_ws/install/robot_arm/share/robot_arm/meshes
-- Up-to-date: /home/user/robot_arm_ws/install/robot_arm/share/robot_arm/meshes/link_4.stl
-- Up-to-date: /home/user/robot_arm_ws/install/robot_arm/share/robot_arm/meshes/link_2.stl
-- Up-to-date: /home/user/robot_arm_ws/install/robot_arm/share/robot_arm/meshes/link_1.stl
-- Up-to-date: /home/user/robot_arm_ws/install/robot_arm/share/robot_arm/meshes/Link_3.stl
-- Up-to-date: /home/user/robot_arm_ws/install/robot_arm/share/robot_arm/meshes/base_2.stl
-- Up-to-date: /home/user/robot_arm_ws/install/robot_arm/share/robot_arm/meshes/base_link.stl
-- Up-to-date: /home/user/robot_arm_ws/install/robot_arm/share/robot_arm/urdf
-- Up-to-date: /home/user/robot_arm_ws/install/robot_arm/share/robot_arm/urdf/Robot_arm.urdf
-- Up-to-date: /home/user/robot_arm_ws/install/robot_arm/share/robot_arm/urdf/Robot_arm.urdf.xacro
-- Up-to-date: /home/user/robot_arm_ws/install/robot_arm/share/robot_arm/urdf/Robot_arm.csv
-- Up-to-date: /home/user/robot_arm_ws/install/robot_arm/share/robot_arm/launch
-- Up-to-date: /home/user/robot_arm_ws/install/robot_arm/share/robot_arm/launch/sim_control.launch.py
-- Up-to-date: /home/user/robot_arm_ws/install/robot_arm/share/robot_arm/launch/robot_spawner.launch.py
-- Up-to-date: /home/user/robot_arm_ws/install/robot_arm/share/robot_arm/urdf
-- Up-to-date: /home/user/robot_arm_ws/install/robot_arm/share/robot_arm/urdf/Robot_arm.urdf
-- Up-to-date: /home/user/robot_arm_ws/install/robot_arm/share/robot_arm/urdf/Robot_arm.urdf.xacro
-- Up-to-date: /home/user/robot_arm_ws/install/robot_arm/share/robot_arm/urdf/Robot_arm.csv
-- Up-to-date: /home/user/robot_arm_ws/install/robot_arm/share/robot_arm/models
-- Up-to-date: /home/user/robot_arm_ws/install/robot_arm/share/robot_arm/models/Robot_arm.sdf
-- Up-to-date: /home/user/robot_arm_ws/install/robot_arm/share/ament_index/resource_index/package_run_dependencies/robot_arm
-- Up-to-date: /home/user/robot_arm_ws/install/robot_arm/share/ament_index/resource_index/parent_prefix_path/robot_arm
-- Up-to-date: /home/user/robot_arm_ws/install/robot_arm/share/robot_arm/environment/ament_prefix_path.sh
-- Up-to-date: /home/user/robot_arm_ws/install/robot_arm/share/robot_arm/environment/ament_prefix_path.dsv
-- Up-to-date: /home/user/robot_arm_ws/install/robot_arm/share/robot_arm/environment/path.sh
-- Up-to-date: /home/user/robot_arm_ws/install/robot_arm/share/robot_arm/environment/path.dsv
-- Up-to-date: /home/user/robot_arm_ws/install/robot_arm/share/robot_arm/local_setup.bash
-- Up-to-date: /home/user/robot_arm_ws/install/robot_arm/share/robot_arm/local_setup.sh
-- Up-to-date: /home/user/robot_arm_ws/install/robot_arm/share/robot_arm/local_setup.zsh
-- Up-to-date: /home/user/robot_arm_ws/install/robot_arm/share/robot_arm/local_setup.dsv
-- Installing: /home/user/robot_arm_ws/install/robot_arm/share/robot_arm/package.dsv
-- Up-to-date: /home/user/robot_arm_ws/install/robot_arm/share/ament_index/resource_index/packages/robot_arm
-- Up-to-date: /home/user/robot_arm_ws/install/robot_arm/share/robot_arm/cmake/robot_armConfig.cmake
-- Up-to-date: /home/user/robot_arm_ws/install/robot_arm/share/robot_arm/cmake/robot_armConfig-version.cmake
-- Up-to-date: /home/user/robot_arm_ws/install/robot_arm/share/robot_arm/package.xml
