-- Found ament_cmake: 2.5.4 (/opt/ros/jazzy/share/ament_cmake/cmake)
-- Found rclcpp: 28.1.9 (/opt/ros/jazzy/share/rclcpp/cmake)
-- Found rosidl_generator_c: 4.6.5 (/opt/ros/jazzy/share/rosidl_generator_c/cmake)
-- Found rosidl_generator_cpp: 4.6.5 (/opt/ros/jazzy/share/rosidl_generator_cpp/cmake)
-- Using all available rosidl_typesupport_c: rosidl_typesupport_fastrtps_c;rosidl_typesupport_introspection_c
-- Using all available rosidl_typesupport_cpp: rosidl_typesupport_fastrtps_cpp;rosidl_typesupport_introspection_cpp
-- Found rmw_implementation_cmake: 7.3.2 (/opt/ros/jazzy/share/rmw_implementation_cmake/cmake)
-- Found rmw_fastrtps_cpp: 8.4.2 (/opt/ros/jazzy/share/rmw_fastrtps_cpp/cmake)
-- Using RMW implementation 'rmw_fastrtps_cpp' as default
-- Found rclpy: 7.1.4 (/opt/ros/jazzy/share/rclpy/cmake)
-- Found sensor_msgs: 5.3.6 (/opt/ros/jazzy/share/sensor_msgs/cmake)
-- Found ament_lint_auto: 0.17.2 (/opt/ros/jazzy/share/ament_lint_auto/cmake)
-- Configuring done (0.5s)
-- Generating done (0.0s)
-- Build files have been written to: /home/user/robot_arm_ws/build/robot_arm
Built target ament_cmake_python_copy_robot_arm
running egg_info
writing robot_arm.egg-info/PKG-INFO
writing dependency_links to robot_arm.egg-info/dependency_links.txt
writing top-level names to robot_arm.egg-info/top_level.txt
reading manifest file 'robot_arm.egg-info/SOURCES.txt'
writing manifest file 'robot_arm.egg-info/SOURCES.txt'
Built target ament_cmake_python_build_robot_arm_egg
-- Install configuration: ""
-- Up-to-date: /home/user/robot_arm_ws/install/robot_arm/share/robot_arm/launch
-- Up-to-date: /home/user/robot_arm_ws/install/robot_arm/share/robot_arm/launch/sim_control.launch.py
-- Up-to-date: /home/user/robot_arm_ws/install/robot_arm/share/robot_arm/urdf
-- Up-to-date: /home/user/robot_arm_ws/install/robot_arm/share/robot_arm/urdf/Robot_arm.urdf
-- Up-to-date: /home/user/robot_arm_ws/install/robot_arm/share/robot_arm/urdf/Robot_arm.urdf.xacro
-- Up-to-date: /home/user/robot_arm_ws/install/robot_arm/share/robot_arm/urdf/Robot_arm.csv
-- Up-to-date: /home/user/robot_arm_ws/install/robot_arm/share/robot_arm/config
-- Up-to-date: /home/user/robot_arm_ws/install/robot_arm/share/robot_arm/config/bridge.yaml
-- Up-to-date: /home/user/robot_arm_ws/install/robot_arm/share/robot_arm/config/trajectory_controllers.yaml
-- Up-to-date: /home/user/robot_arm_ws/install/robot_arm/share/robot_arm/config/controllers.yaml
-- Up-to-date: /home/user/robot_arm_ws/install/robot_arm/share/robot_arm/meshes
-- Up-to-date: /home/user/robot_arm_ws/install/robot_arm/share/robot_arm/meshes/link_4.stl
-- Up-to-date: /home/user/robot_arm_ws/install/robot_arm/share/robot_arm/meshes/link_2.stl
-- Up-to-date: /home/user/robot_arm_ws/install/robot_arm/share/robot_arm/meshes/link_1.stl
-- Up-to-date: /home/user/robot_arm_ws/install/robot_arm/share/robot_arm/meshes/Link_3.stl
-- Up-to-date: /home/user/robot_arm_ws/install/robot_arm/share/robot_arm/meshes/base_2.stl
-- Up-to-date: /home/user/robot_arm_ws/install/robot_arm/share/robot_arm/meshes/base_link.stl
-- Up-to-date: /home/user/robot_arm_ws/install/robot_arm/share/robot_arm/models
-- Up-to-date: /home/user/robot_arm_ws/install/robot_arm/share/robot_arm/models/Robot_arm.sdf
-- Up-to-date: /home/user/robot_arm_ws/install/robot_arm/share/robot_arm/worlds
-- Up-to-date: /home/user/robot_arm_ws/install/robot_arm/share/robot_arm/worlds/world_demo.sdf
-- Installing: /home/user/robot_arm_ws/install/robot_arm/share/robot_arm/robot_arm
-- Installing: /home/user/robot_arm_ws/install/robot_arm/share/robot_arm/robot_arm/square_ik_node.py
-- Installing: /home/user/robot_arm_ws/install/robot_arm/share/robot_arm/robot_arm/joint_array_splitter.py
-- Installing: /home/user/robot_arm_ws/install/robot_arm/share/robot_arm/robot_arm/__init__.py
-- Installing: /home/user/robot_arm_ws/install/robot_arm/share/robot_arm/environment/pythonpath.sh
-- Installing: /home/user/robot_arm_ws/install/robot_arm/share/robot_arm/environment/pythonpath.dsv
-- Installing: /home/user/robot_arm_ws/install/robot_arm/lib/python3.12/site-packages/robot_arm-0.0.0-py3.12.egg-info
-- Installing: /home/user/robot_arm_ws/install/robot_arm/lib/python3.12/site-packages/robot_arm-0.0.0-py3.12.egg-info/SOURCES.txt
-- Installing: /home/user/robot_arm_ws/install/robot_arm/lib/python3.12/site-packages/robot_arm-0.0.0-py3.12.egg-info/top_level.txt
-- Installing: /home/user/robot_arm_ws/install/robot_arm/lib/python3.12/site-packages/robot_arm-0.0.0-py3.12.egg-info/dependency_links.txt
-- Installing: /home/user/robot_arm_ws/install/robot_arm/lib/python3.12/site-packages/robot_arm-0.0.0-py3.12.egg-info/PKG-INFO
-- Installing: /home/user/robot_arm_ws/install/robot_arm/lib/python3.12/site-packages/robot_arm
-- Installing: /home/user/robot_arm_ws/install/robot_arm/lib/python3.12/site-packages/robot_arm/square_ik_node.py
-- Installing: /home/user/robot_arm_ws/install/robot_arm/lib/python3.12/site-packages/robot_arm/joint_array_splitter.py
-- Installing: /home/user/robot_arm_ws/install/robot_arm/lib/python3.12/site-packages/robot_arm/__init__.py
Listing '/home/user/robot_arm_ws/install/robot_arm/lib/python3.12/site-packages/robot_arm'...
Compiling '/home/user/robot_arm_ws/install/robot_arm/lib/python3.12/site-packages/robot_arm/__init__.py'...
Compiling '/home/user/robot_arm_ws/install/robot_arm/lib/python3.12/site-packages/robot_arm/joint_array_splitter.py'...
Compiling '/home/user/robot_arm_ws/install/robot_arm/lib/python3.12/site-packages/robot_arm/square_ik_node.py'...
-- Installing: /home/user/robot_arm_ws/install/robot_arm/share/ament_index/resource_index/package_run_dependencies/robot_arm
-- Up-to-date: /home/user/robot_arm_ws/install/robot_arm/share/ament_index/resource_index/parent_prefix_path/robot_arm
-- Up-to-date: /home/user/robot_arm_ws/install/robot_arm/share/robot_arm/environment/ament_prefix_path.sh
-- Up-to-date: /home/user/robot_arm_ws/install/robot_arm/share/robot_arm/environment/ament_prefix_path.dsv
-- Up-to-date: /home/user/robot_arm_ws/install/robot_arm/share/robot_arm/environment/path.sh
-- Up-to-date: /home/user/robot_arm_ws/install/robot_arm/share/robot_arm/environment/path.dsv
-- Up-to-date: /home/user/robot_arm_ws/install/robot_arm/share/robot_arm/local_setup.bash
-- Installing: /home/user/robot_arm_ws/install/robot_arm/share/robot_arm/local_setup.sh
-- Up-to-date: /home/user/robot_arm_ws/install/robot_arm/share/robot_arm/local_setup.zsh
-- Installing: /home/user/robot_arm_ws/install/robot_arm/share/robot_arm/local_setup.dsv
-- Installing: /home/user/robot_arm_ws/install/robot_arm/share/robot_arm/package.dsv
-- Up-to-date: /home/user/robot_arm_ws/install/robot_arm/share/ament_index/resource_index/packages/robot_arm
-- Up-to-date: /home/user/robot_arm_ws/install/robot_arm/share/robot_arm/cmake/robot_armConfig.cmake
-- Up-to-date: /home/user/robot_arm_ws/install/robot_arm/share/robot_arm/cmake/robot_armConfig-version.cmake
-- Installing: /home/user/robot_arm_ws/install/robot_arm/share/robot_arm/package.xml
