[0.012s] Invoking command in '/home/user/robot_arm_ws/build/robot_arm': CMAKE_PREFIX_PATH=${CMAKE_PREFIX_PATH}:/home/user/robot_arm_ws/install/my_arm_sim:/home/user/ws_moveit/install/moveit_configs_utils:/home/user/ros2_ws/install/my_robot_controller:/opt/ros/jazzy DEBUGINFOD_URLS=https://debuginfod.ubuntu.com /usr/bin/cmake --build /home/user/robot_arm_ws/build/robot_arm -- -j16 -l16
[0.035s] -- Found ament_cmake: 2.5.4 (/opt/ros/jazzy/share/ament_cmake/cmake)
[0.184s] -- Found rclcpp: 28.1.9 (/opt/ros/jazzy/share/rclcpp/cmake)
[0.203s] -- Found rosidl_generator_c: 4.6.5 (/opt/ros/jazzy/share/rosidl_generator_c/cmake)
[0.209s] -- Found rosidl_generator_cpp: 4.6.5 (/opt/ros/jazzy/share/rosidl_generator_cpp/cmake)
[0.219s] -- Using all available rosidl_typesupport_c: rosidl_typesupport_fastrtps_c;rosidl_typesupport_introspection_c
[0.230s] -- Using all available rosidl_typesupport_cpp: rosidl_typesupport_fastrtps_cpp;rosidl_typesupport_introspection_cpp
[0.272s] -- Found rmw_implementation_cmake: 7.3.2 (/opt/ros/jazzy/share/rmw_implementation_cmake/cmake)
[0.275s] -- Found rmw_fastrtps_cpp: 8.4.2 (/opt/ros/jazzy/share/rmw_fastrtps_cpp/cmake)
[0.324s] -- Using RMW implementation 'rmw_fastrtps_cpp' as default
[0.367s] -- Found rclpy: 7.1.4 (/opt/ros/jazzy/share/rclpy/cmake)
[0.367s] -- Found sensor_msgs: 5.3.6 (/opt/ros/jazzy/share/sensor_msgs/cmake)
[0.404s] -- Found ament_lint_auto: 0.17.2 (/opt/ros/jazzy/share/ament_lint_auto/cmake)
[0.526s] -- Configuring done (0.5s)
[0.529s] -- Generating done (0.0s)
[0.530s] -- Build files have been written to: /home/user/robot_arm_ws/build/robot_arm
[0.585s] Built target ament_cmake_python_copy_robot_arm
[0.773s] running egg_info
[0.792s] writing robot_arm.egg-info/PKG-INFO
[0.792s] writing dependency_links to robot_arm.egg-info/dependency_links.txt
[0.792s] writing top-level names to robot_arm.egg-info/top_level.txt
[0.848s] reading manifest file 'robot_arm.egg-info/SOURCES.txt'
[0.848s] writing manifest file 'robot_arm.egg-info/SOURCES.txt'
[0.868s] Built target ament_cmake_python_build_robot_arm_egg
[0.878s] Invoked command in '/home/user/robot_arm_ws/build/robot_arm' returned '0': CMAKE_PREFIX_PATH=${CMAKE_PREFIX_PATH}:/home/user/robot_arm_ws/install/my_arm_sim:/home/user/ws_moveit/install/moveit_configs_utils:/home/user/ros2_ws/install/my_robot_controller:/opt/ros/jazzy DEBUGINFOD_URLS=https://debuginfod.ubuntu.com /usr/bin/cmake --build /home/user/robot_arm_ws/build/robot_arm -- -j16 -l16
[0.885s] Invoking command in '/home/user/robot_arm_ws/build/robot_arm': CMAKE_PREFIX_PATH=${CMAKE_PREFIX_PATH}:/home/user/robot_arm_ws/install/my_arm_sim:/home/user/ws_moveit/install/moveit_configs_utils:/home/user/ros2_ws/install/my_robot_controller:/opt/ros/jazzy DEBUGINFOD_URLS=https://debuginfod.ubuntu.com /usr/bin/cmake --install /home/user/robot_arm_ws/build/robot_arm
[0.892s] -- Install configuration: ""
[0.893s] -- Up-to-date: /home/user/robot_arm_ws/install/robot_arm/share/robot_arm/launch
[0.893s] -- Up-to-date: /home/user/robot_arm_ws/install/robot_arm/share/robot_arm/launch/sim_control.launch.py
[0.893s] -- Up-to-date: /home/user/robot_arm_ws/install/robot_arm/share/robot_arm/urdf
[0.893s] -- Up-to-date: /home/user/robot_arm_ws/install/robot_arm/share/robot_arm/urdf/Robot_arm.urdf
[0.893s] -- Up-to-date: /home/user/robot_arm_ws/install/robot_arm/share/robot_arm/urdf/Robot_arm.urdf.xacro
[0.893s] -- Up-to-date: /home/user/robot_arm_ws/install/robot_arm/share/robot_arm/urdf/Robot_arm.csv
[0.893s] -- Up-to-date: /home/user/robot_arm_ws/install/robot_arm/share/robot_arm/config
[0.893s] -- Up-to-date: /home/user/robot_arm_ws/install/robot_arm/share/robot_arm/config/bridge.yaml
[0.893s] -- Up-to-date: /home/user/robot_arm_ws/install/robot_arm/share/robot_arm/config/trajectory_controllers.yaml
[0.893s] -- Up-to-date: /home/user/robot_arm_ws/install/robot_arm/share/robot_arm/config/controllers.yaml
[0.893s] -- Up-to-date: /home/user/robot_arm_ws/install/robot_arm/share/robot_arm/meshes
[0.893s] -- Up-to-date: /home/user/robot_arm_ws/install/robot_arm/share/robot_arm/meshes/link_4.stl
[0.893s] -- Up-to-date: /home/user/robot_arm_ws/install/robot_arm/share/robot_arm/meshes/link_2.stl
[0.894s] -- Up-to-date: /home/user/robot_arm_ws/install/robot_arm/share/robot_arm/meshes/link_1.stl
[0.894s] -- Up-to-date: /home/user/robot_arm_ws/install/robot_arm/share/robot_arm/meshes/Link_3.stl
[0.894s] -- Up-to-date: /home/user/robot_arm_ws/install/robot_arm/share/robot_arm/meshes/base_2.stl
[0.894s] -- Up-to-date: /home/user/robot_arm_ws/install/robot_arm/share/robot_arm/meshes/base_link.stl
[0.894s] -- Up-to-date: /home/user/robot_arm_ws/install/robot_arm/share/robot_arm/models
[0.894s] -- Up-to-date: /home/user/robot_arm_ws/install/robot_arm/share/robot_arm/models/Robot_arm.sdf
[0.894s] -- Up-to-date: /home/user/robot_arm_ws/install/robot_arm/share/robot_arm/worlds
[0.894s] -- Up-to-date: /home/user/robot_arm_ws/install/robot_arm/share/robot_arm/worlds/world_demo.sdf
[0.894s] -- Installing: /home/user/robot_arm_ws/install/robot_arm/share/robot_arm/robot_arm
[0.894s] -- Installing: /home/user/robot_arm_ws/install/robot_arm/share/robot_arm/robot_arm/square_ik_node.py
[0.894s] -- Installing: /home/user/robot_arm_ws/install/robot_arm/share/robot_arm/robot_arm/joint_array_splitter.py
[0.894s] -- Installing: /home/user/robot_arm_ws/install/robot_arm/share/robot_arm/robot_arm/__init__.py
[0.894s] -- Installing: /home/user/robot_arm_ws/install/robot_arm/share/robot_arm/environment/pythonpath.sh
[0.894s] -- Installing: /home/user/robot_arm_ws/install/robot_arm/share/robot_arm/environment/pythonpath.dsv
[0.894s] -- Installing: /home/user/robot_arm_ws/install/robot_arm/lib/python3.12/site-packages/robot_arm-0.0.0-py3.12.egg-info
[0.895s] -- Installing: /home/user/robot_arm_ws/install/robot_arm/lib/python3.12/site-packages/robot_arm-0.0.0-py3.12.egg-info/SOURCES.txt
[0.895s] -- Installing: /home/user/robot_arm_ws/install/robot_arm/lib/python3.12/site-packages/robot_arm-0.0.0-py3.12.egg-info/top_level.txt
[0.895s] -- Installing: /home/user/robot_arm_ws/install/robot_arm/lib/python3.12/site-packages/robot_arm-0.0.0-py3.12.egg-info/dependency_links.txt
[0.895s] -- Installing: /home/user/robot_arm_ws/install/robot_arm/lib/python3.12/site-packages/robot_arm-0.0.0-py3.12.egg-info/PKG-INFO
[0.895s] -- Installing: /home/user/robot_arm_ws/install/robot_arm/lib/python3.12/site-packages/robot_arm
[0.895s] -- Installing: /home/user/robot_arm_ws/install/robot_arm/lib/python3.12/site-packages/robot_arm/square_ik_node.py
[0.895s] -- Installing: /home/user/robot_arm_ws/install/robot_arm/lib/python3.12/site-packages/robot_arm/joint_array_splitter.py
[0.895s] -- Installing: /home/user/robot_arm_ws/install/robot_arm/lib/python3.12/site-packages/robot_arm/__init__.py
[0.923s] Listing '/home/user/robot_arm_ws/install/robot_arm/lib/python3.12/site-packages/robot_arm'...
[0.923s] Compiling '/home/user/robot_arm_ws/install/robot_arm/lib/python3.12/site-packages/robot_arm/__init__.py'...
[0.923s] Compiling '/home/user/robot_arm_ws/install/robot_arm/lib/python3.12/site-packages/robot_arm/joint_array_splitter.py'...
[0.923s] Compiling '/home/user/robot_arm_ws/install/robot_arm/lib/python3.12/site-packages/robot_arm/square_ik_node.py'...
[0.926s] -- Installing: /home/user/robot_arm_ws/install/robot_arm/share/ament_index/resource_index/package_run_dependencies/robot_arm
[0.926s] -- Up-to-date: /home/user/robot_arm_ws/install/robot_arm/share/ament_index/resource_index/parent_prefix_path/robot_arm
[0.926s] -- Up-to-date: /home/user/robot_arm_ws/install/robot_arm/share/robot_arm/environment/ament_prefix_path.sh
[0.926s] -- Up-to-date: /home/user/robot_arm_ws/install/robot_arm/share/robot_arm/environment/ament_prefix_path.dsv
[0.926s] -- Up-to-date: /home/user/robot_arm_ws/install/robot_arm/share/robot_arm/environment/path.sh
[0.926s] -- Up-to-date: /home/user/robot_arm_ws/install/robot_arm/share/robot_arm/environment/path.dsv
[0.926s] -- Up-to-date: /home/user/robot_arm_ws/install/robot_arm/share/robot_arm/local_setup.bash
[0.926s] -- Installing: /home/user/robot_arm_ws/install/robot_arm/share/robot_arm/local_setup.sh
[0.927s] -- Up-to-date: /home/user/robot_arm_ws/install/robot_arm/share/robot_arm/local_setup.zsh
[0.927s] -- Installing: /home/user/robot_arm_ws/install/robot_arm/share/robot_arm/local_setup.dsv
[0.927s] -- Installing: /home/user/robot_arm_ws/install/robot_arm/share/robot_arm/package.dsv
[0.927s] -- Up-to-date: /home/user/robot_arm_ws/install/robot_arm/share/ament_index/resource_index/packages/robot_arm
[0.927s] -- Up-to-date: /home/user/robot_arm_ws/install/robot_arm/share/robot_arm/cmake/robot_armConfig.cmake
[0.927s] -- Up-to-date: /home/user/robot_arm_ws/install/robot_arm/share/robot_arm/cmake/robot_armConfig-version.cmake
[0.927s] -- Installing: /home/user/robot_arm_ws/install/robot_arm/share/robot_arm/package.xml
[0.928s] Invoked command in '/home/user/robot_arm_ws/build/robot_arm' returned '0': CMAKE_PREFIX_PATH=${CMAKE_PREFIX_PATH}:/home/user/robot_arm_ws/install/my_arm_sim:/home/user/ws_moveit/install/moveit_configs_utils:/home/user/ros2_ws/install/my_robot_controller:/opt/ros/jazzy DEBUGINFOD_URLS=https://debuginfod.ubuntu.com /usr/bin/cmake --install /home/user/robot_arm_ws/build/robot_arm
