[0.770s] Invoking command in '/home/user/robot_arm_ws/src/my_arm_sim': DEBUGINFOD_URLS=https://debuginfod.ubuntu.com PYTHONPATH=/home/user/robot_arm_ws/build/my_arm_sim/prefix_override:/usr/lib/python3/dist-packages/colcon_core/task/python/colcon_distutils_commands:/home/user/robot_arm_ws/install/my_arm_sim/lib/python3.12/site-packages:${PYTHONPATH} /usr/bin/python3 -W ignore:setup.py install is deprecated -W ignore:easy_install command is deprecated setup.py egg_info --egg-base ../../build/my_arm_sim build --build-base /home/user/robot_arm_ws/build/my_arm_sim/build install --record /home/user/robot_arm_ws/build/my_arm_sim/install.log --single-version-externally-managed install_data
[1.013s] running egg_info
[1.033s] writing ../../build/my_arm_sim/my_arm_sim.egg-info/PKG-INFO
[1.033s] writing dependency_links to ../../build/my_arm_sim/my_arm_sim.egg-info/dependency_links.txt
[1.033s] writing entry points to ../../build/my_arm_sim/my_arm_sim.egg-info/entry_points.txt
[1.033s] writing requirements to ../../build/my_arm_sim/my_arm_sim.egg-info/requires.txt
[1.033s] writing top-level names to ../../build/my_arm_sim/my_arm_sim.egg-info/top_level.txt
[1.077s] reading manifest file '../../build/my_arm_sim/my_arm_sim.egg-info/SOURCES.txt'
[1.077s] writing manifest file '../../build/my_arm_sim/my_arm_sim.egg-info/SOURCES.txt'
[1.077s] running build
[1.077s] running build_py
[1.077s] copying my_arm_sim/square_ik_node.py -> /home/user/robot_arm_ws/build/my_arm_sim/build/lib/my_arm_sim
[1.078s] running install
[1.082s] running install_lib
[1.106s] copying /home/user/robot_arm_ws/build/my_arm_sim/build/lib/my_arm_sim/square_ik_node.py -> /home/user/robot_arm_ws/install/my_arm_sim/lib/python3.12/site-packages/my_arm_sim
[1.107s] byte-compiling /home/user/robot_arm_ws/install/my_arm_sim/lib/python3.12/site-packages/my_arm_sim/square_ik_node.py to square_ik_node.cpython-312.pyc
[1.109s] running install_data
[1.109s] running install_egg_info
[1.132s] removing '/home/user/robot_arm_ws/install/my_arm_sim/lib/python3.12/site-packages/my_arm_sim-0.0.1-py3.12.egg-info' (and everything under it)
[1.132s] Copying ../../build/my_arm_sim/my_arm_sim.egg-info to /home/user/robot_arm_ws/install/my_arm_sim/lib/python3.12/site-packages/my_arm_sim-0.0.1-py3.12.egg-info
[1.132s] running install_scripts
[1.263s] Installing joint_array_splitter script to /home/user/robot_arm_ws/install/my_arm_sim/lib/my_arm_sim
[1.264s] Installing square_ik_node script to /home/user/robot_arm_ws/install/my_arm_sim/lib/my_arm_sim
[1.264s] writing list of installed files to '/home/user/robot_arm_ws/build/my_arm_sim/install.log'
[1.284s] Invoked command in '/home/user/robot_arm_ws/src/my_arm_sim' returned '0': DEBUGINFOD_URLS=https://debuginfod.ubuntu.com PYTHONPATH=/home/user/robot_arm_ws/build/my_arm_sim/prefix_override:/usr/lib/python3/dist-packages/colcon_core/task/python/colcon_distutils_commands:/home/user/robot_arm_ws/install/my_arm_sim/lib/python3.12/site-packages:${PYTHONPATH} /usr/bin/python3 -W ignore:setup.py install is deprecated -W ignore:easy_install command is deprecated setup.py egg_info --egg-base ../../build/my_arm_sim build --build-base /home/user/robot_arm_ws/build/my_arm_sim/build install --record /home/user/robot_arm_ws/build/my_arm_sim/install.log --single-version-externally-managed install_data
