[0.264s] DEBUG:colcon:Command line arguments: ['/usr/bin/colcon', 'build']
[0.265s] DEBUG:colcon:Parsed command line arguments: Namespace(log_base=None, log_level=None, verb_name='build', build_base='build', install_base='install', merge_install=False, symlink_install=False, test_result_base=None, continue_on_error=False, executor='parallel', parallel_workers=16, event_handlers=None, ignore_user_meta=False, metas=['./colcon.meta'], base_paths=['.'], packages_ignore=None, packages_ignore_regex=None, paths=None, packages_up_to=None, packages_up_to_regex=None, packages_above=None, packages_above_and_dependencies=None, packages_above_depth=None, packages_select_by_dep=None, packages_skip_by_dep=None, packages_skip_up_to=None, packages_select_build_failed=False, packages_skip_build_finished=False, packages_select_test_failures=False, packages_skip_test_passed=False, packages_select=None, packages_skip=None, packages_select_regex=None, packages_skip_regex=None, packages_start=None, packages_end=None, allow_overriding=[], cmake_args=None, cmake_target=None, cmake_target_skip_unavailable=False, cmake_clean_cache=False, cmake_clean_first=False, cmake_force_configure=False, ament_cmake_args=None, catkin_cmake_args=None, catkin_skip_building_tests=False, mixin_files=None, mixin=None, verb_parser=<colcon_mixin.mixin.mixin_argument.MixinArgumentDecorator object at 0x7b8986dd2fc0>, verb_extension=<colcon_core.verb.build.BuildVerb object at 0x7b8986dd2c60>, main=<bound method BuildVerb.main of <colcon_core.verb.build.BuildVerb object at 0x7b8986dd2c60>>, mixin_verb=('build',))
[0.345s] Level 1:colcon.colcon_core.package_discovery:discover_packages(colcon_meta) check parameters
[0.345s] Level 1:colcon.colcon_core.package_discovery:discover_packages(recursive) check parameters
[0.345s] Level 1:colcon.colcon_core.package_discovery:discover_packages(ignore) check parameters
[0.345s] Level 1:colcon.colcon_core.package_discovery:discover_packages(path) check parameters
[0.345s] Level 1:colcon.colcon_core.package_discovery:discover_packages(colcon_meta) discover
[0.345s] Level 1:colcon.colcon_core.package_discovery:discover_packages(recursive) discover
[0.345s] INFO:colcon.colcon_core.package_discovery:Crawling recursively for packages in '/home/user/robot_arm_ws'
[0.346s] Level 1:colcon.colcon_core.package_identification:_identify(.) by extensions ['ignore', 'ignore_ament_install']
[0.346s] Level 1:colcon.colcon_core.package_identification:_identify(.) by extension 'ignore'
[0.346s] Level 1:colcon.colcon_core.package_identification:_identify(.) by extension 'ignore_ament_install'
[0.346s] Level 1:colcon.colcon_core.package_identification:_identify(.) by extensions ['colcon_pkg']
[0.347s] Level 1:colcon.colcon_core.package_identification:_identify(.) by extension 'colcon_pkg'
[0.347s] Level 1:colcon.colcon_core.package_identification:_identify(.) by extensions ['colcon_meta']
[0.347s] Level 1:colcon.colcon_core.package_identification:_identify(.) by extension 'colcon_meta'
[0.347s] Level 1:colcon.colcon_core.package_identification:_identify(.) by extensions ['ros']
[0.347s] Level 1:colcon.colcon_core.package_identification:_identify(.) by extension 'ros'
[0.400s] Level 1:colcon.colcon_core.package_identification:_identify(.) by extensions ['cmake', 'python']
[0.400s] Level 1:colcon.colcon_core.package_identification:_identify(.) by extension 'cmake'
[0.400s] Level 1:colcon.colcon_core.package_identification:_identify(.) by extension 'python'
[0.401s] Level 1:colcon.colcon_core.package_identification:_identify(.) by extensions ['python_setup_py']
[0.401s] Level 1:colcon.colcon_core.package_identification:_identify(.) by extension 'python_setup_py'
[0.401s] Level 1:colcon.colcon_core.package_identification:_identify(build) by extensions ['ignore', 'ignore_ament_install']
[0.401s] Level 1:colcon.colcon_core.package_identification:_identify(build) by extension 'ignore'
[0.401s] Level 1:colcon.colcon_core.package_identification:_identify(build) ignored
[0.402s] Level 1:colcon.colcon_core.package_identification:_identify(install) by extensions ['ignore', 'ignore_ament_install']
[0.402s] Level 1:colcon.colcon_core.package_identification:_identify(install) by extension 'ignore'
[0.402s] Level 1:colcon.colcon_core.package_identification:_identify(install) ignored
[0.403s] Level 1:colcon.colcon_core.package_identification:_identify(log) by extensions ['ignore', 'ignore_ament_install']
[0.403s] Level 1:colcon.colcon_core.package_identification:_identify(log) by extension 'ignore'
[0.404s] Level 1:colcon.colcon_core.package_identification:_identify(log) ignored
[0.404s] Level 1:colcon.colcon_core.package_identification:_identify(src) by extensions ['ignore', 'ignore_ament_install']
[0.404s] Level 1:colcon.colcon_core.package_identification:_identify(src) by extension 'ignore'
[0.404s] Level 1:colcon.colcon_core.package_identification:_identify(src) by extension 'ignore_ament_install'
[0.404s] Level 1:colcon.colcon_core.package_identification:_identify(src) by extensions ['colcon_pkg']
[0.404s] Level 1:colcon.colcon_core.package_identification:_identify(src) by extension 'colcon_pkg'
[0.405s] Level 1:colcon.colcon_core.package_identification:_identify(src) by extensions ['colcon_meta']
[0.405s] Level 1:colcon.colcon_core.package_identification:_identify(src) by extension 'colcon_meta'
[0.405s] Level 1:colcon.colcon_core.package_identification:_identify(src) by extensions ['ros']
[0.405s] Level 1:colcon.colcon_core.package_identification:_identify(src) by extension 'ros'
[0.405s] Level 1:colcon.colcon_core.package_identification:_identify(src) by extensions ['cmake', 'python']
[0.405s] Level 1:colcon.colcon_core.package_identification:_identify(src) by extension 'cmake'
[0.405s] Level 1:colcon.colcon_core.package_identification:_identify(src) by extension 'python'
[0.405s] Level 1:colcon.colcon_core.package_identification:_identify(src) by extensions ['python_setup_py']
[0.406s] Level 1:colcon.colcon_core.package_identification:_identify(src) by extension 'python_setup_py'
[0.406s] Level 1:colcon.colcon_core.package_identification:_identify(src/arm_moveit_config) by extensions ['ignore', 'ignore_ament_install']
[0.406s] Level 1:colcon.colcon_core.package_identification:_identify(src/arm_moveit_config) by extension 'ignore'
[0.406s] Level 1:colcon.colcon_core.package_identification:_identify(src/arm_moveit_config) by extension 'ignore_ament_install'
[0.406s] Level 1:colcon.colcon_core.package_identification:_identify(src/arm_moveit_config) by extensions ['colcon_pkg']
[0.407s] Level 1:colcon.colcon_core.package_identification:_identify(src/arm_moveit_config) by extension 'colcon_pkg'
[0.407s] Level 1:colcon.colcon_core.package_identification:_identify(src/arm_moveit_config) by extensions ['colcon_meta']
[0.407s] Level 1:colcon.colcon_core.package_identification:_identify(src/arm_moveit_config) by extension 'colcon_meta'
[0.407s] Level 1:colcon.colcon_core.package_identification:_identify(src/arm_moveit_config) by extensions ['ros']
[0.407s] Level 1:colcon.colcon_core.package_identification:_identify(src/arm_moveit_config) by extension 'ros'
[0.412s] DEBUG:colcon.colcon_core.package_identification:Package 'src/arm_moveit_config' with type 'ros.ament_cmake' and name 'arm_moveit_config'
[0.412s] Level 1:colcon.colcon_core.package_identification:_identify(src/micro_ros_agent) by extensions ['ignore', 'ignore_ament_install']
[0.413s] Level 1:colcon.colcon_core.package_identification:_identify(src/micro_ros_agent) by extension 'ignore'
[0.413s] Level 1:colcon.colcon_core.package_identification:_identify(src/micro_ros_agent) by extension 'ignore_ament_install'
[0.413s] Level 1:colcon.colcon_core.package_identification:_identify(src/micro_ros_agent) by extensions ['colcon_pkg']
[0.413s] Level 1:colcon.colcon_core.package_identification:_identify(src/micro_ros_agent) by extension 'colcon_pkg'
[0.413s] Level 1:colcon.colcon_core.package_identification:_identify(src/micro_ros_agent) by extensions ['colcon_meta']
[0.413s] Level 1:colcon.colcon_core.package_identification:_identify(src/micro_ros_agent) by extension 'colcon_meta'
[0.413s] Level 1:colcon.colcon_core.package_identification:_identify(src/micro_ros_agent) by extensions ['ros']
[0.414s] Level 1:colcon.colcon_core.package_identification:_identify(src/micro_ros_agent) by extension 'ros'
[0.414s] Level 1:colcon.colcon_core.package_identification:_identify(src/micro_ros_agent) by extensions ['cmake', 'python']
[0.414s] Level 1:colcon.colcon_core.package_identification:_identify(src/micro_ros_agent) by extension 'cmake'
[0.414s] Level 1:colcon.colcon_core.package_identification:_identify(src/micro_ros_agent) by extension 'python'
[0.414s] Level 1:colcon.colcon_core.package_identification:_identify(src/micro_ros_agent) by extensions ['python_setup_py']
[0.414s] Level 1:colcon.colcon_core.package_identification:_identify(src/micro_ros_agent) by extension 'python_setup_py'
[0.415s] Level 1:colcon.colcon_core.package_identification:_identify(src/micro_ros_agent/micro_ros_agent) by extensions ['ignore', 'ignore_ament_install']
[0.415s] Level 1:colcon.colcon_core.package_identification:_identify(src/micro_ros_agent/micro_ros_agent) by extension 'ignore'
[0.415s] Level 1:colcon.colcon_core.package_identification:_identify(src/micro_ros_agent/micro_ros_agent) by extension 'ignore_ament_install'
[0.415s] Level 1:colcon.colcon_core.package_identification:_identify(src/micro_ros_agent/micro_ros_agent) by extensions ['colcon_pkg']
[0.415s] Level 1:colcon.colcon_core.package_identification:_identify(src/micro_ros_agent/micro_ros_agent) by extension 'colcon_pkg'
[0.415s] Level 1:colcon.colcon_core.package_identification:_identify(src/micro_ros_agent/micro_ros_agent) by extensions ['colcon_meta']
[0.415s] Level 1:colcon.colcon_core.package_identification:_identify(src/micro_ros_agent/micro_ros_agent) by extension 'colcon_meta'
[0.416s] Level 1:colcon.colcon_core.package_identification:_identify(src/micro_ros_agent/micro_ros_agent) by extensions ['ros']
[0.416s] Level 1:colcon.colcon_core.package_identification:_identify(src/micro_ros_agent/micro_ros_agent) by extension 'ros'
[0.417s] DEBUG:colcon.colcon_core.package_identification:Package 'src/micro_ros_agent/micro_ros_agent' with type 'ros.ament_cmake' and name 'micro_ros_agent'
[0.418s] Level 1:colcon.colcon_core.package_identification:_identify(src/micro_ros_agent/snap) by extensions ['ignore', 'ignore_ament_install']
[0.418s] Level 1:colcon.colcon_core.package_identification:_identify(src/micro_ros_agent/snap) by extension 'ignore'
[0.418s] Level 1:colcon.colcon_core.package_identification:_identify(src/micro_ros_agent/snap) by extension 'ignore_ament_install'
[0.418s] Level 1:colcon.colcon_core.package_identification:_identify(src/micro_ros_agent/snap) by extensions ['colcon_pkg']
[0.418s] Level 1:colcon.colcon_core.package_identification:_identify(src/micro_ros_agent/snap) by extension 'colcon_pkg'
[0.419s] Level 1:colcon.colcon_core.package_identification:_identify(src/micro_ros_agent/snap) by extensions ['colcon_meta']
[0.419s] Level 1:colcon.colcon_core.package_identification:_identify(src/micro_ros_agent/snap) by extension 'colcon_meta'
[0.419s] Level 1:colcon.colcon_core.package_identification:_identify(src/micro_ros_agent/snap) by extensions ['ros']
[0.419s] Level 1:colcon.colcon_core.package_identification:_identify(src/micro_ros_agent/snap) by extension 'ros'
[0.419s] Level 1:colcon.colcon_core.package_identification:_identify(src/micro_ros_agent/snap) by extensions ['cmake', 'python']
[0.419s] Level 1:colcon.colcon_core.package_identification:_identify(src/micro_ros_agent/snap) by extension 'cmake'
[0.419s] Level 1:colcon.colcon_core.package_identification:_identify(src/micro_ros_agent/snap) by extension 'python'
[0.419s] Level 1:colcon.colcon_core.package_identification:_identify(src/micro_ros_agent/snap) by extensions ['python_setup_py']
[0.420s] Level 1:colcon.colcon_core.package_identification:_identify(src/micro_ros_agent/snap) by extension 'python_setup_py'
[0.420s] Level 1:colcon.colcon_core.package_identification:_identify(src/micro_ros_agent/snap/hooks) by extensions ['ignore', 'ignore_ament_install']
[0.420s] Level 1:colcon.colcon_core.package_identification:_identify(src/micro_ros_agent/snap/hooks) by extension 'ignore'
[0.420s] Level 1:colcon.colcon_core.package_identification:_identify(src/micro_ros_agent/snap/hooks) by extension 'ignore_ament_install'
[0.420s] Level 1:colcon.colcon_core.package_identification:_identify(src/micro_ros_agent/snap/hooks) by extensions ['colcon_pkg']
[0.421s] Level 1:colcon.colcon_core.package_identification:_identify(src/micro_ros_agent/snap/hooks) by extension 'colcon_pkg'
[0.421s] Level 1:colcon.colcon_core.package_identification:_identify(src/micro_ros_agent/snap/hooks) by extensions ['colcon_meta']
[0.421s] Level 1:colcon.colcon_core.package_identification:_identify(src/micro_ros_agent/snap/hooks) by extension 'colcon_meta'
[0.421s] Level 1:colcon.colcon_core.package_identification:_identify(src/micro_ros_agent/snap/hooks) by extensions ['ros']
[0.421s] Level 1:colcon.colcon_core.package_identification:_identify(src/micro_ros_agent/snap/hooks) by extension 'ros'
[0.421s] Level 1:colcon.colcon_core.package_identification:_identify(src/micro_ros_agent/snap/hooks) by extensions ['cmake', 'python']
[0.421s] Level 1:colcon.colcon_core.package_identification:_identify(src/micro_ros_agent/snap/hooks) by extension 'cmake'
[0.421s] Level 1:colcon.colcon_core.package_identification:_identify(src/micro_ros_agent/snap/hooks) by extension 'python'
[0.422s] Level 1:colcon.colcon_core.package_identification:_identify(src/micro_ros_agent/snap/hooks) by extensions ['python_setup_py']
[0.422s] Level 1:colcon.colcon_core.package_identification:_identify(src/micro_ros_agent/snap/hooks) by extension 'python_setup_py'
[0.422s] Level 1:colcon.colcon_core.package_identification:_identify(src/micro_ros_agent/snap/local) by extensions ['ignore', 'ignore_ament_install']
[0.422s] Level 1:colcon.colcon_core.package_identification:_identify(src/micro_ros_agent/snap/local) by extension 'ignore'
[0.422s] Level 1:colcon.colcon_core.package_identification:_identify(src/micro_ros_agent/snap/local) by extension 'ignore_ament_install'
[0.423s] Level 1:colcon.colcon_core.package_identification:_identify(src/micro_ros_agent/snap/local) by extensions ['colcon_pkg']
[0.423s] Level 1:colcon.colcon_core.package_identification:_identify(src/micro_ros_agent/snap/local) by extension 'colcon_pkg'
[0.423s] Level 1:colcon.colcon_core.package_identification:_identify(src/micro_ros_agent/snap/local) by extensions ['colcon_meta']
[0.423s] Level 1:colcon.colcon_core.package_identification:_identify(src/micro_ros_agent/snap/local) by extension 'colcon_meta'
[0.423s] Level 1:colcon.colcon_core.package_identification:_identify(src/micro_ros_agent/snap/local) by extensions ['ros']
[0.423s] Level 1:colcon.colcon_core.package_identification:_identify(src/micro_ros_agent/snap/local) by extension 'ros'
[0.423s] Level 1:colcon.colcon_core.package_identification:_identify(src/micro_ros_agent/snap/local) by extensions ['cmake', 'python']
[0.423s] Level 1:colcon.colcon_core.package_identification:_identify(src/micro_ros_agent/snap/local) by extension 'cmake'
[0.423s] Level 1:colcon.colcon_core.package_identification:_identify(src/micro_ros_agent/snap/local) by extension 'python'
[0.424s] Level 1:colcon.colcon_core.package_identification:_identify(src/micro_ros_agent/snap/local) by extensions ['python_setup_py']
[0.424s] Level 1:colcon.colcon_core.package_identification:_identify(src/micro_ros_agent/snap/local) by extension 'python_setup_py'
[0.424s] Level 1:colcon.colcon_core.package_identification:_identify(src/robot_arm) by extensions ['ignore', 'ignore_ament_install']
[0.424s] Level 1:colcon.colcon_core.package_identification:_identify(src/robot_arm) by extension 'ignore'
[0.424s] Level 1:colcon.colcon_core.package_identification:_identify(src/robot_arm) by extension 'ignore_ament_install'
[0.424s] Level 1:colcon.colcon_core.package_identification:_identify(src/robot_arm) by extensions ['colcon_pkg']
[0.425s] Level 1:colcon.colcon_core.package_identification:_identify(src/robot_arm) by extension 'colcon_pkg'
[0.425s] Level 1:colcon.colcon_core.package_identification:_identify(src/robot_arm) by extensions ['colcon_meta']
[0.425s] Level 1:colcon.colcon_core.package_identification:_identify(src/robot_arm) by extension 'colcon_meta'
[0.425s] Level 1:colcon.colcon_core.package_identification:_identify(src/robot_arm) by extensions ['ros']
[0.425s] Level 1:colcon.colcon_core.package_identification:_identify(src/robot_arm) by extension 'ros'
[0.429s] DEBUG:colcon.colcon_core.package_identification:Package 'src/robot_arm' with type 'ros.ament_cmake' and name 'robot_arm'
[0.429s] Level 1:colcon.colcon_core.package_discovery:discover_packages(recursive) using defaults
[0.429s] Level 1:colcon.colcon_core.package_discovery:discover_packages(ignore) discover
[0.429s] Level 1:colcon.colcon_core.package_discovery:discover_packages(ignore) using defaults
[0.429s] Level 1:colcon.colcon_core.package_discovery:discover_packages(path) discover
[0.429s] Level 1:colcon.colcon_core.package_discovery:discover_packages(path) using defaults
[0.470s] Level 1:colcon.colcon_core.package_discovery:discover_packages(prefix_path) check parameters
[0.470s] Level 1:colcon.colcon_core.package_discovery:discover_packages(prefix_path) discover
[0.478s] DEBUG:colcon.colcon_installed_package_information.package_discovery:Found 4 installed packages in /home/user/robot_arm_ws/install
[0.483s] DEBUG:colcon.colcon_installed_package_information.package_discovery:Found 72 installed packages in /home/user/ws_moveit/install
[0.487s] DEBUG:colcon.colcon_installed_package_information.package_discovery:Found 423 installed packages in /opt/ros/jazzy
[0.492s] Level 1:colcon.colcon_core.package_discovery:discover_packages(prefix_path) using defaults
[0.635s] Level 5:colcon.colcon_core.verb:set package 'micro_ros_agent' build argument 'cmake_args' from command line to 'None'
[0.635s] Level 5:colcon.colcon_core.verb:set package 'micro_ros_agent' build argument 'cmake_target' from command line to 'None'
[0.636s] Level 5:colcon.colcon_core.verb:set package 'micro_ros_agent' build argument 'cmake_target_skip_unavailable' from command line to 'False'
[0.636s] Level 5:colcon.colcon_core.verb:set package 'micro_ros_agent' build argument 'cmake_clean_cache' from command line to 'False'
[0.636s] Level 5:colcon.colcon_core.verb:set package 'micro_ros_agent' build argument 'cmake_clean_first' from command line to 'False'
[0.636s] Level 5:colcon.colcon_core.verb:set package 'micro_ros_agent' build argument 'cmake_force_configure' from command line to 'False'
[0.636s] Level 5:colcon.colcon_core.verb:set package 'micro_ros_agent' build argument 'ament_cmake_args' from command line to 'None'
[0.636s] Level 5:colcon.colcon_core.verb:set package 'micro_ros_agent' build argument 'catkin_cmake_args' from command line to 'None'
[0.636s] Level 5:colcon.colcon_core.verb:set package 'micro_ros_agent' build argument 'catkin_skip_building_tests' from command line to 'False'
[0.636s] DEBUG:colcon.colcon_core.verb:Building package 'micro_ros_agent' with the following arguments: {'ament_cmake_args': None, 'build_base': '/home/user/robot_arm_ws/build/micro_ros_agent', 'catkin_cmake_args': None, 'catkin_skip_building_tests': False, 'cmake_args': None, 'cmake_clean_cache': False, 'cmake_clean_first': False, 'cmake_force_configure': False, 'cmake_target': None, 'cmake_target_skip_unavailable': False, 'install_base': '/home/user/robot_arm_ws/install/micro_ros_agent', 'merge_install': False, 'path': '/home/user/robot_arm_ws/src/micro_ros_agent/micro_ros_agent', 'symlink_install': False, 'test_result_base': None}
[0.637s] Level 5:colcon.colcon_core.verb:set package 'robot_arm' build argument 'cmake_args' from command line to 'None'
[0.637s] Level 5:colcon.colcon_core.verb:set package 'robot_arm' build argument 'cmake_target' from command line to 'None'
[0.637s] Level 5:colcon.colcon_core.verb:set package 'robot_arm' build argument 'cmake_target_skip_unavailable' from command line to 'False'
[0.637s] Level 5:colcon.colcon_core.verb:set package 'robot_arm' build argument 'cmake_clean_cache' from command line to 'False'
[0.637s] Level 5:colcon.colcon_core.verb:set package 'robot_arm' build argument 'cmake_clean_first' from command line to 'False'
[0.637s] Level 5:colcon.colcon_core.verb:set package 'robot_arm' build argument 'cmake_force_configure' from command line to 'False'
[0.637s] Level 5:colcon.colcon_core.verb:set package 'robot_arm' build argument 'ament_cmake_args' from command line to 'None'
[0.637s] Level 5:colcon.colcon_core.verb:set package 'robot_arm' build argument 'catkin_cmake_args' from command line to 'None'
[0.637s] Level 5:colcon.colcon_core.verb:set package 'robot_arm' build argument 'catkin_skip_building_tests' from command line to 'False'
[0.638s] DEBUG:colcon.colcon_core.verb:Building package 'robot_arm' with the following arguments: {'ament_cmake_args': None, 'build_base': '/home/user/robot_arm_ws/build/robot_arm', 'catkin_cmake_args': None, 'catkin_skip_building_tests': False, 'cmake_args': None, 'cmake_clean_cache': False, 'cmake_clean_first': False, 'cmake_force_configure': False, 'cmake_target': None, 'cmake_target_skip_unavailable': False, 'install_base': '/home/user/robot_arm_ws/install/robot_arm', 'merge_install': False, 'path': '/home/user/robot_arm_ws/src/robot_arm', 'symlink_install': False, 'test_result_base': None}
[0.638s] Level 5:colcon.colcon_core.verb:set package 'arm_moveit_config' build argument 'cmake_args' from command line to 'None'
[0.638s] Level 5:colcon.colcon_core.verb:set package 'arm_moveit_config' build argument 'cmake_target' from command line to 'None'
[0.638s] Level 5:colcon.colcon_core.verb:set package 'arm_moveit_config' build argument 'cmake_target_skip_unavailable' from command line to 'False'
[0.638s] Level 5:colcon.colcon_core.verb:set package 'arm_moveit_config' build argument 'cmake_clean_cache' from command line to 'False'
[0.639s] Level 5:colcon.colcon_core.verb:set package 'arm_moveit_config' build argument 'cmake_clean_first' from command line to 'False'
[0.639s] Level 5:colcon.colcon_core.verb:set package 'arm_moveit_config' build argument 'cmake_force_configure' from command line to 'False'
[0.639s] Level 5:colcon.colcon_core.verb:set package 'arm_moveit_config' build argument 'ament_cmake_args' from command line to 'None'
[0.639s] Level 5:colcon.colcon_core.verb:set package 'arm_moveit_config' build argument 'catkin_cmake_args' from command line to 'None'
[0.639s] Level 5:colcon.colcon_core.verb:set package 'arm_moveit_config' build argument 'catkin_skip_building_tests' from command line to 'False'
[0.639s] DEBUG:colcon.colcon_core.verb:Building package 'arm_moveit_config' with the following arguments: {'ament_cmake_args': None, 'build_base': '/home/user/robot_arm_ws/build/arm_moveit_config', 'catkin_cmake_args': None, 'catkin_skip_building_tests': False, 'cmake_args': None, 'cmake_clean_cache': False, 'cmake_clean_first': False, 'cmake_force_configure': False, 'cmake_target': None, 'cmake_target_skip_unavailable': False, 'install_base': '/home/user/robot_arm_ws/install/arm_moveit_config', 'merge_install': False, 'path': '/home/user/robot_arm_ws/src/arm_moveit_config', 'symlink_install': False, 'test_result_base': None}
[0.639s] INFO:colcon.colcon_core.executor:Executing jobs using 'parallel' executor
[0.641s] DEBUG:colcon.colcon_parallel_executor.executor.parallel:run_until_complete
[0.642s] INFO:colcon.colcon_ros.task.ament_cmake.build:Building ROS package in '/home/user/robot_arm_ws/src/robot_arm' with build type 'ament_cmake'
[0.642s] INFO:colcon.colcon_cmake.task.cmake.build:Building CMake package in '/home/user/robot_arm_ws/src/robot_arm'
[0.646s] INFO:colcon.colcon_core.plugin_system:Skipping extension 'colcon_core.shell.bat': Not used on non-Windows systems
[0.646s] INFO:colcon.colcon_core.shell:Skip shell extension 'powershell' for command environment: Not usable outside of PowerShell
[0.647s] DEBUG:colcon.colcon_core.shell:Skip shell extension 'dsv' for command environment
[0.663s] INFO:colcon.colcon_ros.task.ament_cmake.build:Building ROS package in '/home/user/robot_arm_ws/src/micro_ros_agent/micro_ros_agent' with build type 'ament_cmake'
[0.663s] INFO:colcon.colcon_cmake.task.cmake.build:Building CMake package in '/home/user/robot_arm_ws/src/micro_ros_agent/micro_ros_agent'
[0.664s] INFO:colcon.colcon_core.shell:Skip shell extension 'powershell' for command environment: Not usable outside of PowerShell
[0.664s] DEBUG:colcon.colcon_core.shell:Skip shell extension 'dsv' for command environment
[0.689s] DEBUG:colcon.colcon_core.event_handler.log_command:Invoking command in '/home/user/robot_arm_ws/build/robot_arm': CMAKE_PREFIX_PATH=${CMAKE_PREFIX_PATH}:/home/user/robot_arm_ws/install/my_arm_sim:/home/user/ws_moveit/install/moveit_configs_utils:/opt/ros/jazzy DEBUGINFOD_URLS=https://debuginfod.ubuntu.com /usr/bin/cmake --build /home/user/robot_arm_ws/build/robot_arm -- -j16 -l16
[0.697s] DEBUG:colcon.colcon_core.event_handler.log_command:Invoking command in '/home/user/robot_arm_ws/build/micro_ros_agent': CMAKE_PREFIX_PATH=${CMAKE_PREFIX_PATH}:/home/user/robot_arm_ws/install/my_arm_sim:/home/user/ws_moveit/install/moveit_configs_utils:/opt/ros/jazzy DEBUGINFOD_URLS=https://debuginfod.ubuntu.com /usr/bin/cmake --build /home/user/robot_arm_ws/build/micro_ros_agent -- -j16 -l16
[0.871s] DEBUG:colcon.colcon_core.event_handler.log_command:Invoked command in '/home/user/robot_arm_ws/build/micro_ros_agent' returned '0': CMAKE_PREFIX_PATH=${CMAKE_PREFIX_PATH}:/home/user/robot_arm_ws/install/my_arm_sim:/home/user/ws_moveit/install/moveit_configs_utils:/opt/ros/jazzy DEBUGINFOD_URLS=https://debuginfod.ubuntu.com /usr/bin/cmake --build /home/user/robot_arm_ws/build/micro_ros_agent -- -j16 -l16
[0.901s] DEBUG:colcon.colcon_core.event_handler.log_command:Invoking command in '/home/user/robot_arm_ws/build/micro_ros_agent': CMAKE_PREFIX_PATH=${CMAKE_PREFIX_PATH}:/home/user/robot_arm_ws/install/my_arm_sim:/home/user/ws_moveit/install/moveit_configs_utils:/opt/ros/jazzy DEBUGINFOD_URLS=https://debuginfod.ubuntu.com /usr/bin/cmake --install /home/user/robot_arm_ws/build/micro_ros_agent
[0.933s] Level 1:colcon.colcon_core.environment:create_environment_scripts_only(micro_ros_agent)
[0.936s] DEBUG:colcon.colcon_core.event_handler.log_command:Invoked command in '/home/user/robot_arm_ws/build/micro_ros_agent' returned '0': CMAKE_PREFIX_PATH=${CMAKE_PREFIX_PATH}:/home/user/robot_arm_ws/install/my_arm_sim:/home/user/ws_moveit/install/moveit_configs_utils:/opt/ros/jazzy DEBUGINFOD_URLS=https://debuginfod.ubuntu.com /usr/bin/cmake --install /home/user/robot_arm_ws/build/micro_ros_agent
[0.941s] Level 1:colcon.colcon_core.environment:checking '/home/user/robot_arm_ws/install/micro_ros_agent' for CMake module files
[0.943s] Level 1:colcon.colcon_core.environment:checking '/home/user/robot_arm_ws/install/micro_ros_agent' for CMake config files
[0.945s] Level 1:colcon.colcon_core.shell:create_environment_hook('micro_ros_agent', 'cmake_prefix_path')
[0.945s] INFO:colcon.colcon_core.shell:Creating environment hook '/home/user/robot_arm_ws/install/micro_ros_agent/share/micro_ros_agent/hook/cmake_prefix_path.ps1'
[0.947s] INFO:colcon.colcon_core.shell:Creating environment descriptor '/home/user/robot_arm_ws/install/micro_ros_agent/share/micro_ros_agent/hook/cmake_prefix_path.dsv'
[0.948s] INFO:colcon.colcon_core.shell:Creating environment hook '/home/user/robot_arm_ws/install/micro_ros_agent/share/micro_ros_agent/hook/cmake_prefix_path.sh'
[0.950s] Level 1:colcon.colcon_core.environment:checking '/home/user/robot_arm_ws/install/micro_ros_agent/lib'
[0.950s] Level 1:colcon.colcon_core.shell:create_environment_hook('micro_ros_agent', 'ld_library_path_lib')
[0.951s] INFO:colcon.colcon_core.shell:Creating environment hook '/home/user/robot_arm_ws/install/micro_ros_agent/share/micro_ros_agent/hook/ld_library_path_lib.ps1'
[0.952s] INFO:colcon.colcon_core.shell:Creating environment descriptor '/home/user/robot_arm_ws/install/micro_ros_agent/share/micro_ros_agent/hook/ld_library_path_lib.dsv'
[0.953s] INFO:colcon.colcon_core.shell:Creating environment hook '/home/user/robot_arm_ws/install/micro_ros_agent/share/micro_ros_agent/hook/ld_library_path_lib.sh'
[0.954s] Level 1:colcon.colcon_core.environment:checking '/home/user/robot_arm_ws/install/micro_ros_agent/bin'
[0.954s] Level 1:colcon.colcon_core.environment:checking '/home/user/robot_arm_ws/install/micro_ros_agent/lib/pkgconfig/micro_ros_agent.pc'
[0.954s] Level 1:colcon.colcon_core.environment:checking '/home/user/robot_arm_ws/install/micro_ros_agent/lib/python3.12/site-packages'
[0.955s] Level 1:colcon.colcon_core.environment:checking '/home/user/robot_arm_ws/install/micro_ros_agent/bin'
[0.956s] INFO:colcon.colcon_core.shell:Creating package script '/home/user/robot_arm_ws/install/micro_ros_agent/share/micro_ros_agent/package.ps1'
[0.957s] INFO:colcon.colcon_core.shell:Creating package descriptor '/home/user/robot_arm_ws/install/micro_ros_agent/share/micro_ros_agent/package.dsv'
[0.959s] INFO:colcon.colcon_core.shell:Creating package script '/home/user/robot_arm_ws/install/micro_ros_agent/share/micro_ros_agent/package.sh'
[0.960s] INFO:colcon.colcon_core.shell:Creating package script '/home/user/robot_arm_ws/install/micro_ros_agent/share/micro_ros_agent/package.bash'
[0.962s] INFO:colcon.colcon_core.shell:Creating package script '/home/user/robot_arm_ws/install/micro_ros_agent/share/micro_ros_agent/package.zsh'
[0.963s] Level 1:colcon.colcon_core.environment:create_file_with_runtime_dependencies(/home/user/robot_arm_ws/install/micro_ros_agent/share/colcon-core/packages/micro_ros_agent)
[0.965s] Level 1:colcon.colcon_core.environment:create_environment_scripts_only(micro_ros_agent)
[0.965s] Level 1:colcon.colcon_core.environment:checking '/home/user/robot_arm_ws/install/micro_ros_agent' for CMake module files
[0.966s] Level 1:colcon.colcon_core.environment:checking '/home/user/robot_arm_ws/install/micro_ros_agent' for CMake config files
[0.968s] Level 1:colcon.colcon_core.shell:create_environment_hook('micro_ros_agent', 'cmake_prefix_path')
[0.969s] INFO:colcon.colcon_core.shell:Creating environment hook '/home/user/robot_arm_ws/install/micro_ros_agent/share/micro_ros_agent/hook/cmake_prefix_path.ps1'
[0.970s] INFO:colcon.colcon_core.shell:Creating environment descriptor '/home/user/robot_arm_ws/install/micro_ros_agent/share/micro_ros_agent/hook/cmake_prefix_path.dsv'
[0.971s] INFO:colcon.colcon_core.shell:Creating environment hook '/home/user/robot_arm_ws/install/micro_ros_agent/share/micro_ros_agent/hook/cmake_prefix_path.sh'
[0.972s] Level 1:colcon.colcon_core.environment:checking '/home/user/robot_arm_ws/install/micro_ros_agent/lib'
[0.972s] Level 1:colcon.colcon_core.shell:create_environment_hook('micro_ros_agent', 'ld_library_path_lib')
[0.973s] INFO:colcon.colcon_core.shell:Creating environment hook '/home/user/robot_arm_ws/install/micro_ros_agent/share/micro_ros_agent/hook/ld_library_path_lib.ps1'
[0.974s] INFO:colcon.colcon_core.shell:Creating environment descriptor '/home/user/robot_arm_ws/install/micro_ros_agent/share/micro_ros_agent/hook/ld_library_path_lib.dsv'
[0.974s] INFO:colcon.colcon_core.shell:Creating environment hook '/home/user/robot_arm_ws/install/micro_ros_agent/share/micro_ros_agent/hook/ld_library_path_lib.sh'
[0.976s] Level 1:colcon.colcon_core.environment:checking '/home/user/robot_arm_ws/install/micro_ros_agent/bin'
[0.976s] Level 1:colcon.colcon_core.environment:checking '/home/user/robot_arm_ws/install/micro_ros_agent/lib/pkgconfig/micro_ros_agent.pc'
[0.977s] Level 1:colcon.colcon_core.environment:checking '/home/user/robot_arm_ws/install/micro_ros_agent/lib/python3.12/site-packages'
[0.977s] Level 1:colcon.colcon_core.environment:checking '/home/user/robot_arm_ws/install/micro_ros_agent/bin'
[0.978s] INFO:colcon.colcon_core.shell:Creating package script '/home/user/robot_arm_ws/install/micro_ros_agent/share/micro_ros_agent/package.ps1'
[0.979s] INFO:colcon.colcon_core.shell:Creating package descriptor '/home/user/robot_arm_ws/install/micro_ros_agent/share/micro_ros_agent/package.dsv'
[0.980s] INFO:colcon.colcon_core.shell:Creating package script '/home/user/robot_arm_ws/install/micro_ros_agent/share/micro_ros_agent/package.sh'
[0.981s] INFO:colcon.colcon_core.shell:Creating package script '/home/user/robot_arm_ws/install/micro_ros_agent/share/micro_ros_agent/package.bash'
[0.982s] INFO:colcon.colcon_core.shell:Creating package script '/home/user/robot_arm_ws/install/micro_ros_agent/share/micro_ros_agent/package.zsh'
[0.983s] Level 1:colcon.colcon_core.environment:create_file_with_runtime_dependencies(/home/user/robot_arm_ws/install/micro_ros_agent/share/colcon-core/packages/micro_ros_agent)
[1.786s] DEBUG:colcon.colcon_core.event_handler.log_command:Invoked command in '/home/user/robot_arm_ws/build/robot_arm' returned '0': CMAKE_PREFIX_PATH=${CMAKE_PREFIX_PATH}:/home/user/robot_arm_ws/install/my_arm_sim:/home/user/ws_moveit/install/moveit_configs_utils:/opt/ros/jazzy DEBUGINFOD_URLS=https://debuginfod.ubuntu.com /usr/bin/cmake --build /home/user/robot_arm_ws/build/robot_arm -- -j16 -l16
[1.789s] DEBUG:colcon.colcon_core.event_handler.log_command:Invoking command in '/home/user/robot_arm_ws/build/robot_arm': CMAKE_PREFIX_PATH=${CMAKE_PREFIX_PATH}:/home/user/robot_arm_ws/install/my_arm_sim:/home/user/ws_moveit/install/moveit_configs_utils:/opt/ros/jazzy DEBUGINFOD_URLS=https://debuginfod.ubuntu.com /usr/bin/cmake --install /home/user/robot_arm_ws/build/robot_arm
[1.913s] Level 1:colcon.colcon_core.environment:create_environment_scripts_only(robot_arm)
[1.914s] Level 1:colcon.colcon_core.environment:checking '/home/user/robot_arm_ws/install/robot_arm' for CMake module files
[1.915s] DEBUG:colcon.colcon_core.event_handler.log_command:Invoked command in '/home/user/robot_arm_ws/build/robot_arm' returned '0': CMAKE_PREFIX_PATH=${CMAKE_PREFIX_PATH}:/home/user/robot_arm_ws/install/my_arm_sim:/home/user/ws_moveit/install/moveit_configs_utils:/opt/ros/jazzy DEBUGINFOD_URLS=https://debuginfod.ubuntu.com /usr/bin/cmake --install /home/user/robot_arm_ws/build/robot_arm
[1.915s] Level 1:colcon.colcon_core.environment:checking '/home/user/robot_arm_ws/install/robot_arm' for CMake config files
[1.916s] Level 1:colcon.colcon_core.shell:create_environment_hook('robot_arm', 'cmake_prefix_path')
[1.916s] INFO:colcon.colcon_core.shell:Creating environment hook '/home/user/robot_arm_ws/install/robot_arm/share/robot_arm/hook/cmake_prefix_path.ps1'
[1.917s] INFO:colcon.colcon_core.shell:Creating environment descriptor '/home/user/robot_arm_ws/install/robot_arm/share/robot_arm/hook/cmake_prefix_path.dsv'
[1.918s] INFO:colcon.colcon_core.shell:Creating environment hook '/home/user/robot_arm_ws/install/robot_arm/share/robot_arm/hook/cmake_prefix_path.sh'
[1.919s] Level 1:colcon.colcon_core.environment:checking '/home/user/robot_arm_ws/install/robot_arm/lib'
[1.919s] Level 1:colcon.colcon_core.environment:checking '/home/user/robot_arm_ws/install/robot_arm/bin'
[1.919s] Level 1:colcon.colcon_core.environment:checking '/home/user/robot_arm_ws/install/robot_arm/lib/pkgconfig/robot_arm.pc'
[1.920s] Level 1:colcon.colcon_core.environment:checking '/home/user/robot_arm_ws/install/robot_arm/lib/python3.12/site-packages'
[1.920s] Level 1:colcon.colcon_core.shell:create_environment_hook('robot_arm', 'pythonpath')
[1.920s] INFO:colcon.colcon_core.shell:Creating environment hook '/home/user/robot_arm_ws/install/robot_arm/share/robot_arm/hook/pythonpath.ps1'
[1.921s] INFO:colcon.colcon_core.shell:Creating environment descriptor '/home/user/robot_arm_ws/install/robot_arm/share/robot_arm/hook/pythonpath.dsv'
[1.922s] INFO:colcon.colcon_core.shell:Creating environment hook '/home/user/robot_arm_ws/install/robot_arm/share/robot_arm/hook/pythonpath.sh'
[1.923s] Level 1:colcon.colcon_core.environment:checking '/home/user/robot_arm_ws/install/robot_arm/bin'
[1.923s] INFO:colcon.colcon_core.shell:Creating package script '/home/user/robot_arm_ws/install/robot_arm/share/robot_arm/package.ps1'
[1.924s] INFO:colcon.colcon_core.shell:Creating package descriptor '/home/user/robot_arm_ws/install/robot_arm/share/robot_arm/package.dsv'
[1.925s] INFO:colcon.colcon_core.shell:Creating package script '/home/user/robot_arm_ws/install/robot_arm/share/robot_arm/package.sh'
[1.926s] INFO:colcon.colcon_core.shell:Creating package script '/home/user/robot_arm_ws/install/robot_arm/share/robot_arm/package.bash'
[1.926s] INFO:colcon.colcon_core.shell:Creating package script '/home/user/robot_arm_ws/install/robot_arm/share/robot_arm/package.zsh'
[1.927s] Level 1:colcon.colcon_core.environment:create_file_with_runtime_dependencies(/home/user/robot_arm_ws/install/robot_arm/share/colcon-core/packages/robot_arm)
[1.928s] Level 1:colcon.colcon_core.environment:create_environment_scripts_only(robot_arm)
[1.928s] Level 1:colcon.colcon_core.environment:checking '/home/user/robot_arm_ws/install/robot_arm' for CMake module files
[1.929s] Level 1:colcon.colcon_core.environment:checking '/home/user/robot_arm_ws/install/robot_arm' for CMake config files
[1.930s] Level 1:colcon.colcon_core.shell:create_environment_hook('robot_arm', 'cmake_prefix_path')
[1.930s] INFO:colcon.colcon_core.shell:Creating environment hook '/home/user/robot_arm_ws/install/robot_arm/share/robot_arm/hook/cmake_prefix_path.ps1'
[1.931s] INFO:colcon.colcon_core.shell:Creating environment descriptor '/home/user/robot_arm_ws/install/robot_arm/share/robot_arm/hook/cmake_prefix_path.dsv'
[1.931s] INFO:colcon.colcon_core.shell:Creating environment hook '/home/user/robot_arm_ws/install/robot_arm/share/robot_arm/hook/cmake_prefix_path.sh'
[1.933s] Level 1:colcon.colcon_core.environment:checking '/home/user/robot_arm_ws/install/robot_arm/lib'
[1.933s] Level 1:colcon.colcon_core.environment:checking '/home/user/robot_arm_ws/install/robot_arm/bin'
[1.933s] Level 1:colcon.colcon_core.environment:checking '/home/user/robot_arm_ws/install/robot_arm/lib/pkgconfig/robot_arm.pc'
[1.933s] Level 1:colcon.colcon_core.environment:checking '/home/user/robot_arm_ws/install/robot_arm/lib/python3.12/site-packages'
[1.933s] Level 1:colcon.colcon_core.shell:create_environment_hook('robot_arm', 'pythonpath')
[1.934s] INFO:colcon.colcon_core.shell:Creating environment hook '/home/user/robot_arm_ws/install/robot_arm/share/robot_arm/hook/pythonpath.ps1'
[1.934s] INFO:colcon.colcon_core.shell:Creating environment descriptor '/home/user/robot_arm_ws/install/robot_arm/share/robot_arm/hook/pythonpath.dsv'
[1.935s] INFO:colcon.colcon_core.shell:Creating environment hook '/home/user/robot_arm_ws/install/robot_arm/share/robot_arm/hook/pythonpath.sh'
[1.936s] Level 1:colcon.colcon_core.environment:checking '/home/user/robot_arm_ws/install/robot_arm/bin'
[1.936s] INFO:colcon.colcon_core.shell:Creating package script '/home/user/robot_arm_ws/install/robot_arm/share/robot_arm/package.ps1'
[1.937s] INFO:colcon.colcon_core.shell:Creating package descriptor '/home/user/robot_arm_ws/install/robot_arm/share/robot_arm/package.dsv'
[1.938s] INFO:colcon.colcon_core.shell:Creating package script '/home/user/robot_arm_ws/install/robot_arm/share/robot_arm/package.sh'
[1.939s] INFO:colcon.colcon_core.shell:Creating package script '/home/user/robot_arm_ws/install/robot_arm/share/robot_arm/package.bash'
[1.940s] INFO:colcon.colcon_core.shell:Creating package script '/home/user/robot_arm_ws/install/robot_arm/share/robot_arm/package.zsh'
[1.941s] Level 1:colcon.colcon_core.environment:create_file_with_runtime_dependencies(/home/user/robot_arm_ws/install/robot_arm/share/colcon-core/packages/robot_arm)
[1.941s] INFO:colcon.colcon_ros.task.ament_cmake.build:Building ROS package in '/home/user/robot_arm_ws/src/arm_moveit_config' with build type 'ament_cmake'
[1.941s] INFO:colcon.colcon_cmake.task.cmake.build:Building CMake package in '/home/user/robot_arm_ws/src/arm_moveit_config'
[1.942s] INFO:colcon.colcon_core.shell:Skip shell extension 'powershell' for command environment: Not usable outside of PowerShell
[1.942s] DEBUG:colcon.colcon_core.shell:Skip shell extension 'dsv' for command environment
[1.974s] DEBUG:colcon.colcon_core.event_handler.log_command:Invoking command in '/home/user/robot_arm_ws/build/arm_moveit_config': CMAKE_PREFIX_PATH=/home/user/robot_arm_ws/install/robot_arm:/home/user/robot_arm_ws/install/arm_moveit_config:/home/user/robot_arm_ws/install/micro_ros_agent:/home/user/ws_moveit/install/robotiq_hardware_tests:/home/user/ws_moveit/install/robotiq_driver:/home/user/ws_moveit/install/serial:/home/user/ws_moveit/install/moveit2_tutorials:/home/user/ws_moveit/install/moveit_visual_tools:/home/user/ws_moveit/install/rviz_visual_tools:/home/user/ws_moveit/install/moveit_task_constructor_visualization:/home/user/ws_moveit/install/moveit_task_constructor_demo:/home/user/ws_moveit/install/moveit_task_constructor_capabilities:/home/user/ws_moveit/install/moveit_task_constructor_core:/home/user/ws_moveit/install/rviz_marker_tools:/home/user/ws_moveit/install/kortex_bringup:/home/user/ws_moveit/install/kinova_gen3_lite_moveit_config:/home/user/ws_moveit/install/kinova_gen3_7dof_robotiq_2f_85_moveit_config:/home/user/ws_moveit/install/kinova_gen3_6dof_robotiq_2f_85_moveit_config:/home/user/ws_moveit/install/kortex_description:/home/user/ws_moveit/install/robotiq_description:/home/user/ws_moveit/install/robotiq_controllers:/home/user/ws_moveit/install/pilz_industrial_motion_planner_testutils:/home/user/ws_moveit/install/moveit_runtime:/home/user/ws_moveit/install/moveit:/home/user/ws_moveit/install/moveit_planners:/home/user/ws_moveit/install/pilz_industrial_motion_planner:/home/user/ws_moveit/install/picknik_twist_controller:/home/user/ws_moveit/install/picknik_reset_fault_controller:/home/user/ws_moveit/install/moveit_task_constructor_msgs:/home/user/ws_moveit/install/moveit_ros_control_interface:/home/user/ws_moveit/install/moveit_plugins:/home/user/ws_moveit/install/moveit_simple_controller_manager:/home/user/ws_moveit/install/moveit_setup_assistant:/home/user/ws_moveit/install/moveit_setup_srdf_plugins:/home/user/ws_moveit/install/moveit_setup_core_plugins:/home/user/ws_moveit/install/moveit_setup_controllers:/home/user/ws_moveit/install/moveit_setup_app_plugins:/home/user/ws_moveit/install/moveit_setup_framework:/home/user/ws_moveit/install/moveit_servo:/home/user/ws_moveit/install/moveit_ros_trajectory_cache:/home/user/ws_moveit/install/moveit_ros:/home/user/ws_moveit/install/moveit_ros_visualization:/home/user/ws_moveit/install/moveit_py:/home/user/ws_moveit/install/moveit_hybrid_planning:/home/user/ws_moveit/install/moveit_ros_planning_interface:/home/user/ws_moveit/install/moveit_ros_benchmarks:/home/user/ws_moveit/install/moveit_ros_warehouse:/home/user/ws_moveit/install/moveit_ros_robot_interaction:/home/user/ws_moveit/install/moveit_ros_perception:/home/user/ws_moveit/install/moveit_resources_prbt_pg70_support:/home/user/ws_moveit/install/moveit_resources_prbt_moveit_config:/home/user/ws_moveit/install/moveit_ros_move_group:/home/user/ws_moveit/install/moveit_planners_ompl:/home/user/ws_moveit/install/moveit_kinematics:/home/user/ws_moveit/install/moveit_ros_planning:/home/user/ws_moveit/install/moveit_ros_occupancy_map_monitor:/home/user/ws_moveit/install/moveit_resources_prbt_support:/home/user/ws_moveit/install/moveit_resources_prbt_ikfast_manipulator_plugin:/home/user/ws_moveit/install/moveit_resources:/home/user/ws_moveit/install/moveit_resources_pr2_description:/home/user/ws_moveit/install/moveit_resources_panda_moveit_config:/home/user/ws_moveit/install/dual_arm_panda_moveit_config:/home/user/ws_moveit/install/moveit_resources_panda_description:/home/user/ws_moveit/install/moveit_resources_fanuc_moveit_config:/home/user/ws_moveit/install/moveit_resources_fanuc_description:/home/user/ws_moveit/install/moveit_planners_stomp:/home/user/ws_moveit/install/moveit_planners_chomp:/home/user/ws_moveit/install/chomp_motion_planner:/home/user/ws_moveit/install/moveit_core:/home/user/ws_moveit/install/moveit_msgs:/home/user/ws_moveit/install/moveit_common:/home/user/ws_moveit/install/kortex_driver:/home/user/ws_moveit/install/kortex_api:/opt/ros/jazzy/opt/gz_sim_vendor:/opt/ros/jazzy/opt/gz_sensors_vendor:/opt/ros/jazzy/opt/gz_physics_vendor:/opt/ros/jazzy/opt/sdformat_vendor:/opt/ros/jazzy/opt/gz_gui_vendor:/opt/ros/jazzy/opt/gz_transport_vendor:/opt/ros/jazzy/opt/gz_rendering_vendor:/opt/ros/jazzy/opt/gz_plugin_vendor:/opt/ros/jazzy/opt/gz_fuel_tools_vendor:/opt/ros/jazzy/opt/gz_msgs_vendor:/opt/ros/jazzy/opt/gz_common_vendor:/opt/ros/jazzy/opt/gz_math_vendor:/opt/ros/jazzy/opt/gz_utils_vendor:/opt/ros/jazzy/opt/gz_tools_vendor:/opt/ros/jazzy/opt/gz_ogre_next_vendor:/opt/ros/jazzy/opt/gz_dartsim_vendor:/opt/ros/jazzy/opt/gz_cmake_vendor:/home/user/robot_arm_ws/install/my_arm_sim:/home/user/ws_moveit/install/moveit_configs_utils:/opt/ros/jazzy DEBUGINFOD_URLS=https://debuginfod.ubuntu.com /usr/bin/cmake --build /home/user/robot_arm_ws/build/arm_moveit_config -- -j16 -l16
[2.074s] DEBUG:colcon.colcon_core.event_handler.log_command:Invoked command in '/home/user/robot_arm_ws/build/arm_moveit_config' returned '0': CMAKE_PREFIX_PATH=/home/user/robot_arm_ws/install/robot_arm:/home/user/robot_arm_ws/install/arm_moveit_config:/home/user/robot_arm_ws/install/micro_ros_agent:/home/user/ws_moveit/install/robotiq_hardware_tests:/home/user/ws_moveit/install/robotiq_driver:/home/user/ws_moveit/install/serial:/home/user/ws_moveit/install/moveit2_tutorials:/home/user/ws_moveit/install/moveit_visual_tools:/home/user/ws_moveit/install/rviz_visual_tools:/home/user/ws_moveit/install/moveit_task_constructor_visualization:/home/user/ws_moveit/install/moveit_task_constructor_demo:/home/user/ws_moveit/install/moveit_task_constructor_capabilities:/home/user/ws_moveit/install/moveit_task_constructor_core:/home/user/ws_moveit/install/rviz_marker_tools:/home/user/ws_moveit/install/kortex_bringup:/home/user/ws_moveit/install/kinova_gen3_lite_moveit_config:/home/user/ws_moveit/install/kinova_gen3_7dof_robotiq_2f_85_moveit_config:/home/user/ws_moveit/install/kinova_gen3_6dof_robotiq_2f_85_moveit_config:/home/user/ws_moveit/install/kortex_description:/home/user/ws_moveit/install/robotiq_description:/home/user/ws_moveit/install/robotiq_controllers:/home/user/ws_moveit/install/pilz_industrial_motion_planner_testutils:/home/user/ws_moveit/install/moveit_runtime:/home/user/ws_moveit/install/moveit:/home/user/ws_moveit/install/moveit_planners:/home/user/ws_moveit/install/pilz_industrial_motion_planner:/home/user/ws_moveit/install/picknik_twist_controller:/home/user/ws_moveit/install/picknik_reset_fault_controller:/home/user/ws_moveit/install/moveit_task_constructor_msgs:/home/user/ws_moveit/install/moveit_ros_control_interface:/home/user/ws_moveit/install/moveit_plugins:/home/user/ws_moveit/install/moveit_simple_controller_manager:/home/user/ws_moveit/install/moveit_setup_assistant:/home/user/ws_moveit/install/moveit_setup_srdf_plugins:/home/user/ws_moveit/install/moveit_setup_core_plugins:/home/user/ws_moveit/install/moveit_setup_controllers:/home/user/ws_moveit/install/moveit_setup_app_plugins:/home/user/ws_moveit/install/moveit_setup_framework:/home/user/ws_moveit/install/moveit_servo:/home/user/ws_moveit/install/moveit_ros_trajectory_cache:/home/user/ws_moveit/install/moveit_ros:/home/user/ws_moveit/install/moveit_ros_visualization:/home/user/ws_moveit/install/moveit_py:/home/user/ws_moveit/install/moveit_hybrid_planning:/home/user/ws_moveit/install/moveit_ros_planning_interface:/home/user/ws_moveit/install/moveit_ros_benchmarks:/home/user/ws_moveit/install/moveit_ros_warehouse:/home/user/ws_moveit/install/moveit_ros_robot_interaction:/home/user/ws_moveit/install/moveit_ros_perception:/home/user/ws_moveit/install/moveit_resources_prbt_pg70_support:/home/user/ws_moveit/install/moveit_resources_prbt_moveit_config:/home/user/ws_moveit/install/moveit_ros_move_group:/home/user/ws_moveit/install/moveit_planners_ompl:/home/user/ws_moveit/install/moveit_kinematics:/home/user/ws_moveit/install/moveit_ros_planning:/home/user/ws_moveit/install/moveit_ros_occupancy_map_monitor:/home/user/ws_moveit/install/moveit_resources_prbt_support:/home/user/ws_moveit/install/moveit_resources_prbt_ikfast_manipulator_plugin:/home/user/ws_moveit/install/moveit_resources:/home/user/ws_moveit/install/moveit_resources_pr2_description:/home/user/ws_moveit/install/moveit_resources_panda_moveit_config:/home/user/ws_moveit/install/dual_arm_panda_moveit_config:/home/user/ws_moveit/install/moveit_resources_panda_description:/home/user/ws_moveit/install/moveit_resources_fanuc_moveit_config:/home/user/ws_moveit/install/moveit_resources_fanuc_description:/home/user/ws_moveit/install/moveit_planners_stomp:/home/user/ws_moveit/install/moveit_planners_chomp:/home/user/ws_moveit/install/chomp_motion_planner:/home/user/ws_moveit/install/moveit_core:/home/user/ws_moveit/install/moveit_msgs:/home/user/ws_moveit/install/moveit_common:/home/user/ws_moveit/install/kortex_driver:/home/user/ws_moveit/install/kortex_api:/opt/ros/jazzy/opt/gz_sim_vendor:/opt/ros/jazzy/opt/gz_sensors_vendor:/opt/ros/jazzy/opt/gz_physics_vendor:/opt/ros/jazzy/opt/sdformat_vendor:/opt/ros/jazzy/opt/gz_gui_vendor:/opt/ros/jazzy/opt/gz_transport_vendor:/opt/ros/jazzy/opt/gz_rendering_vendor:/opt/ros/jazzy/opt/gz_plugin_vendor:/opt/ros/jazzy/opt/gz_fuel_tools_vendor:/opt/ros/jazzy/opt/gz_msgs_vendor:/opt/ros/jazzy/opt/gz_common_vendor:/opt/ros/jazzy/opt/gz_math_vendor:/opt/ros/jazzy/opt/gz_utils_vendor:/opt/ros/jazzy/opt/gz_tools_vendor:/opt/ros/jazzy/opt/gz_ogre_next_vendor:/opt/ros/jazzy/opt/gz_dartsim_vendor:/opt/ros/jazzy/opt/gz_cmake_vendor:/home/user/robot_arm_ws/install/my_arm_sim:/home/user/ws_moveit/install/moveit_configs_utils:/opt/ros/jazzy DEBUGINFOD_URLS=https://debuginfod.ubuntu.com /usr/bin/cmake --build /home/user/robot_arm_ws/build/arm_moveit_config -- -j16 -l16
[2.077s] DEBUG:colcon.colcon_core.event_handler.log_command:Invoking command in '/home/user/robot_arm_ws/build/arm_moveit_config': CMAKE_PREFIX_PATH=/home/user/robot_arm_ws/install/robot_arm:/home/user/robot_arm_ws/install/arm_moveit_config:/home/user/robot_arm_ws/install/micro_ros_agent:/home/user/ws_moveit/install/robotiq_hardware_tests:/home/user/ws_moveit/install/robotiq_driver:/home/user/ws_moveit/install/serial:/home/user/ws_moveit/install/moveit2_tutorials:/home/user/ws_moveit/install/moveit_visual_tools:/home/user/ws_moveit/install/rviz_visual_tools:/home/user/ws_moveit/install/moveit_task_constructor_visualization:/home/user/ws_moveit/install/moveit_task_constructor_demo:/home/user/ws_moveit/install/moveit_task_constructor_capabilities:/home/user/ws_moveit/install/moveit_task_constructor_core:/home/user/ws_moveit/install/rviz_marker_tools:/home/user/ws_moveit/install/kortex_bringup:/home/user/ws_moveit/install/kinova_gen3_lite_moveit_config:/home/user/ws_moveit/install/kinova_gen3_7dof_robotiq_2f_85_moveit_config:/home/user/ws_moveit/install/kinova_gen3_6dof_robotiq_2f_85_moveit_config:/home/user/ws_moveit/install/kortex_description:/home/user/ws_moveit/install/robotiq_description:/home/user/ws_moveit/install/robotiq_controllers:/home/user/ws_moveit/install/pilz_industrial_motion_planner_testutils:/home/user/ws_moveit/install/moveit_runtime:/home/user/ws_moveit/install/moveit:/home/user/ws_moveit/install/moveit_planners:/home/user/ws_moveit/install/pilz_industrial_motion_planner:/home/user/ws_moveit/install/picknik_twist_controller:/home/user/ws_moveit/install/picknik_reset_fault_controller:/home/user/ws_moveit/install/moveit_task_constructor_msgs:/home/user/ws_moveit/install/moveit_ros_control_interface:/home/user/ws_moveit/install/moveit_plugins:/home/user/ws_moveit/install/moveit_simple_controller_manager:/home/user/ws_moveit/install/moveit_setup_assistant:/home/user/ws_moveit/install/moveit_setup_srdf_plugins:/home/user/ws_moveit/install/moveit_setup_core_plugins:/home/user/ws_moveit/install/moveit_setup_controllers:/home/user/ws_moveit/install/moveit_setup_app_plugins:/home/user/ws_moveit/install/moveit_setup_framework:/home/user/ws_moveit/install/moveit_servo:/home/user/ws_moveit/install/moveit_ros_trajectory_cache:/home/user/ws_moveit/install/moveit_ros:/home/user/ws_moveit/install/moveit_ros_visualization:/home/user/ws_moveit/install/moveit_py:/home/user/ws_moveit/install/moveit_hybrid_planning:/home/user/ws_moveit/install/moveit_ros_planning_interface:/home/user/ws_moveit/install/moveit_ros_benchmarks:/home/user/ws_moveit/install/moveit_ros_warehouse:/home/user/ws_moveit/install/moveit_ros_robot_interaction:/home/user/ws_moveit/install/moveit_ros_perception:/home/user/ws_moveit/install/moveit_resources_prbt_pg70_support:/home/user/ws_moveit/install/moveit_resources_prbt_moveit_config:/home/user/ws_moveit/install/moveit_ros_move_group:/home/user/ws_moveit/install/moveit_planners_ompl:/home/user/ws_moveit/install/moveit_kinematics:/home/user/ws_moveit/install/moveit_ros_planning:/home/user/ws_moveit/install/moveit_ros_occupancy_map_monitor:/home/user/ws_moveit/install/moveit_resources_prbt_support:/home/user/ws_moveit/install/moveit_resources_prbt_ikfast_manipulator_plugin:/home/user/ws_moveit/install/moveit_resources:/home/user/ws_moveit/install/moveit_resources_pr2_description:/home/user/ws_moveit/install/moveit_resources_panda_moveit_config:/home/user/ws_moveit/install/dual_arm_panda_moveit_config:/home/user/ws_moveit/install/moveit_resources_panda_description:/home/user/ws_moveit/install/moveit_resources_fanuc_moveit_config:/home/user/ws_moveit/install/moveit_resources_fanuc_description:/home/user/ws_moveit/install/moveit_planners_stomp:/home/user/ws_moveit/install/moveit_planners_chomp:/home/user/ws_moveit/install/chomp_motion_planner:/home/user/ws_moveit/install/moveit_core:/home/user/ws_moveit/install/moveit_msgs:/home/user/ws_moveit/install/moveit_common:/home/user/ws_moveit/install/kortex_driver:/home/user/ws_moveit/install/kortex_api:/opt/ros/jazzy/opt/gz_sim_vendor:/opt/ros/jazzy/opt/gz_sensors_vendor:/opt/ros/jazzy/opt/gz_physics_vendor:/opt/ros/jazzy/opt/sdformat_vendor:/opt/ros/jazzy/opt/gz_gui_vendor:/opt/ros/jazzy/opt/gz_transport_vendor:/opt/ros/jazzy/opt/gz_rendering_vendor:/opt/ros/jazzy/opt/gz_plugin_vendor:/opt/ros/jazzy/opt/gz_fuel_tools_vendor:/opt/ros/jazzy/opt/gz_msgs_vendor:/opt/ros/jazzy/opt/gz_common_vendor:/opt/ros/jazzy/opt/gz_math_vendor:/opt/ros/jazzy/opt/gz_utils_vendor:/opt/ros/jazzy/opt/gz_tools_vendor:/opt/ros/jazzy/opt/gz_ogre_next_vendor:/opt/ros/jazzy/opt/gz_dartsim_vendor:/opt/ros/jazzy/opt/gz_cmake_vendor:/home/user/robot_arm_ws/install/my_arm_sim:/home/user/ws_moveit/install/moveit_configs_utils:/opt/ros/jazzy DEBUGINFOD_URLS=https://debuginfod.ubuntu.com /usr/bin/cmake --install /home/user/robot_arm_ws/build/arm_moveit_config
[2.104s] Level 1:colcon.colcon_core.environment:create_environment_scripts_only(arm_moveit_config)
[2.105s] Level 1:colcon.colcon_core.environment:checking '/home/user/robot_arm_ws/install/arm_moveit_config' for CMake module files
[2.107s] DEBUG:colcon.colcon_core.event_handler.log_command:Invoked command in '/home/user/robot_arm_ws/build/arm_moveit_config' returned '0': CMAKE_PREFIX_PATH=/home/user/robot_arm_ws/install/robot_arm:/home/user/robot_arm_ws/install/arm_moveit_config:/home/user/robot_arm_ws/install/micro_ros_agent:/home/user/ws_moveit/install/robotiq_hardware_tests:/home/user/ws_moveit/install/robotiq_driver:/home/user/ws_moveit/install/serial:/home/user/ws_moveit/install/moveit2_tutorials:/home/user/ws_moveit/install/moveit_visual_tools:/home/user/ws_moveit/install/rviz_visual_tools:/home/user/ws_moveit/install/moveit_task_constructor_visualization:/home/user/ws_moveit/install/moveit_task_constructor_demo:/home/user/ws_moveit/install/moveit_task_constructor_capabilities:/home/user/ws_moveit/install/moveit_task_constructor_core:/home/user/ws_moveit/install/rviz_marker_tools:/home/user/ws_moveit/install/kortex_bringup:/home/user/ws_moveit/install/kinova_gen3_lite_moveit_config:/home/user/ws_moveit/install/kinova_gen3_7dof_robotiq_2f_85_moveit_config:/home/user/ws_moveit/install/kinova_gen3_6dof_robotiq_2f_85_moveit_config:/home/user/ws_moveit/install/kortex_description:/home/user/ws_moveit/install/robotiq_description:/home/user/ws_moveit/install/robotiq_controllers:/home/user/ws_moveit/install/pilz_industrial_motion_planner_testutils:/home/user/ws_moveit/install/moveit_runtime:/home/user/ws_moveit/install/moveit:/home/user/ws_moveit/install/moveit_planners:/home/user/ws_moveit/install/pilz_industrial_motion_planner:/home/user/ws_moveit/install/picknik_twist_controller:/home/user/ws_moveit/install/picknik_reset_fault_controller:/home/user/ws_moveit/install/moveit_task_constructor_msgs:/home/user/ws_moveit/install/moveit_ros_control_interface:/home/user/ws_moveit/install/moveit_plugins:/home/user/ws_moveit/install/moveit_simple_controller_manager:/home/user/ws_moveit/install/moveit_setup_assistant:/home/user/ws_moveit/install/moveit_setup_srdf_plugins:/home/user/ws_moveit/install/moveit_setup_core_plugins:/home/user/ws_moveit/install/moveit_setup_controllers:/home/user/ws_moveit/install/moveit_setup_app_plugins:/home/user/ws_moveit/install/moveit_setup_framework:/home/user/ws_moveit/install/moveit_servo:/home/user/ws_moveit/install/moveit_ros_trajectory_cache:/home/user/ws_moveit/install/moveit_ros:/home/user/ws_moveit/install/moveit_ros_visualization:/home/user/ws_moveit/install/moveit_py:/home/user/ws_moveit/install/moveit_hybrid_planning:/home/user/ws_moveit/install/moveit_ros_planning_interface:/home/user/ws_moveit/install/moveit_ros_benchmarks:/home/user/ws_moveit/install/moveit_ros_warehouse:/home/user/ws_moveit/install/moveit_ros_robot_interaction:/home/user/ws_moveit/install/moveit_ros_perception:/home/user/ws_moveit/install/moveit_resources_prbt_pg70_support:/home/user/ws_moveit/install/moveit_resources_prbt_moveit_config:/home/user/ws_moveit/install/moveit_ros_move_group:/home/user/ws_moveit/install/moveit_planners_ompl:/home/user/ws_moveit/install/moveit_kinematics:/home/user/ws_moveit/install/moveit_ros_planning:/home/user/ws_moveit/install/moveit_ros_occupancy_map_monitor:/home/user/ws_moveit/install/moveit_resources_prbt_support:/home/user/ws_moveit/install/moveit_resources_prbt_ikfast_manipulator_plugin:/home/user/ws_moveit/install/moveit_resources:/home/user/ws_moveit/install/moveit_resources_pr2_description:/home/user/ws_moveit/install/moveit_resources_panda_moveit_config:/home/user/ws_moveit/install/dual_arm_panda_moveit_config:/home/user/ws_moveit/install/moveit_resources_panda_description:/home/user/ws_moveit/install/moveit_resources_fanuc_moveit_config:/home/user/ws_moveit/install/moveit_resources_fanuc_description:/home/user/ws_moveit/install/moveit_planners_stomp:/home/user/ws_moveit/install/moveit_planners_chomp:/home/user/ws_moveit/install/chomp_motion_planner:/home/user/ws_moveit/install/moveit_core:/home/user/ws_moveit/install/moveit_msgs:/home/user/ws_moveit/install/moveit_common:/home/user/ws_moveit/install/kortex_driver:/home/user/ws_moveit/install/kortex_api:/opt/ros/jazzy/opt/gz_sim_vendor:/opt/ros/jazzy/opt/gz_sensors_vendor:/opt/ros/jazzy/opt/gz_physics_vendor:/opt/ros/jazzy/opt/sdformat_vendor:/opt/ros/jazzy/opt/gz_gui_vendor:/opt/ros/jazzy/opt/gz_transport_vendor:/opt/ros/jazzy/opt/gz_rendering_vendor:/opt/ros/jazzy/opt/gz_plugin_vendor:/opt/ros/jazzy/opt/gz_fuel_tools_vendor:/opt/ros/jazzy/opt/gz_msgs_vendor:/opt/ros/jazzy/opt/gz_common_vendor:/opt/ros/jazzy/opt/gz_math_vendor:/opt/ros/jazzy/opt/gz_utils_vendor:/opt/ros/jazzy/opt/gz_tools_vendor:/opt/ros/jazzy/opt/gz_ogre_next_vendor:/opt/ros/jazzy/opt/gz_dartsim_vendor:/opt/ros/jazzy/opt/gz_cmake_vendor:/home/user/robot_arm_ws/install/my_arm_sim:/home/user/ws_moveit/install/moveit_configs_utils:/opt/ros/jazzy DEBUGINFOD_URLS=https://debuginfod.ubuntu.com /usr/bin/cmake --install /home/user/robot_arm_ws/build/arm_moveit_config
[2.107s] Level 1:colcon.colcon_core.environment:checking '/home/user/robot_arm_ws/install/arm_moveit_config' for CMake config files
[2.108s] Level 1:colcon.colcon_core.shell:create_environment_hook('arm_moveit_config', 'cmake_prefix_path')
[2.108s] INFO:colcon.colcon_core.shell:Creating environment hook '/home/user/robot_arm_ws/install/arm_moveit_config/share/arm_moveit_config/hook/cmake_prefix_path.ps1'
[2.109s] INFO:colcon.colcon_core.shell:Creating environment descriptor '/home/user/robot_arm_ws/install/arm_moveit_config/share/arm_moveit_config/hook/cmake_prefix_path.dsv'
[2.109s] INFO:colcon.colcon_core.shell:Creating environment hook '/home/user/robot_arm_ws/install/arm_moveit_config/share/arm_moveit_config/hook/cmake_prefix_path.sh'
[2.111s] Level 1:colcon.colcon_core.environment:checking '/home/user/robot_arm_ws/install/arm_moveit_config/bin'
[2.111s] Level 1:colcon.colcon_core.environment:checking '/home/user/robot_arm_ws/install/arm_moveit_config/lib/pkgconfig/arm_moveit_config.pc'
[2.111s] Level 1:colcon.colcon_core.environment:checking '/home/user/robot_arm_ws/install/arm_moveit_config/lib/python3.12/site-packages'
[2.111s] Level 1:colcon.colcon_core.environment:checking '/home/user/robot_arm_ws/install/arm_moveit_config/bin'
[2.112s] INFO:colcon.colcon_core.shell:Creating package script '/home/user/robot_arm_ws/install/arm_moveit_config/share/arm_moveit_config/package.ps1'
[2.113s] INFO:colcon.colcon_core.shell:Creating package descriptor '/home/user/robot_arm_ws/install/arm_moveit_config/share/arm_moveit_config/package.dsv'
[2.113s] INFO:colcon.colcon_core.shell:Creating package script '/home/user/robot_arm_ws/install/arm_moveit_config/share/arm_moveit_config/package.sh'
[2.114s] INFO:colcon.colcon_core.shell:Creating package script '/home/user/robot_arm_ws/install/arm_moveit_config/share/arm_moveit_config/package.bash'
[2.115s] INFO:colcon.colcon_core.shell:Creating package script '/home/user/robot_arm_ws/install/arm_moveit_config/share/arm_moveit_config/package.zsh'
[2.115s] Level 1:colcon.colcon_core.environment:create_file_with_runtime_dependencies(/home/user/robot_arm_ws/install/arm_moveit_config/share/colcon-core/packages/arm_moveit_config)
[2.116s] Level 1:colcon.colcon_core.environment:create_environment_scripts_only(arm_moveit_config)
[2.117s] Level 1:colcon.colcon_core.environment:checking '/home/user/robot_arm_ws/install/arm_moveit_config' for CMake module files
[2.117s] Level 1:colcon.colcon_core.environment:checking '/home/user/robot_arm_ws/install/arm_moveit_config' for CMake config files
[2.118s] Level 1:colcon.colcon_core.shell:create_environment_hook('arm_moveit_config', 'cmake_prefix_path')
[2.118s] INFO:colcon.colcon_core.shell:Creating environment hook '/home/user/robot_arm_ws/install/arm_moveit_config/share/arm_moveit_config/hook/cmake_prefix_path.ps1'
[2.119s] INFO:colcon.colcon_core.shell:Creating environment descriptor '/home/user/robot_arm_ws/install/arm_moveit_config/share/arm_moveit_config/hook/cmake_prefix_path.dsv'
[2.119s] INFO:colcon.colcon_core.shell:Creating environment hook '/home/user/robot_arm_ws/install/arm_moveit_config/share/arm_moveit_config/hook/cmake_prefix_path.sh'
[2.120s] Level 1:colcon.colcon_core.environment:checking '/home/user/robot_arm_ws/install/arm_moveit_config/bin'
[2.121s] Level 1:colcon.colcon_core.environment:checking '/home/user/robot_arm_ws/install/arm_moveit_config/lib/pkgconfig/arm_moveit_config.pc'
[2.121s] Level 1:colcon.colcon_core.environment:checking '/home/user/robot_arm_ws/install/arm_moveit_config/lib/python3.12/site-packages'
[2.121s] Level 1:colcon.colcon_core.environment:checking '/home/user/robot_arm_ws/install/arm_moveit_config/bin'
[2.122s] INFO:colcon.colcon_core.shell:Creating package script '/home/user/robot_arm_ws/install/arm_moveit_config/share/arm_moveit_config/package.ps1'
[2.123s] INFO:colcon.colcon_core.shell:Creating package descriptor '/home/user/robot_arm_ws/install/arm_moveit_config/share/arm_moveit_config/package.dsv'
[2.124s] INFO:colcon.colcon_core.shell:Creating package script '/home/user/robot_arm_ws/install/arm_moveit_config/share/arm_moveit_config/package.sh'
[2.124s] INFO:colcon.colcon_core.shell:Creating package script '/home/user/robot_arm_ws/install/arm_moveit_config/share/arm_moveit_config/package.bash'
[2.125s] INFO:colcon.colcon_core.shell:Creating package script '/home/user/robot_arm_ws/install/arm_moveit_config/share/arm_moveit_config/package.zsh'
[2.126s] Level 1:colcon.colcon_core.environment:create_file_with_runtime_dependencies(/home/user/robot_arm_ws/install/arm_moveit_config/share/colcon-core/packages/arm_moveit_config)
[2.126s] DEBUG:colcon.colcon_parallel_executor.executor.parallel:closing loop
[2.127s] DEBUG:colcon.colcon_parallel_executor.executor.parallel:loop closed
[2.127s] DEBUG:colcon.colcon_parallel_executor.executor.parallel:run_until_complete finished with '0'
[2.127s] DEBUG:colcon.colcon_core.event_reactor:joining thread
[2.139s] INFO:colcon.colcon_core.plugin_system:Skipping extension 'colcon_notification.desktop_notification.terminal_notifier': Not used on non-Darwin systems
[2.139s] INFO:colcon.colcon_core.plugin_system:Skipping extension 'colcon_notification.desktop_notification.win32': Not used on non-Windows systems
[2.139s] INFO:colcon.colcon_notification.desktop_notification:Sending desktop notification using 'notify2'
[2.166s] DEBUG:colcon.colcon_core.event_reactor:joined thread
[2.167s] INFO:colcon.colcon_core.shell:Creating prefix script '/home/user/robot_arm_ws/install/local_setup.ps1'
[2.168s] INFO:colcon.colcon_core.shell:Creating prefix util module '/home/user/robot_arm_ws/install/_local_setup_util_ps1.py'
[2.171s] INFO:colcon.colcon_core.shell:Creating prefix chain script '/home/user/robot_arm_ws/install/setup.ps1'
[2.177s] INFO:colcon.colcon_core.shell:Creating prefix script '/home/user/robot_arm_ws/install/local_setup.sh'
[2.178s] INFO:colcon.colcon_core.shell:Creating prefix util module '/home/user/robot_arm_ws/install/_local_setup_util_sh.py'
[2.180s] INFO:colcon.colcon_core.shell:Creating prefix chain script '/home/user/robot_arm_ws/install/setup.sh'
[2.190s] INFO:colcon.colcon_core.shell:Creating prefix script '/home/user/robot_arm_ws/install/local_setup.bash'
[2.191s] INFO:colcon.colcon_core.shell:Creating prefix chain script '/home/user/robot_arm_ws/install/setup.bash'
[2.200s] INFO:colcon.colcon_core.shell:Creating prefix script '/home/user/robot_arm_ws/install/local_setup.zsh'
[2.201s] INFO:colcon.colcon_core.shell:Creating prefix chain script '/home/user/robot_arm_ws/install/setup.zsh'
