[0.369s] DEBUG:colcon:Command line arguments: ['/usr/bin/colcon', 'build']
[0.369s] DEBUG:colcon:Parsed command line arguments: Namespace(log_base=None, log_level=None, verb_name='build', build_base='build', install_base='install', merge_install=False, symlink_install=False, test_result_base=None, continue_on_error=False, executor='parallel', parallel_workers=16, event_handlers=None, ignore_user_meta=False, metas=['./colcon.meta'], base_paths=['.'], packages_ignore=None, packages_ignore_regex=None, paths=None, packages_up_to=None, packages_up_to_regex=None, packages_above=None, packages_above_and_dependencies=None, packages_above_depth=None, packages_select_by_dep=None, packages_skip_by_dep=None, packages_skip_up_to=None, packages_select_build_failed=False, packages_skip_build_finished=False, packages_select_test_failures=False, packages_skip_test_passed=False, packages_select=None, packages_skip=None, packages_select_regex=None, packages_skip_regex=None, packages_start=None, packages_end=None, allow_overriding=[], cmake_args=None, cmake_target=None, cmake_target_skip_unavailable=False, cmake_clean_cache=False, cmake_clean_first=False, cmake_force_configure=False, ament_cmake_args=None, catkin_cmake_args=None, catkin_skip_building_tests=False, mixin_files=None, mixin=None, verb_parser=<colcon_mixin.mixin.mixin_argument.MixinArgumentDecorator object at 0x703c080bf0e0>, verb_extension=<colcon_core.verb.build.BuildVerb object at 0x703c080bed20>, main=<bound method BuildVerb.main of <colcon_core.verb.build.BuildVerb object at 0x703c080bed20>>, mixin_verb=('build',))
[0.480s] Level 1:colcon.colcon_core.package_discovery:discover_packages(colcon_meta) check parameters
[0.480s] Level 1:colcon.colcon_core.package_discovery:discover_packages(recursive) check parameters
[0.480s] Level 1:colcon.colcon_core.package_discovery:discover_packages(ignore) check parameters
[0.480s] Level 1:colcon.colcon_core.package_discovery:discover_packages(path) check parameters
[0.480s] Level 1:colcon.colcon_core.package_discovery:discover_packages(colcon_meta) discover
[0.480s] Level 1:colcon.colcon_core.package_discovery:discover_packages(recursive) discover
[0.481s] INFO:colcon.colcon_core.package_discovery:Crawling recursively for packages in '/home/user/robot_arm_ws'
[0.481s] Level 1:colcon.colcon_core.package_identification:_identify(.) by extensions ['ignore', 'ignore_ament_install']
[0.481s] Level 1:colcon.colcon_core.package_identification:_identify(.) by extension 'ignore'
[0.481s] Level 1:colcon.colcon_core.package_identification:_identify(.) by extension 'ignore_ament_install'
[0.481s] Level 1:colcon.colcon_core.package_identification:_identify(.) by extensions ['colcon_pkg']
[0.482s] Level 1:colcon.colcon_core.package_identification:_identify(.) by extension 'colcon_pkg'
[0.482s] Level 1:colcon.colcon_core.package_identification:_identify(.) by extensions ['colcon_meta']
[0.482s] Level 1:colcon.colcon_core.package_identification:_identify(.) by extension 'colcon_meta'
[0.482s] Level 1:colcon.colcon_core.package_identification:_identify(.) by extensions ['ros']
[0.482s] Level 1:colcon.colcon_core.package_identification:_identify(.) by extension 'ros'
[0.557s] Level 1:colcon.colcon_core.package_identification:_identify(.) by extensions ['cmake', 'python']
[0.557s] Level 1:colcon.colcon_core.package_identification:_identify(.) by extension 'cmake'
[0.557s] Level 1:colcon.colcon_core.package_identification:_identify(.) by extension 'python'
[0.557s] Level 1:colcon.colcon_core.package_identification:_identify(.) by extensions ['python_setup_py']
[0.558s] Level 1:colcon.colcon_core.package_identification:_identify(.) by extension 'python_setup_py'
[0.558s] Level 1:colcon.colcon_core.package_identification:_identify(build) by extensions ['ignore', 'ignore_ament_install']
[0.558s] Level 1:colcon.colcon_core.package_identification:_identify(build) by extension 'ignore'
[0.558s] Level 1:colcon.colcon_core.package_identification:_identify(build) ignored
[0.559s] Level 1:colcon.colcon_core.package_identification:_identify(install) by extensions ['ignore', 'ignore_ament_install']
[0.559s] Level 1:colcon.colcon_core.package_identification:_identify(install) by extension 'ignore'
[0.559s] Level 1:colcon.colcon_core.package_identification:_identify(install) ignored
[0.560s] Level 1:colcon.colcon_core.package_identification:_identify(log) by extensions ['ignore', 'ignore_ament_install']
[0.561s] Level 1:colcon.colcon_core.package_identification:_identify(log) by extension 'ignore'
[0.561s] Level 1:colcon.colcon_core.package_identification:_identify(log) ignored
[0.561s] Level 1:colcon.colcon_core.package_identification:_identify(src) by extensions ['ignore', 'ignore_ament_install']
[0.561s] Level 1:colcon.colcon_core.package_identification:_identify(src) by extension 'ignore'
[0.561s] Level 1:colcon.colcon_core.package_identification:_identify(src) by extension 'ignore_ament_install'
[0.562s] Level 1:colcon.colcon_core.package_identification:_identify(src) by extensions ['colcon_pkg']
[0.562s] Level 1:colcon.colcon_core.package_identification:_identify(src) by extension 'colcon_pkg'
[0.562s] Level 1:colcon.colcon_core.package_identification:_identify(src) by extensions ['colcon_meta']
[0.562s] Level 1:colcon.colcon_core.package_identification:_identify(src) by extension 'colcon_meta'
[0.562s] Level 1:colcon.colcon_core.package_identification:_identify(src) by extensions ['ros']
[0.562s] Level 1:colcon.colcon_core.package_identification:_identify(src) by extension 'ros'
[0.562s] Level 1:colcon.colcon_core.package_identification:_identify(src) by extensions ['cmake', 'python']
[0.563s] Level 1:colcon.colcon_core.package_identification:_identify(src) by extension 'cmake'
[0.563s] Level 1:colcon.colcon_core.package_identification:_identify(src) by extension 'python'
[0.563s] Level 1:colcon.colcon_core.package_identification:_identify(src) by extensions ['python_setup_py']
[0.563s] Level 1:colcon.colcon_core.package_identification:_identify(src) by extension 'python_setup_py'
[0.563s] Level 1:colcon.colcon_core.package_identification:_identify(src/arm_moveit_config) by extensions ['ignore', 'ignore_ament_install']
[0.563s] Level 1:colcon.colcon_core.package_identification:_identify(src/arm_moveit_config) by extension 'ignore'
[0.564s] Level 1:colcon.colcon_core.package_identification:_identify(src/arm_moveit_config) by extension 'ignore_ament_install'
[0.564s] Level 1:colcon.colcon_core.package_identification:_identify(src/arm_moveit_config) by extensions ['colcon_pkg']
[0.564s] Level 1:colcon.colcon_core.package_identification:_identify(src/arm_moveit_config) by extension 'colcon_pkg'
[0.564s] Level 1:colcon.colcon_core.package_identification:_identify(src/arm_moveit_config) by extensions ['colcon_meta']
[0.564s] Level 1:colcon.colcon_core.package_identification:_identify(src/arm_moveit_config) by extension 'colcon_meta'
[0.564s] Level 1:colcon.colcon_core.package_identification:_identify(src/arm_moveit_config) by extensions ['ros']
[0.564s] Level 1:colcon.colcon_core.package_identification:_identify(src/arm_moveit_config) by extension 'ros'
[0.573s] DEBUG:colcon.colcon_core.package_identification:Package 'src/arm_moveit_config' with type 'ros.ament_cmake' and name 'arm_moveit_config'
[0.573s] Level 1:colcon.colcon_core.package_identification:_identify(src/robot_arm) by extensions ['ignore', 'ignore_ament_install']
[0.574s] Level 1:colcon.colcon_core.package_identification:_identify(src/robot_arm) by extension 'ignore'
[0.574s] Level 1:colcon.colcon_core.package_identification:_identify(src/robot_arm) by extension 'ignore_ament_install'
[0.574s] Level 1:colcon.colcon_core.package_identification:_identify(src/robot_arm) by extensions ['colcon_pkg']
[0.574s] Level 1:colcon.colcon_core.package_identification:_identify(src/robot_arm) by extension 'colcon_pkg'
[0.574s] Level 1:colcon.colcon_core.package_identification:_identify(src/robot_arm) by extensions ['colcon_meta']
[0.574s] Level 1:colcon.colcon_core.package_identification:_identify(src/robot_arm) by extension 'colcon_meta'
[0.575s] Level 1:colcon.colcon_core.package_identification:_identify(src/robot_arm) by extensions ['ros']
[0.575s] Level 1:colcon.colcon_core.package_identification:_identify(src/robot_arm) by extension 'ros'
[0.581s] DEBUG:colcon.colcon_core.package_identification:Package 'src/robot_arm' with type 'ros.ament_cmake' and name 'robot_arm'
[0.582s] Level 1:colcon.colcon_core.package_discovery:discover_packages(recursive) using defaults
[0.582s] Level 1:colcon.colcon_core.package_discovery:discover_packages(ignore) discover
[0.582s] Level 1:colcon.colcon_core.package_discovery:discover_packages(ignore) using defaults
[0.582s] Level 1:colcon.colcon_core.package_discovery:discover_packages(path) discover
[0.582s] Level 1:colcon.colcon_core.package_discovery:discover_packages(path) using defaults
[0.636s] Level 1:colcon.colcon_core.package_discovery:discover_packages(prefix_path) check parameters
[0.637s] Level 1:colcon.colcon_core.package_discovery:discover_packages(prefix_path) discover
[0.647s] DEBUG:colcon.colcon_installed_package_information.package_discovery:Found 3 installed packages in /home/user/robot_arm_ws/install
[0.655s] DEBUG:colcon.colcon_installed_package_information.package_discovery:Found 72 installed packages in /home/user/ws_moveit/install
[0.664s] DEBUG:colcon.colcon_installed_package_information.package_discovery:Found 423 installed packages in /opt/ros/jazzy
[0.671s] Level 1:colcon.colcon_core.package_discovery:discover_packages(prefix_path) using defaults
[0.883s] Level 5:colcon.colcon_core.verb:set package 'robot_arm' build argument 'cmake_args' from command line to 'None'
[0.883s] Level 5:colcon.colcon_core.verb:set package 'robot_arm' build argument 'cmake_target' from command line to 'None'
[0.883s] Level 5:colcon.colcon_core.verb:set package 'robot_arm' build argument 'cmake_target_skip_unavailable' from command line to 'False'
[0.884s] Level 5:colcon.colcon_core.verb:set package 'robot_arm' build argument 'cmake_clean_cache' from command line to 'False'
[0.884s] Level 5:colcon.colcon_core.verb:set package 'robot_arm' build argument 'cmake_clean_first' from command line to 'False'
[0.884s] Level 5:colcon.colcon_core.verb:set package 'robot_arm' build argument 'cmake_force_configure' from command line to 'False'
[0.884s] Level 5:colcon.colcon_core.verb:set package 'robot_arm' build argument 'ament_cmake_args' from command line to 'None'
[0.884s] Level 5:colcon.colcon_core.verb:set package 'robot_arm' build argument 'catkin_cmake_args' from command line to 'None'
[0.884s] Level 5:colcon.colcon_core.verb:set package 'robot_arm' build argument 'catkin_skip_building_tests' from command line to 'False'
[0.884s] DEBUG:colcon.colcon_core.verb:Building package 'robot_arm' with the following arguments: {'ament_cmake_args': None, 'build_base': '/home/user/robot_arm_ws/build/robot_arm', 'catkin_cmake_args': None, 'catkin_skip_building_tests': False, 'cmake_args': None, 'cmake_clean_cache': False, 'cmake_clean_first': False, 'cmake_force_configure': False, 'cmake_target': None, 'cmake_target_skip_unavailable': False, 'install_base': '/home/user/robot_arm_ws/install/robot_arm', 'merge_install': False, 'path': '/home/user/robot_arm_ws/src/robot_arm', 'symlink_install': False, 'test_result_base': None}
[0.885s] Level 5:colcon.colcon_core.verb:set package 'arm_moveit_config' build argument 'cmake_args' from command line to 'None'
[0.885s] Level 5:colcon.colcon_core.verb:set package 'arm_moveit_config' build argument 'cmake_target' from command line to 'None'
[0.885s] Level 5:colcon.colcon_core.verb:set package 'arm_moveit_config' build argument 'cmake_target_skip_unavailable' from command line to 'False'
[0.885s] Level 5:colcon.colcon_core.verb:set package 'arm_moveit_config' build argument 'cmake_clean_cache' from command line to 'False'
[0.885s] Level 5:colcon.colcon_core.verb:set package 'arm_moveit_config' build argument 'cmake_clean_first' from command line to 'False'
[0.885s] Level 5:colcon.colcon_core.verb:set package 'arm_moveit_config' build argument 'cmake_force_configure' from command line to 'False'
[0.885s] Level 5:colcon.colcon_core.verb:set package 'arm_moveit_config' build argument 'ament_cmake_args' from command line to 'None'
[0.885s] Level 5:colcon.colcon_core.verb:set package 'arm_moveit_config' build argument 'catkin_cmake_args' from command line to 'None'
[0.885s] Level 5:colcon.colcon_core.verb:set package 'arm_moveit_config' build argument 'catkin_skip_building_tests' from command line to 'False'
[0.885s] DEBUG:colcon.colcon_core.verb:Building package 'arm_moveit_config' with the following arguments: {'ament_cmake_args': None, 'build_base': '/home/user/robot_arm_ws/build/arm_moveit_config', 'catkin_cmake_args': None, 'catkin_skip_building_tests': False, 'cmake_args': None, 'cmake_clean_cache': False, 'cmake_clean_first': False, 'cmake_force_configure': False, 'cmake_target': None, 'cmake_target_skip_unavailable': False, 'install_base': '/home/user/robot_arm_ws/install/arm_moveit_config', 'merge_install': False, 'path': '/home/user/robot_arm_ws/src/arm_moveit_config', 'symlink_install': False, 'test_result_base': None}
[0.886s] INFO:colcon.colcon_core.executor:Executing jobs using 'parallel' executor
[0.888s] DEBUG:colcon.colcon_parallel_executor.executor.parallel:run_until_complete
[0.889s] INFO:colcon.colcon_ros.task.ament_cmake.build:Building ROS package in '/home/user/robot_arm_ws/src/robot_arm' with build type 'ament_cmake'
[0.889s] INFO:colcon.colcon_cmake.task.cmake.build:Building CMake package in '/home/user/robot_arm_ws/src/robot_arm'
[0.896s] INFO:colcon.colcon_core.plugin_system:Skipping extension 'colcon_core.shell.bat': Not used on non-Windows systems
[0.896s] INFO:colcon.colcon_core.shell:Skip shell extension 'powershell' for command environment: Not usable outside of PowerShell
[0.896s] DEBUG:colcon.colcon_core.shell:Skip shell extension 'dsv' for command environment
[0.938s] DEBUG:colcon.colcon_core.event_handler.log_command:Invoking command in '/home/user/robot_arm_ws/build/robot_arm': CMAKE_PREFIX_PATH=${CMAKE_PREFIX_PATH}:/home/user/robot_arm_ws/install/my_arm_sim:/home/user/ws_moveit/install/moveit_configs_utils:/opt/ros/jazzy DEBUGINFOD_URLS=https://debuginfod.ubuntu.com /usr/bin/cmake --build /home/user/robot_arm_ws/build/robot_arm -- -j16 -l16
[2.474s] DEBUG:colcon.colcon_core.event_handler.log_command:Invoked command in '/home/user/robot_arm_ws/build/robot_arm' returned '0': CMAKE_PREFIX_PATH=${CMAKE_PREFIX_PATH}:/home/user/robot_arm_ws/install/my_arm_sim:/home/user/ws_moveit/install/moveit_configs_utils:/opt/ros/jazzy DEBUGINFOD_URLS=https://debuginfod.ubuntu.com /usr/bin/cmake --build /home/user/robot_arm_ws/build/robot_arm -- -j16 -l16
[2.511s] DEBUG:colcon.colcon_core.event_handler.log_command:Invoking command in '/home/user/robot_arm_ws/build/robot_arm': CMAKE_PREFIX_PATH=${CMAKE_PREFIX_PATH}:/home/user/robot_arm_ws/install/my_arm_sim:/home/user/ws_moveit/install/moveit_configs_utils:/opt/ros/jazzy DEBUGINFOD_URLS=https://debuginfod.ubuntu.com /usr/bin/cmake --install /home/user/robot_arm_ws/build/robot_arm
[2.678s] Level 1:colcon.colcon_core.environment:create_environment_scripts_only(robot_arm)
[2.679s] DEBUG:colcon.colcon_core.event_handler.log_command:Invoked command in '/home/user/robot_arm_ws/build/robot_arm' returned '0': CMAKE_PREFIX_PATH=${CMAKE_PREFIX_PATH}:/home/user/robot_arm_ws/install/my_arm_sim:/home/user/ws_moveit/install/moveit_configs_utils:/opt/ros/jazzy DEBUGINFOD_URLS=https://debuginfod.ubuntu.com /usr/bin/cmake --install /home/user/robot_arm_ws/build/robot_arm
[2.685s] Level 1:colcon.colcon_core.environment:checking '/home/user/robot_arm_ws/install/robot_arm' for CMake module files
[2.687s] Level 1:colcon.colcon_core.environment:checking '/home/user/robot_arm_ws/install/robot_arm' for CMake config files
[2.688s] Level 1:colcon.colcon_core.shell:create_environment_hook('robot_arm', 'cmake_prefix_path')
[2.689s] INFO:colcon.colcon_core.shell:Creating environment hook '/home/user/robot_arm_ws/install/robot_arm/share/robot_arm/hook/cmake_prefix_path.ps1'
[2.690s] INFO:colcon.colcon_core.shell:Creating environment descriptor '/home/user/robot_arm_ws/install/robot_arm/share/robot_arm/hook/cmake_prefix_path.dsv'
[2.691s] INFO:colcon.colcon_core.shell:Creating environment hook '/home/user/robot_arm_ws/install/robot_arm/share/robot_arm/hook/cmake_prefix_path.sh'
[2.693s] Level 1:colcon.colcon_core.environment:checking '/home/user/robot_arm_ws/install/robot_arm/lib'
[2.693s] Level 1:colcon.colcon_core.environment:checking '/home/user/robot_arm_ws/install/robot_arm/bin'
[2.693s] Level 1:colcon.colcon_core.environment:checking '/home/user/robot_arm_ws/install/robot_arm/lib/pkgconfig/robot_arm.pc'
[2.694s] Level 1:colcon.colcon_core.environment:checking '/home/user/robot_arm_ws/install/robot_arm/lib/python3.12/site-packages'
[2.694s] Level 1:colcon.colcon_core.shell:create_environment_hook('robot_arm', 'pythonpath')
[2.695s] INFO:colcon.colcon_core.shell:Creating environment hook '/home/user/robot_arm_ws/install/robot_arm/share/robot_arm/hook/pythonpath.ps1'
[2.696s] INFO:colcon.colcon_core.shell:Creating environment descriptor '/home/user/robot_arm_ws/install/robot_arm/share/robot_arm/hook/pythonpath.dsv'
[2.696s] INFO:colcon.colcon_core.shell:Creating environment hook '/home/user/robot_arm_ws/install/robot_arm/share/robot_arm/hook/pythonpath.sh'
[2.698s] Level 1:colcon.colcon_core.environment:checking '/home/user/robot_arm_ws/install/robot_arm/bin'
[2.698s] INFO:colcon.colcon_core.shell:Creating package script '/home/user/robot_arm_ws/install/robot_arm/share/robot_arm/package.ps1'
[2.700s] INFO:colcon.colcon_core.shell:Creating package descriptor '/home/user/robot_arm_ws/install/robot_arm/share/robot_arm/package.dsv'
[2.701s] INFO:colcon.colcon_core.shell:Creating package script '/home/user/robot_arm_ws/install/robot_arm/share/robot_arm/package.sh'
[2.703s] INFO:colcon.colcon_core.shell:Creating package script '/home/user/robot_arm_ws/install/robot_arm/share/robot_arm/package.bash'
[2.704s] INFO:colcon.colcon_core.shell:Creating package script '/home/user/robot_arm_ws/install/robot_arm/share/robot_arm/package.zsh'
[2.706s] Level 1:colcon.colcon_core.environment:create_file_with_runtime_dependencies(/home/user/robot_arm_ws/install/robot_arm/share/colcon-core/packages/robot_arm)
[2.708s] Level 1:colcon.colcon_core.environment:create_environment_scripts_only(robot_arm)
[2.708s] Level 1:colcon.colcon_core.environment:checking '/home/user/robot_arm_ws/install/robot_arm' for CMake module files
[2.709s] Level 1:colcon.colcon_core.environment:checking '/home/user/robot_arm_ws/install/robot_arm' for CMake config files
[2.710s] Level 1:colcon.colcon_core.shell:create_environment_hook('robot_arm', 'cmake_prefix_path')
[2.710s] INFO:colcon.colcon_core.shell:Creating environment hook '/home/user/robot_arm_ws/install/robot_arm/share/robot_arm/hook/cmake_prefix_path.ps1'
[2.711s] INFO:colcon.colcon_core.shell:Creating environment descriptor '/home/user/robot_arm_ws/install/robot_arm/share/robot_arm/hook/cmake_prefix_path.dsv'
[2.712s] INFO:colcon.colcon_core.shell:Creating environment hook '/home/user/robot_arm_ws/install/robot_arm/share/robot_arm/hook/cmake_prefix_path.sh'
[2.714s] Level 1:colcon.colcon_core.environment:checking '/home/user/robot_arm_ws/install/robot_arm/lib'
[2.714s] Level 1:colcon.colcon_core.environment:checking '/home/user/robot_arm_ws/install/robot_arm/bin'
[2.714s] Level 1:colcon.colcon_core.environment:checking '/home/user/robot_arm_ws/install/robot_arm/lib/pkgconfig/robot_arm.pc'
[2.715s] Level 1:colcon.colcon_core.environment:checking '/home/user/robot_arm_ws/install/robot_arm/lib/python3.12/site-packages'
[2.715s] Level 1:colcon.colcon_core.shell:create_environment_hook('robot_arm', 'pythonpath')
[2.716s] INFO:colcon.colcon_core.shell:Creating environment hook '/home/user/robot_arm_ws/install/robot_arm/share/robot_arm/hook/pythonpath.ps1'
[2.717s] INFO:colcon.colcon_core.shell:Creating environment descriptor '/home/user/robot_arm_ws/install/robot_arm/share/robot_arm/hook/pythonpath.dsv'
[2.718s] INFO:colcon.colcon_core.shell:Creating environment hook '/home/user/robot_arm_ws/install/robot_arm/share/robot_arm/hook/pythonpath.sh'
[2.720s] Level 1:colcon.colcon_core.environment:checking '/home/user/robot_arm_ws/install/robot_arm/bin'
[2.720s] INFO:colcon.colcon_core.shell:Creating package script '/home/user/robot_arm_ws/install/robot_arm/share/robot_arm/package.ps1'
[2.722s] INFO:colcon.colcon_core.shell:Creating package descriptor '/home/user/robot_arm_ws/install/robot_arm/share/robot_arm/package.dsv'
[2.724s] INFO:colcon.colcon_core.shell:Creating package script '/home/user/robot_arm_ws/install/robot_arm/share/robot_arm/package.sh'
[2.725s] INFO:colcon.colcon_core.shell:Creating package script '/home/user/robot_arm_ws/install/robot_arm/share/robot_arm/package.bash'
[2.726s] INFO:colcon.colcon_core.shell:Creating package script '/home/user/robot_arm_ws/install/robot_arm/share/robot_arm/package.zsh'
[2.727s] Level 1:colcon.colcon_core.environment:create_file_with_runtime_dependencies(/home/user/robot_arm_ws/install/robot_arm/share/colcon-core/packages/robot_arm)
[2.728s] INFO:colcon.colcon_ros.task.ament_cmake.build:Building ROS package in '/home/user/robot_arm_ws/src/arm_moveit_config' with build type 'ament_cmake'
[2.729s] INFO:colcon.colcon_cmake.task.cmake.build:Building CMake package in '/home/user/robot_arm_ws/src/arm_moveit_config'
[2.730s] INFO:colcon.colcon_core.shell:Skip shell extension 'powershell' for command environment: Not usable outside of PowerShell
[2.730s] DEBUG:colcon.colcon_core.shell:Skip shell extension 'dsv' for command environment
[2.783s] DEBUG:colcon.colcon_core.event_handler.log_command:Invoking command in '/home/user/robot_arm_ws/build/arm_moveit_config': CMAKE_PREFIX_PATH=/home/user/robot_arm_ws/install/robot_arm:/home/user/robot_arm_ws/install/arm_moveit_config:/home/user/ws_moveit/install/robotiq_hardware_tests:/home/user/ws_moveit/install/robotiq_driver:/home/user/ws_moveit/install/serial:/home/user/ws_moveit/install/moveit2_tutorials:/home/user/ws_moveit/install/moveit_visual_tools:/home/user/ws_moveit/install/rviz_visual_tools:/home/user/ws_moveit/install/moveit_task_constructor_visualization:/home/user/ws_moveit/install/moveit_task_constructor_demo:/home/user/ws_moveit/install/moveit_task_constructor_capabilities:/home/user/ws_moveit/install/moveit_task_constructor_core:/home/user/ws_moveit/install/rviz_marker_tools:/home/user/ws_moveit/install/kortex_bringup:/home/user/ws_moveit/install/kinova_gen3_lite_moveit_config:/home/user/ws_moveit/install/kinova_gen3_7dof_robotiq_2f_85_moveit_config:/home/user/ws_moveit/install/kinova_gen3_6dof_robotiq_2f_85_moveit_config:/home/user/ws_moveit/install/kortex_description:/home/user/ws_moveit/install/robotiq_description:/home/user/ws_moveit/install/robotiq_controllers:/home/user/ws_moveit/install/pilz_industrial_motion_planner_testutils:/home/user/ws_moveit/install/moveit_runtime:/home/user/ws_moveit/install/moveit:/home/user/ws_moveit/install/moveit_planners:/home/user/ws_moveit/install/pilz_industrial_motion_planner:/home/user/ws_moveit/install/picknik_twist_controller:/home/user/ws_moveit/install/picknik_reset_fault_controller:/home/user/ws_moveit/install/moveit_task_constructor_msgs:/home/user/ws_moveit/install/moveit_ros_control_interface:/home/user/ws_moveit/install/moveit_plugins:/home/user/ws_moveit/install/moveit_simple_controller_manager:/home/user/ws_moveit/install/moveit_setup_assistant:/home/user/ws_moveit/install/moveit_setup_srdf_plugins:/home/user/ws_moveit/install/moveit_setup_core_plugins:/home/user/ws_moveit/install/moveit_setup_controllers:/home/user/ws_moveit/install/moveit_setup_app_plugins:/home/user/ws_moveit/install/moveit_setup_framework:/home/user/ws_moveit/install/moveit_servo:/home/user/ws_moveit/install/moveit_ros_trajectory_cache:/home/user/ws_moveit/install/moveit_ros:/home/user/ws_moveit/install/moveit_ros_visualization:/home/user/ws_moveit/install/moveit_py:/home/user/ws_moveit/install/moveit_hybrid_planning:/home/user/ws_moveit/install/moveit_ros_planning_interface:/home/user/ws_moveit/install/moveit_ros_benchmarks:/home/user/ws_moveit/install/moveit_ros_warehouse:/home/user/ws_moveit/install/moveit_ros_robot_interaction:/home/user/ws_moveit/install/moveit_ros_perception:/home/user/ws_moveit/install/moveit_resources_prbt_pg70_support:/home/user/ws_moveit/install/moveit_resources_prbt_moveit_config:/home/user/ws_moveit/install/moveit_ros_move_group:/home/user/ws_moveit/install/moveit_planners_ompl:/home/user/ws_moveit/install/moveit_kinematics:/home/user/ws_moveit/install/moveit_ros_planning:/home/user/ws_moveit/install/moveit_ros_occupancy_map_monitor:/home/user/ws_moveit/install/moveit_resources_prbt_support:/home/user/ws_moveit/install/moveit_resources_prbt_ikfast_manipulator_plugin:/home/user/ws_moveit/install/moveit_resources:/home/user/ws_moveit/install/moveit_resources_pr2_description:/home/user/ws_moveit/install/moveit_resources_panda_moveit_config:/home/user/ws_moveit/install/dual_arm_panda_moveit_config:/home/user/ws_moveit/install/moveit_resources_panda_description:/home/user/ws_moveit/install/moveit_resources_fanuc_moveit_config:/home/user/ws_moveit/install/moveit_resources_fanuc_description:/home/user/ws_moveit/install/moveit_planners_stomp:/home/user/ws_moveit/install/moveit_planners_chomp:/home/user/ws_moveit/install/chomp_motion_planner:/home/user/ws_moveit/install/moveit_core:/home/user/ws_moveit/install/moveit_msgs:/home/user/ws_moveit/install/moveit_common:/home/user/ws_moveit/install/kortex_driver:/home/user/ws_moveit/install/kortex_api:/opt/ros/jazzy/opt/gz_sim_vendor:/opt/ros/jazzy/opt/gz_sensors_vendor:/opt/ros/jazzy/opt/gz_physics_vendor:/opt/ros/jazzy/opt/sdformat_vendor:/opt/ros/jazzy/opt/gz_gui_vendor:/opt/ros/jazzy/opt/gz_transport_vendor:/opt/ros/jazzy/opt/gz_rendering_vendor:/opt/ros/jazzy/opt/gz_plugin_vendor:/opt/ros/jazzy/opt/gz_fuel_tools_vendor:/opt/ros/jazzy/opt/gz_msgs_vendor:/opt/ros/jazzy/opt/gz_common_vendor:/opt/ros/jazzy/opt/gz_math_vendor:/opt/ros/jazzy/opt/gz_utils_vendor:/opt/ros/jazzy/opt/gz_tools_vendor:/opt/ros/jazzy/opt/gz_ogre_next_vendor:/opt/ros/jazzy/opt/gz_dartsim_vendor:/opt/ros/jazzy/opt/gz_cmake_vendor:/home/user/robot_arm_ws/install/my_arm_sim:/home/user/ws_moveit/install/moveit_configs_utils:/opt/ros/jazzy DEBUGINFOD_URLS=https://debuginfod.ubuntu.com /usr/bin/cmake --build /home/user/robot_arm_ws/build/arm_moveit_config -- -j16 -l16
[2.943s] DEBUG:colcon.colcon_core.event_handler.log_command:Invoked command in '/home/user/robot_arm_ws/build/arm_moveit_config' returned '0': CMAKE_PREFIX_PATH=/home/user/robot_arm_ws/install/robot_arm:/home/user/robot_arm_ws/install/arm_moveit_config:/home/user/ws_moveit/install/robotiq_hardware_tests:/home/user/ws_moveit/install/robotiq_driver:/home/user/ws_moveit/install/serial:/home/user/ws_moveit/install/moveit2_tutorials:/home/user/ws_moveit/install/moveit_visual_tools:/home/user/ws_moveit/install/rviz_visual_tools:/home/user/ws_moveit/install/moveit_task_constructor_visualization:/home/user/ws_moveit/install/moveit_task_constructor_demo:/home/user/ws_moveit/install/moveit_task_constructor_capabilities:/home/user/ws_moveit/install/moveit_task_constructor_core:/home/user/ws_moveit/install/rviz_marker_tools:/home/user/ws_moveit/install/kortex_bringup:/home/user/ws_moveit/install/kinova_gen3_lite_moveit_config:/home/user/ws_moveit/install/kinova_gen3_7dof_robotiq_2f_85_moveit_config:/home/user/ws_moveit/install/kinova_gen3_6dof_robotiq_2f_85_moveit_config:/home/user/ws_moveit/install/kortex_description:/home/user/ws_moveit/install/robotiq_description:/home/user/ws_moveit/install/robotiq_controllers:/home/user/ws_moveit/install/pilz_industrial_motion_planner_testutils:/home/user/ws_moveit/install/moveit_runtime:/home/user/ws_moveit/install/moveit:/home/user/ws_moveit/install/moveit_planners:/home/user/ws_moveit/install/pilz_industrial_motion_planner:/home/user/ws_moveit/install/picknik_twist_controller:/home/user/ws_moveit/install/picknik_reset_fault_controller:/home/user/ws_moveit/install/moveit_task_constructor_msgs:/home/user/ws_moveit/install/moveit_ros_control_interface:/home/user/ws_moveit/install/moveit_plugins:/home/user/ws_moveit/install/moveit_simple_controller_manager:/home/user/ws_moveit/install/moveit_setup_assistant:/home/user/ws_moveit/install/moveit_setup_srdf_plugins:/home/user/ws_moveit/install/moveit_setup_core_plugins:/home/user/ws_moveit/install/moveit_setup_controllers:/home/user/ws_moveit/install/moveit_setup_app_plugins:/home/user/ws_moveit/install/moveit_setup_framework:/home/user/ws_moveit/install/moveit_servo:/home/user/ws_moveit/install/moveit_ros_trajectory_cache:/home/user/ws_moveit/install/moveit_ros:/home/user/ws_moveit/install/moveit_ros_visualization:/home/user/ws_moveit/install/moveit_py:/home/user/ws_moveit/install/moveit_hybrid_planning:/home/user/ws_moveit/install/moveit_ros_planning_interface:/home/user/ws_moveit/install/moveit_ros_benchmarks:/home/user/ws_moveit/install/moveit_ros_warehouse:/home/user/ws_moveit/install/moveit_ros_robot_interaction:/home/user/ws_moveit/install/moveit_ros_perception:/home/user/ws_moveit/install/moveit_resources_prbt_pg70_support:/home/user/ws_moveit/install/moveit_resources_prbt_moveit_config:/home/user/ws_moveit/install/moveit_ros_move_group:/home/user/ws_moveit/install/moveit_planners_ompl:/home/user/ws_moveit/install/moveit_kinematics:/home/user/ws_moveit/install/moveit_ros_planning:/home/user/ws_moveit/install/moveit_ros_occupancy_map_monitor:/home/user/ws_moveit/install/moveit_resources_prbt_support:/home/user/ws_moveit/install/moveit_resources_prbt_ikfast_manipulator_plugin:/home/user/ws_moveit/install/moveit_resources:/home/user/ws_moveit/install/moveit_resources_pr2_description:/home/user/ws_moveit/install/moveit_resources_panda_moveit_config:/home/user/ws_moveit/install/dual_arm_panda_moveit_config:/home/user/ws_moveit/install/moveit_resources_panda_description:/home/user/ws_moveit/install/moveit_resources_fanuc_moveit_config:/home/user/ws_moveit/install/moveit_resources_fanuc_description:/home/user/ws_moveit/install/moveit_planners_stomp:/home/user/ws_moveit/install/moveit_planners_chomp:/home/user/ws_moveit/install/chomp_motion_planner:/home/user/ws_moveit/install/moveit_core:/home/user/ws_moveit/install/moveit_msgs:/home/user/ws_moveit/install/moveit_common:/home/user/ws_moveit/install/kortex_driver:/home/user/ws_moveit/install/kortex_api:/opt/ros/jazzy/opt/gz_sim_vendor:/opt/ros/jazzy/opt/gz_sensors_vendor:/opt/ros/jazzy/opt/gz_physics_vendor:/opt/ros/jazzy/opt/sdformat_vendor:/opt/ros/jazzy/opt/gz_gui_vendor:/opt/ros/jazzy/opt/gz_transport_vendor:/opt/ros/jazzy/opt/gz_rendering_vendor:/opt/ros/jazzy/opt/gz_plugin_vendor:/opt/ros/jazzy/opt/gz_fuel_tools_vendor:/opt/ros/jazzy/opt/gz_msgs_vendor:/opt/ros/jazzy/opt/gz_common_vendor:/opt/ros/jazzy/opt/gz_math_vendor:/opt/ros/jazzy/opt/gz_utils_vendor:/opt/ros/jazzy/opt/gz_tools_vendor:/opt/ros/jazzy/opt/gz_ogre_next_vendor:/opt/ros/jazzy/opt/gz_dartsim_vendor:/opt/ros/jazzy/opt/gz_cmake_vendor:/home/user/robot_arm_ws/install/my_arm_sim:/home/user/ws_moveit/install/moveit_configs_utils:/opt/ros/jazzy DEBUGINFOD_URLS=https://debuginfod.ubuntu.com /usr/bin/cmake --build /home/user/robot_arm_ws/build/arm_moveit_config -- -j16 -l16
[2.944s] DEBUG:colcon.colcon_core.event_handler.log_command:Invoking command in '/home/user/robot_arm_ws/build/arm_moveit_config': CMAKE_PREFIX_PATH=/home/user/robot_arm_ws/install/robot_arm:/home/user/robot_arm_ws/install/arm_moveit_config:/home/user/ws_moveit/install/robotiq_hardware_tests:/home/user/ws_moveit/install/robotiq_driver:/home/user/ws_moveit/install/serial:/home/user/ws_moveit/install/moveit2_tutorials:/home/user/ws_moveit/install/moveit_visual_tools:/home/user/ws_moveit/install/rviz_visual_tools:/home/user/ws_moveit/install/moveit_task_constructor_visualization:/home/user/ws_moveit/install/moveit_task_constructor_demo:/home/user/ws_moveit/install/moveit_task_constructor_capabilities:/home/user/ws_moveit/install/moveit_task_constructor_core:/home/user/ws_moveit/install/rviz_marker_tools:/home/user/ws_moveit/install/kortex_bringup:/home/user/ws_moveit/install/kinova_gen3_lite_moveit_config:/home/user/ws_moveit/install/kinova_gen3_7dof_robotiq_2f_85_moveit_config:/home/user/ws_moveit/install/kinova_gen3_6dof_robotiq_2f_85_moveit_config:/home/user/ws_moveit/install/kortex_description:/home/user/ws_moveit/install/robotiq_description:/home/user/ws_moveit/install/robotiq_controllers:/home/user/ws_moveit/install/pilz_industrial_motion_planner_testutils:/home/user/ws_moveit/install/moveit_runtime:/home/user/ws_moveit/install/moveit:/home/user/ws_moveit/install/moveit_planners:/home/user/ws_moveit/install/pilz_industrial_motion_planner:/home/user/ws_moveit/install/picknik_twist_controller:/home/user/ws_moveit/install/picknik_reset_fault_controller:/home/user/ws_moveit/install/moveit_task_constructor_msgs:/home/user/ws_moveit/install/moveit_ros_control_interface:/home/user/ws_moveit/install/moveit_plugins:/home/user/ws_moveit/install/moveit_simple_controller_manager:/home/user/ws_moveit/install/moveit_setup_assistant:/home/user/ws_moveit/install/moveit_setup_srdf_plugins:/home/user/ws_moveit/install/moveit_setup_core_plugins:/home/user/ws_moveit/install/moveit_setup_controllers:/home/user/ws_moveit/install/moveit_setup_app_plugins:/home/user/ws_moveit/install/moveit_setup_framework:/home/user/ws_moveit/install/moveit_servo:/home/user/ws_moveit/install/moveit_ros_trajectory_cache:/home/user/ws_moveit/install/moveit_ros:/home/user/ws_moveit/install/moveit_ros_visualization:/home/user/ws_moveit/install/moveit_py:/home/user/ws_moveit/install/moveit_hybrid_planning:/home/user/ws_moveit/install/moveit_ros_planning_interface:/home/user/ws_moveit/install/moveit_ros_benchmarks:/home/user/ws_moveit/install/moveit_ros_warehouse:/home/user/ws_moveit/install/moveit_ros_robot_interaction:/home/user/ws_moveit/install/moveit_ros_perception:/home/user/ws_moveit/install/moveit_resources_prbt_pg70_support:/home/user/ws_moveit/install/moveit_resources_prbt_moveit_config:/home/user/ws_moveit/install/moveit_ros_move_group:/home/user/ws_moveit/install/moveit_planners_ompl:/home/user/ws_moveit/install/moveit_kinematics:/home/user/ws_moveit/install/moveit_ros_planning:/home/user/ws_moveit/install/moveit_ros_occupancy_map_monitor:/home/user/ws_moveit/install/moveit_resources_prbt_support:/home/user/ws_moveit/install/moveit_resources_prbt_ikfast_manipulator_plugin:/home/user/ws_moveit/install/moveit_resources:/home/user/ws_moveit/install/moveit_resources_pr2_description:/home/user/ws_moveit/install/moveit_resources_panda_moveit_config:/home/user/ws_moveit/install/dual_arm_panda_moveit_config:/home/user/ws_moveit/install/moveit_resources_panda_description:/home/user/ws_moveit/install/moveit_resources_fanuc_moveit_config:/home/user/ws_moveit/install/moveit_resources_fanuc_description:/home/user/ws_moveit/install/moveit_planners_stomp:/home/user/ws_moveit/install/moveit_planners_chomp:/home/user/ws_moveit/install/chomp_motion_planner:/home/user/ws_moveit/install/moveit_core:/home/user/ws_moveit/install/moveit_msgs:/home/user/ws_moveit/install/moveit_common:/home/user/ws_moveit/install/kortex_driver:/home/user/ws_moveit/install/kortex_api:/opt/ros/jazzy/opt/gz_sim_vendor:/opt/ros/jazzy/opt/gz_sensors_vendor:/opt/ros/jazzy/opt/gz_physics_vendor:/opt/ros/jazzy/opt/sdformat_vendor:/opt/ros/jazzy/opt/gz_gui_vendor:/opt/ros/jazzy/opt/gz_transport_vendor:/opt/ros/jazzy/opt/gz_rendering_vendor:/opt/ros/jazzy/opt/gz_plugin_vendor:/opt/ros/jazzy/opt/gz_fuel_tools_vendor:/opt/ros/jazzy/opt/gz_msgs_vendor:/opt/ros/jazzy/opt/gz_common_vendor:/opt/ros/jazzy/opt/gz_math_vendor:/opt/ros/jazzy/opt/gz_utils_vendor:/opt/ros/jazzy/opt/gz_tools_vendor:/opt/ros/jazzy/opt/gz_ogre_next_vendor:/opt/ros/jazzy/opt/gz_dartsim_vendor:/opt/ros/jazzy/opt/gz_cmake_vendor:/home/user/robot_arm_ws/install/my_arm_sim:/home/user/ws_moveit/install/moveit_configs_utils:/opt/ros/jazzy DEBUGINFOD_URLS=https://debuginfod.ubuntu.com /usr/bin/cmake --install /home/user/robot_arm_ws/build/arm_moveit_config
[2.981s] Level 1:colcon.colcon_core.environment:create_environment_scripts_only(arm_moveit_config)
[2.982s] Level 1:colcon.colcon_core.environment:checking '/home/user/robot_arm_ws/install/arm_moveit_config' for CMake module files
[2.984s] Level 1:colcon.colcon_core.environment:checking '/home/user/robot_arm_ws/install/arm_moveit_config' for CMake config files
[2.985s] Level 1:colcon.colcon_core.shell:create_environment_hook('arm_moveit_config', 'cmake_prefix_path')
[2.986s] DEBUG:colcon.colcon_core.event_handler.log_command:Invoked command in '/home/user/robot_arm_ws/build/arm_moveit_config' returned '0': CMAKE_PREFIX_PATH=/home/user/robot_arm_ws/install/robot_arm:/home/user/robot_arm_ws/install/arm_moveit_config:/home/user/ws_moveit/install/robotiq_hardware_tests:/home/user/ws_moveit/install/robotiq_driver:/home/user/ws_moveit/install/serial:/home/user/ws_moveit/install/moveit2_tutorials:/home/user/ws_moveit/install/moveit_visual_tools:/home/user/ws_moveit/install/rviz_visual_tools:/home/user/ws_moveit/install/moveit_task_constructor_visualization:/home/user/ws_moveit/install/moveit_task_constructor_demo:/home/user/ws_moveit/install/moveit_task_constructor_capabilities:/home/user/ws_moveit/install/moveit_task_constructor_core:/home/user/ws_moveit/install/rviz_marker_tools:/home/user/ws_moveit/install/kortex_bringup:/home/user/ws_moveit/install/kinova_gen3_lite_moveit_config:/home/user/ws_moveit/install/kinova_gen3_7dof_robotiq_2f_85_moveit_config:/home/user/ws_moveit/install/kinova_gen3_6dof_robotiq_2f_85_moveit_config:/home/user/ws_moveit/install/kortex_description:/home/user/ws_moveit/install/robotiq_description:/home/user/ws_moveit/install/robotiq_controllers:/home/user/ws_moveit/install/pilz_industrial_motion_planner_testutils:/home/user/ws_moveit/install/moveit_runtime:/home/user/ws_moveit/install/moveit:/home/user/ws_moveit/install/moveit_planners:/home/user/ws_moveit/install/pilz_industrial_motion_planner:/home/user/ws_moveit/install/picknik_twist_controller:/home/user/ws_moveit/install/picknik_reset_fault_controller:/home/user/ws_moveit/install/moveit_task_constructor_msgs:/home/user/ws_moveit/install/moveit_ros_control_interface:/home/user/ws_moveit/install/moveit_plugins:/home/user/ws_moveit/install/moveit_simple_controller_manager:/home/user/ws_moveit/install/moveit_setup_assistant:/home/user/ws_moveit/install/moveit_setup_srdf_plugins:/home/user/ws_moveit/install/moveit_setup_core_plugins:/home/user/ws_moveit/install/moveit_setup_controllers:/home/user/ws_moveit/install/moveit_setup_app_plugins:/home/user/ws_moveit/install/moveit_setup_framework:/home/user/ws_moveit/install/moveit_servo:/home/user/ws_moveit/install/moveit_ros_trajectory_cache:/home/user/ws_moveit/install/moveit_ros:/home/user/ws_moveit/install/moveit_ros_visualization:/home/user/ws_moveit/install/moveit_py:/home/user/ws_moveit/install/moveit_hybrid_planning:/home/user/ws_moveit/install/moveit_ros_planning_interface:/home/user/ws_moveit/install/moveit_ros_benchmarks:/home/user/ws_moveit/install/moveit_ros_warehouse:/home/user/ws_moveit/install/moveit_ros_robot_interaction:/home/user/ws_moveit/install/moveit_ros_perception:/home/user/ws_moveit/install/moveit_resources_prbt_pg70_support:/home/user/ws_moveit/install/moveit_resources_prbt_moveit_config:/home/user/ws_moveit/install/moveit_ros_move_group:/home/user/ws_moveit/install/moveit_planners_ompl:/home/user/ws_moveit/install/moveit_kinematics:/home/user/ws_moveit/install/moveit_ros_planning:/home/user/ws_moveit/install/moveit_ros_occupancy_map_monitor:/home/user/ws_moveit/install/moveit_resources_prbt_support:/home/user/ws_moveit/install/moveit_resources_prbt_ikfast_manipulator_plugin:/home/user/ws_moveit/install/moveit_resources:/home/user/ws_moveit/install/moveit_resources_pr2_description:/home/user/ws_moveit/install/moveit_resources_panda_moveit_config:/home/user/ws_moveit/install/dual_arm_panda_moveit_config:/home/user/ws_moveit/install/moveit_resources_panda_description:/home/user/ws_moveit/install/moveit_resources_fanuc_moveit_config:/home/user/ws_moveit/install/moveit_resources_fanuc_description:/home/user/ws_moveit/install/moveit_planners_stomp:/home/user/ws_moveit/install/moveit_planners_chomp:/home/user/ws_moveit/install/chomp_motion_planner:/home/user/ws_moveit/install/moveit_core:/home/user/ws_moveit/install/moveit_msgs:/home/user/ws_moveit/install/moveit_common:/home/user/ws_moveit/install/kortex_driver:/home/user/ws_moveit/install/kortex_api:/opt/ros/jazzy/opt/gz_sim_vendor:/opt/ros/jazzy/opt/gz_sensors_vendor:/opt/ros/jazzy/opt/gz_physics_vendor:/opt/ros/jazzy/opt/sdformat_vendor:/opt/ros/jazzy/opt/gz_gui_vendor:/opt/ros/jazzy/opt/gz_transport_vendor:/opt/ros/jazzy/opt/gz_rendering_vendor:/opt/ros/jazzy/opt/gz_plugin_vendor:/opt/ros/jazzy/opt/gz_fuel_tools_vendor:/opt/ros/jazzy/opt/gz_msgs_vendor:/opt/ros/jazzy/opt/gz_common_vendor:/opt/ros/jazzy/opt/gz_math_vendor:/opt/ros/jazzy/opt/gz_utils_vendor:/opt/ros/jazzy/opt/gz_tools_vendor:/opt/ros/jazzy/opt/gz_ogre_next_vendor:/opt/ros/jazzy/opt/gz_dartsim_vendor:/opt/ros/jazzy/opt/gz_cmake_vendor:/home/user/robot_arm_ws/install/my_arm_sim:/home/user/ws_moveit/install/moveit_configs_utils:/opt/ros/jazzy DEBUGINFOD_URLS=https://debuginfod.ubuntu.com /usr/bin/cmake --install /home/user/robot_arm_ws/build/arm_moveit_config
[2.986s] INFO:colcon.colcon_core.shell:Creating environment hook '/home/user/robot_arm_ws/install/arm_moveit_config/share/arm_moveit_config/hook/cmake_prefix_path.ps1'
[2.988s] INFO:colcon.colcon_core.shell:Creating environment descriptor '/home/user/robot_arm_ws/install/arm_moveit_config/share/arm_moveit_config/hook/cmake_prefix_path.dsv'
[2.989s] INFO:colcon.colcon_core.shell:Creating environment hook '/home/user/robot_arm_ws/install/arm_moveit_config/share/arm_moveit_config/hook/cmake_prefix_path.sh'
[2.990s] Level 1:colcon.colcon_core.environment:checking '/home/user/robot_arm_ws/install/arm_moveit_config/bin'
[2.990s] Level 1:colcon.colcon_core.environment:checking '/home/user/robot_arm_ws/install/arm_moveit_config/lib/pkgconfig/arm_moveit_config.pc'
[2.991s] Level 1:colcon.colcon_core.environment:checking '/home/user/robot_arm_ws/install/arm_moveit_config/lib/python3.12/site-packages'
[2.992s] Level 1:colcon.colcon_core.environment:checking '/home/user/robot_arm_ws/install/arm_moveit_config/bin'
[2.992s] INFO:colcon.colcon_core.shell:Creating package script '/home/user/robot_arm_ws/install/arm_moveit_config/share/arm_moveit_config/package.ps1'
[2.993s] INFO:colcon.colcon_core.shell:Creating package descriptor '/home/user/robot_arm_ws/install/arm_moveit_config/share/arm_moveit_config/package.dsv'
[2.994s] INFO:colcon.colcon_core.shell:Creating package script '/home/user/robot_arm_ws/install/arm_moveit_config/share/arm_moveit_config/package.sh'
[2.995s] INFO:colcon.colcon_core.shell:Creating package script '/home/user/robot_arm_ws/install/arm_moveit_config/share/arm_moveit_config/package.bash'
[2.996s] INFO:colcon.colcon_core.shell:Creating package script '/home/user/robot_arm_ws/install/arm_moveit_config/share/arm_moveit_config/package.zsh'
[2.997s] Level 1:colcon.colcon_core.environment:create_file_with_runtime_dependencies(/home/user/robot_arm_ws/install/arm_moveit_config/share/colcon-core/packages/arm_moveit_config)
[2.998s] Level 1:colcon.colcon_core.environment:create_environment_scripts_only(arm_moveit_config)
[2.998s] Level 1:colcon.colcon_core.environment:checking '/home/user/robot_arm_ws/install/arm_moveit_config' for CMake module files
[2.999s] Level 1:colcon.colcon_core.environment:checking '/home/user/robot_arm_ws/install/arm_moveit_config' for CMake config files
[2.999s] Level 1:colcon.colcon_core.shell:create_environment_hook('arm_moveit_config', 'cmake_prefix_path')
[3.000s] INFO:colcon.colcon_core.shell:Creating environment hook '/home/user/robot_arm_ws/install/arm_moveit_config/share/arm_moveit_config/hook/cmake_prefix_path.ps1'
[3.001s] INFO:colcon.colcon_core.shell:Creating environment descriptor '/home/user/robot_arm_ws/install/arm_moveit_config/share/arm_moveit_config/hook/cmake_prefix_path.dsv'
[3.002s] INFO:colcon.colcon_core.shell:Creating environment hook '/home/user/robot_arm_ws/install/arm_moveit_config/share/arm_moveit_config/hook/cmake_prefix_path.sh'
[3.003s] Level 1:colcon.colcon_core.environment:checking '/home/user/robot_arm_ws/install/arm_moveit_config/bin'
[3.003s] Level 1:colcon.colcon_core.environment:checking '/home/user/robot_arm_ws/install/arm_moveit_config/lib/pkgconfig/arm_moveit_config.pc'
[3.004s] Level 1:colcon.colcon_core.environment:checking '/home/user/robot_arm_ws/install/arm_moveit_config/lib/python3.12/site-packages'
[3.004s] Level 1:colcon.colcon_core.environment:checking '/home/user/robot_arm_ws/install/arm_moveit_config/bin'
[3.005s] INFO:colcon.colcon_core.shell:Creating package script '/home/user/robot_arm_ws/install/arm_moveit_config/share/arm_moveit_config/package.ps1'
[3.006s] INFO:colcon.colcon_core.shell:Creating package descriptor '/home/user/robot_arm_ws/install/arm_moveit_config/share/arm_moveit_config/package.dsv'
[3.007s] INFO:colcon.colcon_core.shell:Creating package script '/home/user/robot_arm_ws/install/arm_moveit_config/share/arm_moveit_config/package.sh'
[3.008s] INFO:colcon.colcon_core.shell:Creating package script '/home/user/robot_arm_ws/install/arm_moveit_config/share/arm_moveit_config/package.bash'
[3.009s] INFO:colcon.colcon_core.shell:Creating package script '/home/user/robot_arm_ws/install/arm_moveit_config/share/arm_moveit_config/package.zsh'
[3.012s] Level 1:colcon.colcon_core.environment:create_file_with_runtime_dependencies(/home/user/robot_arm_ws/install/arm_moveit_config/share/colcon-core/packages/arm_moveit_config)
[3.013s] DEBUG:colcon.colcon_parallel_executor.executor.parallel:closing loop
[3.015s] DEBUG:colcon.colcon_parallel_executor.executor.parallel:loop closed
[3.015s] DEBUG:colcon.colcon_parallel_executor.executor.parallel:run_until_complete finished with '0'
[3.015s] DEBUG:colcon.colcon_core.event_reactor:joining thread
[3.039s] INFO:colcon.colcon_core.plugin_system:Skipping extension 'colcon_notification.desktop_notification.terminal_notifier': Not used on non-Darwin systems
[3.040s] INFO:colcon.colcon_core.plugin_system:Skipping extension 'colcon_notification.desktop_notification.win32': Not used on non-Windows systems
[3.040s] INFO:colcon.colcon_notification.desktop_notification:Sending desktop notification using 'notify2'
[3.079s] DEBUG:colcon.colcon_core.event_reactor:joined thread
[3.080s] INFO:colcon.colcon_core.shell:Creating prefix script '/home/user/robot_arm_ws/install/local_setup.ps1'
[3.081s] INFO:colcon.colcon_core.shell:Creating prefix util module '/home/user/robot_arm_ws/install/_local_setup_util_ps1.py'
[3.084s] INFO:colcon.colcon_core.shell:Creating prefix chain script '/home/user/robot_arm_ws/install/setup.ps1'
[3.090s] INFO:colcon.colcon_core.shell:Creating prefix script '/home/user/robot_arm_ws/install/local_setup.sh'
[3.091s] INFO:colcon.colcon_core.shell:Creating prefix util module '/home/user/robot_arm_ws/install/_local_setup_util_sh.py'
[3.093s] INFO:colcon.colcon_core.shell:Creating prefix chain script '/home/user/robot_arm_ws/install/setup.sh'
[3.105s] INFO:colcon.colcon_core.shell:Creating prefix script '/home/user/robot_arm_ws/install/local_setup.bash'
[3.111s] INFO:colcon.colcon_core.shell:Creating prefix chain script '/home/user/robot_arm_ws/install/setup.bash'
[3.122s] INFO:colcon.colcon_core.shell:Creating prefix script '/home/user/robot_arm_ws/install/local_setup.zsh'
[3.124s] INFO:colcon.colcon_core.shell:Creating prefix chain script '/home/user/robot_arm_ws/install/setup.zsh'
