-- Found ament_cmake: 2.5.4 (/opt/ros/jazzy/share/ament_cmake/cmake)
-- Found urdf: 2.10.0 (/opt/ros/jazzy/share/urdf/cmake)
-- Found TinyXML2 via Config file: /usr/lib/x86_64-linux-gnu/cmake/tinyxml2
-- Found xacro: 2.0.13 (/opt/ros/jazzy/share/xacro/cmake)
-- Found rviz2: 14.1.10 (/opt/ros/jazzy/share/rviz2/cmake)
-- Found ros_gz_sim: 1.0.11 (/opt/ros/jazzy/share/ros_gz_sim/cmake)
-- Found rosidl_generator_c: 4.6.5 (/opt/ros/jazzy/share/rosidl_generator_c/cmake)
-- Found rosidl_generator_cpp: 4.6.5 (/opt/ros/jazzy/share/rosidl_generator_cpp/cmake)
-- Using all available rosidl_typesupport_c: rosidl_typesupport_fastrtps_c;rosidl_typesupport_introspection_c
-- Using all available rosidl_typesupport_cpp: rosidl_typesupport_fastrtps_cpp;rosidl_typesupport_introspection_cpp
-- Found rmw_implementation_cmake: 7.3.2 (/opt/ros/jazzy/share/rmw_implementation_cmake/cmake)
-- Found rmw_fastrtps_cpp: 8.4.2 (/opt/ros/jazzy/share/rmw_fastrtps_cpp/cmake)
-- Found TinyXML2 via Config file: /usr/lib/x86_64-linux-gnu/cmake/tinyxml2
-- Found TinyXML2 via Config file: /usr/lib/x86_64-linux-gnu/cmake/tinyxml2
-- Found TinyXML2 via Config file: /usr/lib/x86_64-linux-gnu/cmake/tinyxml2
-- Found TinyXML2 via Config file: /usr/lib/x86_64-linux-gnu/cmake/tinyxml2
-- Using RMW implementation 'rmw_fastrtps_cpp' as default
-- Found ros2_control: 4.28.1 (/opt/ros/jazzy/share/ros2_control/cmake)
-- Found ros2_controllers: 4.23.0 (/opt/ros/jazzy/share/ros2_controllers/cmake)
-- Found ament_lint_auto: 0.17.2 (/opt/ros/jazzy/share/ament_lint_auto/cmake)
-- Configuring incomplete, errors occurred!
