running egg_info
writing ../../build/my_arm_sim/my_arm_sim.egg-info/PKG-INFO
writing dependency_links to ../../build/my_arm_sim/my_arm_sim.egg-info/dependency_links.txt
writing entry points to ../../build/my_arm_sim/my_arm_sim.egg-info/entry_points.txt
writing requirements to ../../build/my_arm_sim/my_arm_sim.egg-info/requires.txt
writing top-level names to ../../build/my_arm_sim/my_arm_sim.egg-info/top_level.txt
reading manifest file '../../build/my_arm_sim/my_arm_sim.egg-info/SOURCES.txt'
writing manifest file '../../build/my_arm_sim/my_arm_sim.egg-info/SOURCES.txt'
running build
running build_py
copying my_arm_sim/joint_array_splitter.py -> /home/user/robot_arm_ws/build/my_arm_sim/build/lib/my_arm_sim
running install
running install_lib
copying /home/user/robot_arm_ws/build/my_arm_sim/build/lib/my_arm_sim/joint_array_splitter.py -> /home/user/robot_arm_ws/install/my_arm_sim/lib/python3.12/site-packages/my_arm_sim
byte-compiling /home/user/robot_arm_ws/install/my_arm_sim/lib/python3.12/site-packages/my_arm_sim/joint_array_splitter.py to joint_array_splitter.cpython-312.pyc
running install_data
copying launch/sim_control.launch.py -> /home/user/robot_arm_ws/install/my_arm_sim/share/my_arm_sim/launch
running install_egg_info
removing '/home/user/robot_arm_ws/install/my_arm_sim/lib/python3.12/site-packages/my_arm_sim-0.0.1-py3.12.egg-info' (and everything under it)
Copying ../../build/my_arm_sim/my_arm_sim.egg-info to /home/user/robot_arm_ws/install/my_arm_sim/lib/python3.12/site-packages/my_arm_sim-0.0.1-py3.12.egg-info
running install_scripts
Installing joint_array_splitter script to /home/user/robot_arm_ws/install/my_arm_sim/lib/my_arm_sim
Installing square_ik_node script to /home/user/robot_arm_ws/install/my_arm_sim/lib/my_arm_sim
writing list of installed files to '/home/user/robot_arm_ws/build/my_arm_sim/install.log'
