[0.012s] Invoking command in '/home/user/robot_arm_ws/build/robot_arm': CMAKE_PREFIX_PATH=${CMAKE_PREFIX_PATH}:/home/user/robot_arm_ws/install/my_arm_sim:/home/user/ws_moveit/install/moveit_configs_utils:/home/user/ros2_ws/install/my_robot_controller:/opt/ros/jazzy DEBUGINFOD_URLS=https://debuginfod.ubuntu.com /usr/bin/cmake --build /home/user/robot_arm_ws/build/robot_arm -- -j16 -l16
[0.033s] -- Found ament_cmake: 2.5.4 (/opt/ros/jazzy/share/ament_cmake/cmake)
[0.184s] -- Found rclcpp: 28.1.9 (/opt/ros/jazzy/share/rclcpp/cmake)
[0.203s] -- Found rosidl_generator_c: 4.6.5 (/opt/ros/jazzy/share/rosidl_generator_c/cmake)
[0.209s] -- Found rosidl_generator_cpp: 4.6.5 (/opt/ros/jazzy/share/rosidl_generator_cpp/cmake)
[0.219s] -- Using all available rosidl_typesupport_c: rosidl_typesupport_fastrtps_c;rosidl_typesupport_introspection_c
[0.230s] -- Using all available rosidl_typesupport_cpp: rosidl_typesupport_fastrtps_cpp;rosidl_typesupport_introspection_cpp
[0.272s] -- Found rmw_implementation_cmake: 7.3.2 (/opt/ros/jazzy/share/rmw_implementation_cmake/cmake)
[0.275s] -- Found rmw_fastrtps_cpp: 8.4.2 (/opt/ros/jazzy/share/rmw_fastrtps_cpp/cmake)
[0.324s] -- Using RMW implementation 'rmw_fastrtps_cpp' as default
[0.368s] -- Found rclpy: 7.1.4 (/opt/ros/jazzy/share/rclpy/cmake)
[0.368s] -- Found sensor_msgs: 5.3.6 (/opt/ros/jazzy/share/sensor_msgs/cmake)
[0.405s] -- Found ament_lint_auto: 0.17.2 (/opt/ros/jazzy/share/ament_lint_auto/cmake)
[0.527s] -- Configuring done (0.5s)
[0.530s] -- Generating done (0.0s)
[0.532s] -- Build files have been written to: /home/user/robot_arm_ws/build/robot_arm
[0.570s] Built target ament_cmake_python_copy_robot_arm
[0.776s] running egg_info
[0.777s] creating robot_arm.egg-info
[0.796s] writing robot_arm.egg-info/PKG-INFO
[0.796s] writing dependency_links to robot_arm.egg-info/dependency_links.txt
[0.796s] writing top-level names to robot_arm.egg-info/top_level.txt
[0.796s] writing manifest file 'robot_arm.egg-info/SOURCES.txt'
[0.852s] reading manifest file 'robot_arm.egg-info/SOURCES.txt'
[0.852s] writing manifest file 'robot_arm.egg-info/SOURCES.txt'
[0.873s] Built target ament_cmake_python_build_robot_arm_egg
[0.882s] Invoked command in '/home/user/robot_arm_ws/build/robot_arm' returned '0': CMAKE_PREFIX_PATH=${CMAKE_PREFIX_PATH}:/home/user/robot_arm_ws/install/my_arm_sim:/home/user/ws_moveit/install/moveit_configs_utils:/home/user/ros2_ws/install/my_robot_controller:/opt/ros/jazzy DEBUGINFOD_URLS=https://debuginfod.ubuntu.com /usr/bin/cmake --build /home/user/robot_arm_ws/build/robot_arm -- -j16 -l16
[0.892s] Invoking command in '/home/user/robot_arm_ws/build/robot_arm': CMAKE_PREFIX_PATH=${CMAKE_PREFIX_PATH}:/home/user/robot_arm_ws/install/my_arm_sim:/home/user/ws_moveit/install/moveit_configs_utils:/home/user/ros2_ws/install/my_robot_controller:/opt/ros/jazzy DEBUGINFOD_URLS=https://debuginfod.ubuntu.com /usr/bin/cmake --install /home/user/robot_arm_ws/build/robot_arm
[0.899s] -- Install configuration: ""
[0.899s] -- Up-to-date: /home/user/robot_arm_ws/install/robot_arm/share/robot_arm/launch
[0.900s] -- Up-to-date: /home/user/robot_arm_ws/install/robot_arm/share/robot_arm/launch/sim_control.launch.py
[0.900s] -- Up-to-date: /home/user/robot_arm_ws/install/robot_arm/share/robot_arm/urdf
[0.900s] -- Up-to-date: /home/user/robot_arm_ws/install/robot_arm/share/robot_arm/urdf/Robot_arm.urdf
[0.900s] -- Up-to-date: /home/user/robot_arm_ws/install/robot_arm/share/robot_arm/urdf/Robot_arm.urdf.xacro
[0.900s] -- Up-to-date: /home/user/robot_arm_ws/install/robot_arm/share/robot_arm/urdf/Robot_arm.csv
[0.900s] -- Up-to-date: /home/user/robot_arm_ws/install/robot_arm/share/robot_arm/config
[0.900s] -- Installing: /home/user/robot_arm_ws/install/robot_arm/share/robot_arm/config/bridge.yaml
[0.900s] -- Installing: /home/user/robot_arm_ws/install/robot_arm/share/robot_arm/config/trajectory_controllers.yaml
[0.900s] -- Installing: /home/user/robot_arm_ws/install/robot_arm/share/robot_arm/config/controllers.yaml
[0.900s] -- Up-to-date: /home/user/robot_arm_ws/install/robot_arm/share/robot_arm/meshes
[0.900s] -- Up-to-date: /home/user/robot_arm_ws/install/robot_arm/share/robot_arm/meshes/link_4.stl
[0.900s] -- Up-to-date: /home/user/robot_arm_ws/install/robot_arm/share/robot_arm/meshes/link_2.stl
[0.900s] -- Up-to-date: /home/user/robot_arm_ws/install/robot_arm/share/robot_arm/meshes/link_1.stl
[0.900s] -- Up-to-date: /home/user/robot_arm_ws/install/robot_arm/share/robot_arm/meshes/Link_3.stl
[0.900s] -- Up-to-date: /home/user/robot_arm_ws/install/robot_arm/share/robot_arm/meshes/base_2.stl
[0.900s] -- Up-to-date: /home/user/robot_arm_ws/install/robot_arm/share/robot_arm/meshes/base_link.stl
[0.900s] -- Up-to-date: /home/user/robot_arm_ws/install/robot_arm/share/robot_arm/models
[0.900s] -- Up-to-date: /home/user/robot_arm_ws/install/robot_arm/share/robot_arm/models/Robot_arm.sdf
[0.900s] -- Installing: /home/user/robot_arm_ws/install/robot_arm/share/robot_arm/worlds
[0.900s] -- Installing: /home/user/robot_arm_ws/install/robot_arm/share/robot_arm/worlds/world_demo.sdf
[0.901s] [31mCMake Error at cmake_install.cmake:46 (file):
[0.901s]   file INSTALL cannot find
[0.901s]   "/home/user/robot_arm_ws/src/robot_arm/my_arm_sim": No such file or
[0.901s]   directory.
[0.901s] 
[0.901s] [0m
[0.901s] Invoked command in '/home/user/robot_arm_ws/build/robot_arm' returned '1': CMAKE_PREFIX_PATH=${CMAKE_PREFIX_PATH}:/home/user/robot_arm_ws/install/my_arm_sim:/home/user/ws_moveit/install/moveit_configs_utils:/home/user/ros2_ws/install/my_robot_controller:/opt/ros/jazzy DEBUGINFOD_URLS=https://debuginfod.ubuntu.com /usr/bin/cmake --install /home/user/robot_arm_ws/build/robot_arm
