[0.818s] Invoking command in '/home/user/robot_arm_ws/src/my_arm_sim': DEBUGINFOD_URLS=https://debuginfod.ubuntu.com PYTHONPATH=/home/user/robot_arm_ws/build/my_arm_sim/prefix_override:/usr/lib/python3/dist-packages/colcon_core/task/python/colcon_distutils_commands:/home/user/robot_arm_ws/install/my_arm_sim/lib/python3.12/site-packages:${PYTHONPATH} /usr/bin/python3 -W ignore:setup.py install is deprecated -W ignore:easy_install command is deprecated setup.py egg_info --egg-base ../../build/my_arm_sim build --build-base /home/user/robot_arm_ws/build/my_arm_sim/build install --record /home/user/robot_arm_ws/build/my_arm_sim/install.log --single-version-externally-managed install_data
[1.074s] running egg_info
[1.074s] creating ../../build/my_arm_sim/my_arm_sim.egg-info
[1.098s] writing ../../build/my_arm_sim/my_arm_sim.egg-info/PKG-INFO
[1.098s] writing dependency_links to ../../build/my_arm_sim/my_arm_sim.egg-info/dependency_links.txt
[1.098s] writing requirements to ../../build/my_arm_sim/my_arm_sim.egg-info/requires.txt
[1.098s] writing top-level names to ../../build/my_arm_sim/my_arm_sim.egg-info/top_level.txt
[1.098s] writing manifest file '../../build/my_arm_sim/my_arm_sim.egg-info/SOURCES.txt'
[1.142s] reading manifest file '../../build/my_arm_sim/my_arm_sim.egg-info/SOURCES.txt'
[1.142s] writing manifest file '../../build/my_arm_sim/my_arm_sim.egg-info/SOURCES.txt'
[1.142s] running build
[1.142s] running build_py
[1.142s] creating /home/user/robot_arm_ws/build/my_arm_sim/build
[1.142s] creating /home/user/robot_arm_ws/build/my_arm_sim/build/lib
[1.142s] creating /home/user/robot_arm_ws/build/my_arm_sim/build/lib/my_arm_sim
[1.142s] copying my_arm_sim/square_ik_node.py -> /home/user/robot_arm_ws/build/my_arm_sim/build/lib/my_arm_sim
[1.143s] copying my_arm_sim/__init__.py -> /home/user/robot_arm_ws/build/my_arm_sim/build/lib/my_arm_sim
[1.143s] running install
[1.148s] running install_lib
[1.171s] creating /home/user/robot_arm_ws/install/my_arm_sim/lib/python3.12/site-packages/my_arm_sim
[1.172s] copying /home/user/robot_arm_ws/build/my_arm_sim/build/lib/my_arm_sim/square_ik_node.py -> /home/user/robot_arm_ws/install/my_arm_sim/lib/python3.12/site-packages/my_arm_sim
[1.172s] copying /home/user/robot_arm_ws/build/my_arm_sim/build/lib/my_arm_sim/__init__.py -> /home/user/robot_arm_ws/install/my_arm_sim/lib/python3.12/site-packages/my_arm_sim
[1.172s] byte-compiling /home/user/robot_arm_ws/install/my_arm_sim/lib/python3.12/site-packages/my_arm_sim/square_ik_node.py to square_ik_node.cpython-312.pyc
[1.173s] byte-compiling /home/user/robot_arm_ws/install/my_arm_sim/lib/python3.12/site-packages/my_arm_sim/__init__.py to __init__.cpython-312.pyc
[1.173s] running install_data
[1.173s] creating /home/user/robot_arm_ws/install/my_arm_sim/share/ament_index
[1.173s] creating /home/user/robot_arm_ws/install/my_arm_sim/share/ament_index/resource_index
[1.173s] creating /home/user/robot_arm_ws/install/my_arm_sim/share/ament_index/resource_index/packages
[1.173s] copying resource/my_arm_sim -> /home/user/robot_arm_ws/install/my_arm_sim/share/ament_index/resource_index/packages
[1.173s] copying package.xml -> /home/user/robot_arm_ws/install/my_arm_sim/share/my_arm_sim
[1.173s] running install_egg_info
[1.196s] Copying ../../build/my_arm_sim/my_arm_sim.egg-info to /home/user/robot_arm_ws/install/my_arm_sim/lib/python3.12/site-packages/my_arm_sim-0.0.0-py3.12.egg-info
[1.197s] running install_scripts
[1.343s] writing list of installed files to '/home/user/robot_arm_ws/build/my_arm_sim/install.log'
[1.372s] Invoked command in '/home/user/robot_arm_ws/src/my_arm_sim' returned '0': DEBUGINFOD_URLS=https://debuginfod.ubuntu.com PYTHONPATH=/home/user/robot_arm_ws/build/my_arm_sim/prefix_override:/usr/lib/python3/dist-packages/colcon_core/task/python/colcon_distutils_commands:/home/user/robot_arm_ws/install/my_arm_sim/lib/python3.12/site-packages:${PYTHONPATH} /usr/bin/python3 -W ignore:setup.py install is deprecated -W ignore:easy_install command is deprecated setup.py egg_info --egg-base ../../build/my_arm_sim build --build-base /home/user/robot_arm_ws/build/my_arm_sim/build install --record /home/user/robot_arm_ws/build/my_arm_sim/install.log --single-version-externally-managed install_data
