[0.011s] Invoking command in '/home/user/robot_arm_ws/build/robot_arm': CMAKE_PREFIX_PATH=${CMAKE_PREFIX_PATH}:/home/user/ros2_ws/install/my_py_pkg:/opt/ros/jazzy DEBUGINFOD_URLS=https://debuginfod.ubuntu.com /usr/bin/cmake --build /home/user/robot_arm_ws/build/robot_arm -- -j16 -l16
[0.058s] Invoked command in '/home/user/robot_arm_ws/build/robot_arm' returned '0': CMAKE_PREFIX_PATH=${CMAKE_PREFIX_PATH}:/home/user/ros2_ws/install/my_py_pkg:/opt/ros/jazzy DEBUGINFOD_URLS=https://debuginfod.ubuntu.com /usr/bin/cmake --build /home/user/robot_arm_ws/build/robot_arm -- -j16 -l16
[0.075s] Invoking command in '/home/user/robot_arm_ws/build/robot_arm': CMAKE_PREFIX_PATH=${CMAKE_PREFIX_PATH}:/home/user/ros2_ws/install/my_py_pkg:/opt/ros/jazzy DEBUGINFOD_URLS=https://debuginfod.ubuntu.com /usr/bin/cmake --install /home/user/robot_arm_ws/build/robot_arm
[0.088s] -- Install configuration: ""
[0.088s] -- Up-to-date: /home/user/robot_arm_ws/install/robot_arm/share/robot_arm/meshes
[0.088s] -- Up-to-date: /home/user/robot_arm_ws/install/robot_arm/share/robot_arm/meshes/base_2.STL
[0.089s] -- Up-to-date: /home/user/robot_arm_ws/install/robot_arm/share/robot_arm/meshes/link_2.STL
[0.089s] -- Up-to-date: /home/user/robot_arm_ws/install/robot_arm/share/robot_arm/meshes/link_4.STL
[0.089s] -- Up-to-date: /home/user/robot_arm_ws/install/robot_arm/share/robot_arm/meshes/base_link.STL
[0.089s] -- Up-to-date: /home/user/robot_arm_ws/install/robot_arm/share/robot_arm/meshes/link_1.STL
[0.089s] -- Up-to-date: /home/user/robot_arm_ws/install/robot_arm/share/robot_arm/meshes/Link_3.STL
[0.089s] -- Up-to-date: /home/user/robot_arm_ws/install/robot_arm/share/robot_arm/urdf
[0.090s] -- Installing: /home/user/robot_arm_ws/install/robot_arm/share/robot_arm/urdf/Robot_arm.urdf
[0.090s] -- Up-to-date: /home/user/robot_arm_ws/install/robot_arm/share/robot_arm/urdf/Robot_arm.csv
[0.090s] -- Up-to-date: /home/user/robot_arm_ws/install/robot_arm/share/ament_index/resource_index/package_run_dependencies/robot_arm
[0.090s] -- Up-to-date: /home/user/robot_arm_ws/install/robot_arm/share/ament_index/resource_index/parent_prefix_path/robot_arm
[0.090s] -- Up-to-date: /home/user/robot_arm_ws/install/robot_arm/share/robot_arm/environment/ament_prefix_path.sh
[0.090s] -- Up-to-date: /home/user/robot_arm_ws/install/robot_arm/share/robot_arm/environment/ament_prefix_path.dsv
[0.090s] -- Up-to-date: /home/user/robot_arm_ws/install/robot_arm/share/robot_arm/environment/path.sh
[0.090s] -- Up-to-date: /home/user/robot_arm_ws/install/robot_arm/share/robot_arm/environment/path.dsv
[0.091s] -- Up-to-date: /home/user/robot_arm_ws/install/robot_arm/share/robot_arm/local_setup.bash
[0.091s] -- Up-to-date: /home/user/robot_arm_ws/install/robot_arm/share/robot_arm/local_setup.sh
[0.091s] -- Up-to-date: /home/user/robot_arm_ws/install/robot_arm/share/robot_arm/local_setup.zsh
[0.091s] -- Up-to-date: /home/user/robot_arm_ws/install/robot_arm/share/robot_arm/local_setup.dsv
[0.091s] -- Installing: /home/user/robot_arm_ws/install/robot_arm/share/robot_arm/package.dsv
[0.091s] -- Up-to-date: /home/user/robot_arm_ws/install/robot_arm/share/ament_index/resource_index/packages/robot_arm
[0.092s] -- Up-to-date: /home/user/robot_arm_ws/install/robot_arm/share/robot_arm/cmake/robot_armConfig.cmake
[0.092s] -- Up-to-date: /home/user/robot_arm_ws/install/robot_arm/share/robot_arm/cmake/robot_armConfig-version.cmake
[0.092s] -- Up-to-date: /home/user/robot_arm_ws/install/robot_arm/share/robot_arm/package.xml
[0.092s] Invoked command in '/home/user/robot_arm_ws/build/robot_arm' returned '0': CMAKE_PREFIX_PATH=${CMAKE_PREFIX_PATH}:/home/user/ros2_ws/install/my_py_pkg:/opt/ros/jazzy DEBUGINFOD_URLS=https://debuginfod.ubuntu.com /usr/bin/cmake --install /home/user/robot_arm_ws/build/robot_arm
