[0.094s] DEBUG:colcon:Command line arguments: ['/usr/bin/colcon', 'build']
[0.094s] DEBUG:colcon:Parsed command line arguments: Namespace(log_base=None, log_level=None, verb_name='build', build_base='build', install_base='install', merge_install=False, symlink_install=False, test_result_base=None, continue_on_error=False, executor='parallel', parallel_workers=16, event_handlers=None, ignore_user_meta=False, metas=['./colcon.meta'], base_paths=['.'], packages_ignore=None, packages_ignore_regex=None, paths=None, packages_up_to=None, packages_up_to_regex=None, packages_above=None, packages_above_and_dependencies=None, packages_above_depth=None, packages_select_by_dep=None, packages_skip_by_dep=None, packages_skip_up_to=None, packages_select_build_failed=False, packages_skip_build_finished=False, packages_select_test_failures=False, packages_skip_test_passed=False, packages_select=None, packages_skip=None, packages_select_regex=None, packages_skip_regex=None, packages_start=None, packages_end=None, allow_overriding=[], cmake_args=None, cmake_target=None, cmake_target_skip_unavailable=False, cmake_clean_cache=False, cmake_clean_first=False, cmake_force_configure=False, ament_cmake_args=None, catkin_cmake_args=None, catkin_skip_building_tests=False, mixin_files=None, mixin=None, verb_parser=<colcon_mixin.mixin.mixin_argument.MixinArgumentDecorator object at 0x7e9847ad1160>, verb_extension=<colcon_core.verb.build.BuildVerb object at 0x7e9847ad1790>, main=<bound method BuildVerb.main of <colcon_core.verb.build.BuildVerb object at 0x7e9847ad1790>>, mixin_verb=('build',))
[0.119s] Level 1:colcon.colcon_core.package_discovery:discover_packages(colcon_meta) check parameters
[0.119s] Level 1:colcon.colcon_core.package_discovery:discover_packages(recursive) check parameters
[0.119s] Level 1:colcon.colcon_core.package_discovery:discover_packages(ignore) check parameters
[0.119s] Level 1:colcon.colcon_core.package_discovery:discover_packages(path) check parameters
[0.119s] Level 1:colcon.colcon_core.package_discovery:discover_packages(colcon_meta) discover
[0.119s] Level 1:colcon.colcon_core.package_discovery:discover_packages(recursive) discover
[0.119s] INFO:colcon.colcon_core.package_discovery:Crawling recursively for packages in '/home/user/robot_arm_ws'
[0.119s] Level 1:colcon.colcon_core.package_identification:_identify(.) by extensions ['ignore', 'ignore_ament_install']
[0.119s] Level 1:colcon.colcon_core.package_identification:_identify(.) by extension 'ignore'
[0.119s] Level 1:colcon.colcon_core.package_identification:_identify(.) by extension 'ignore_ament_install'
[0.119s] Level 1:colcon.colcon_core.package_identification:_identify(.) by extensions ['colcon_pkg']
[0.119s] Level 1:colcon.colcon_core.package_identification:_identify(.) by extension 'colcon_pkg'
[0.119s] Level 1:colcon.colcon_core.package_identification:_identify(.) by extensions ['colcon_meta']
[0.119s] Level 1:colcon.colcon_core.package_identification:_identify(.) by extension 'colcon_meta'
[0.119s] Level 1:colcon.colcon_core.package_identification:_identify(.) by extensions ['ros']
[0.119s] Level 1:colcon.colcon_core.package_identification:_identify(.) by extension 'ros'
[0.136s] Level 1:colcon.colcon_core.package_identification:_identify(.) by extensions ['cmake', 'python']
[0.136s] Level 1:colcon.colcon_core.package_identification:_identify(.) by extension 'cmake'
[0.136s] Level 1:colcon.colcon_core.package_identification:_identify(.) by extension 'python'
[0.136s] Level 1:colcon.colcon_core.package_identification:_identify(.) by extensions ['python_setup_py']
[0.136s] Level 1:colcon.colcon_core.package_identification:_identify(.) by extension 'python_setup_py'
[0.136s] Level 1:colcon.colcon_core.package_identification:_identify(build) by extensions ['ignore', 'ignore_ament_install']
[0.136s] Level 1:colcon.colcon_core.package_identification:_identify(build) by extension 'ignore'
[0.136s] Level 1:colcon.colcon_core.package_identification:_identify(build) ignored
[0.137s] Level 1:colcon.colcon_core.package_identification:_identify(install) by extensions ['ignore', 'ignore_ament_install']
[0.137s] Level 1:colcon.colcon_core.package_identification:_identify(install) by extension 'ignore'
[0.137s] Level 1:colcon.colcon_core.package_identification:_identify(install) ignored
[0.137s] Level 1:colcon.colcon_core.package_identification:_identify(log) by extensions ['ignore', 'ignore_ament_install']
[0.137s] Level 1:colcon.colcon_core.package_identification:_identify(log) by extension 'ignore'
[0.137s] Level 1:colcon.colcon_core.package_identification:_identify(log) ignored
[0.137s] Level 1:colcon.colcon_core.package_identification:_identify(src) by extensions ['ignore', 'ignore_ament_install']
[0.137s] Level 1:colcon.colcon_core.package_identification:_identify(src) by extension 'ignore'
[0.137s] Level 1:colcon.colcon_core.package_identification:_identify(src) by extension 'ignore_ament_install'
[0.137s] Level 1:colcon.colcon_core.package_identification:_identify(src) by extensions ['colcon_pkg']
[0.137s] Level 1:colcon.colcon_core.package_identification:_identify(src) by extension 'colcon_pkg'
[0.138s] Level 1:colcon.colcon_core.package_identification:_identify(src) by extensions ['colcon_meta']
[0.138s] Level 1:colcon.colcon_core.package_identification:_identify(src) by extension 'colcon_meta'
[0.138s] Level 1:colcon.colcon_core.package_identification:_identify(src) by extensions ['ros']
[0.138s] Level 1:colcon.colcon_core.package_identification:_identify(src) by extension 'ros'
[0.138s] Level 1:colcon.colcon_core.package_identification:_identify(src) by extensions ['cmake', 'python']
[0.138s] Level 1:colcon.colcon_core.package_identification:_identify(src) by extension 'cmake'
[0.138s] Level 1:colcon.colcon_core.package_identification:_identify(src) by extension 'python'
[0.138s] Level 1:colcon.colcon_core.package_identification:_identify(src) by extensions ['python_setup_py']
[0.138s] Level 1:colcon.colcon_core.package_identification:_identify(src) by extension 'python_setup_py'
[0.138s] Level 1:colcon.colcon_core.package_identification:_identify(src/arm_moveit_config) by extensions ['ignore', 'ignore_ament_install']
[0.138s] Level 1:colcon.colcon_core.package_identification:_identify(src/arm_moveit_config) by extension 'ignore'
[0.138s] Level 1:colcon.colcon_core.package_identification:_identify(src/arm_moveit_config) by extension 'ignore_ament_install'
[0.138s] Level 1:colcon.colcon_core.package_identification:_identify(src/arm_moveit_config) by extensions ['colcon_pkg']
[0.138s] Level 1:colcon.colcon_core.package_identification:_identify(src/arm_moveit_config) by extension 'colcon_pkg'
[0.138s] Level 1:colcon.colcon_core.package_identification:_identify(src/arm_moveit_config) by extensions ['colcon_meta']
[0.138s] Level 1:colcon.colcon_core.package_identification:_identify(src/arm_moveit_config) by extension 'colcon_meta'
[0.138s] Level 1:colcon.colcon_core.package_identification:_identify(src/arm_moveit_config) by extensions ['ros']
[0.138s] Level 1:colcon.colcon_core.package_identification:_identify(src/arm_moveit_config) by extension 'ros'
[0.140s] DEBUG:colcon.colcon_core.package_identification:Package 'src/arm_moveit_config' with type 'ros.ament_cmake' and name 'arm_moveit_config'
[0.140s] Level 1:colcon.colcon_core.package_identification:_identify(src/micro_ros_agent) by extensions ['ignore', 'ignore_ament_install']
[0.140s] Level 1:colcon.colcon_core.package_identification:_identify(src/micro_ros_agent) by extension 'ignore'
[0.140s] Level 1:colcon.colcon_core.package_identification:_identify(src/micro_ros_agent) by extension 'ignore_ament_install'
[0.140s] Level 1:colcon.colcon_core.package_identification:_identify(src/micro_ros_agent) by extensions ['colcon_pkg']
[0.140s] Level 1:colcon.colcon_core.package_identification:_identify(src/micro_ros_agent) by extension 'colcon_pkg'
[0.140s] Level 1:colcon.colcon_core.package_identification:_identify(src/micro_ros_agent) by extensions ['colcon_meta']
[0.140s] Level 1:colcon.colcon_core.package_identification:_identify(src/micro_ros_agent) by extension 'colcon_meta'
[0.140s] Level 1:colcon.colcon_core.package_identification:_identify(src/micro_ros_agent) by extensions ['ros']
[0.140s] Level 1:colcon.colcon_core.package_identification:_identify(src/micro_ros_agent) by extension 'ros'
[0.140s] Level 1:colcon.colcon_core.package_identification:_identify(src/micro_ros_agent) by extensions ['cmake', 'python']
[0.140s] Level 1:colcon.colcon_core.package_identification:_identify(src/micro_ros_agent) by extension 'cmake'
[0.140s] Level 1:colcon.colcon_core.package_identification:_identify(src/micro_ros_agent) by extension 'python'
[0.140s] Level 1:colcon.colcon_core.package_identification:_identify(src/micro_ros_agent) by extensions ['python_setup_py']
[0.140s] Level 1:colcon.colcon_core.package_identification:_identify(src/micro_ros_agent) by extension 'python_setup_py'
[0.140s] Level 1:colcon.colcon_core.package_identification:_identify(src/micro_ros_agent/micro_ros_agent) by extensions ['ignore', 'ignore_ament_install']
[0.140s] Level 1:colcon.colcon_core.package_identification:_identify(src/micro_ros_agent/micro_ros_agent) by extension 'ignore'
[0.140s] Level 1:colcon.colcon_core.package_identification:_identify(src/micro_ros_agent/micro_ros_agent) by extension 'ignore_ament_install'
[0.140s] Level 1:colcon.colcon_core.package_identification:_identify(src/micro_ros_agent/micro_ros_agent) by extensions ['colcon_pkg']
[0.140s] Level 1:colcon.colcon_core.package_identification:_identify(src/micro_ros_agent/micro_ros_agent) by extension 'colcon_pkg'
[0.140s] Level 1:colcon.colcon_core.package_identification:_identify(src/micro_ros_agent/micro_ros_agent) by extensions ['colcon_meta']
[0.140s] Level 1:colcon.colcon_core.package_identification:_identify(src/micro_ros_agent/micro_ros_agent) by extension 'colcon_meta'
[0.140s] Level 1:colcon.colcon_core.package_identification:_identify(src/micro_ros_agent/micro_ros_agent) by extensions ['ros']
[0.140s] Level 1:colcon.colcon_core.package_identification:_identify(src/micro_ros_agent/micro_ros_agent) by extension 'ros'
[0.141s] DEBUG:colcon.colcon_core.package_identification:Package 'src/micro_ros_agent/micro_ros_agent' with type 'ros.ament_cmake' and name 'micro_ros_agent'
[0.141s] Level 1:colcon.colcon_core.package_identification:_identify(src/micro_ros_agent/snap) by extensions ['ignore', 'ignore_ament_install']
[0.141s] Level 1:colcon.colcon_core.package_identification:_identify(src/micro_ros_agent/snap) by extension 'ignore'
[0.141s] Level 1:colcon.colcon_core.package_identification:_identify(src/micro_ros_agent/snap) by extension 'ignore_ament_install'
[0.141s] Level 1:colcon.colcon_core.package_identification:_identify(src/micro_ros_agent/snap) by extensions ['colcon_pkg']
[0.141s] Level 1:colcon.colcon_core.package_identification:_identify(src/micro_ros_agent/snap) by extension 'colcon_pkg'
[0.141s] Level 1:colcon.colcon_core.package_identification:_identify(src/micro_ros_agent/snap) by extensions ['colcon_meta']
[0.141s] Level 1:colcon.colcon_core.package_identification:_identify(src/micro_ros_agent/snap) by extension 'colcon_meta'
[0.141s] Level 1:colcon.colcon_core.package_identification:_identify(src/micro_ros_agent/snap) by extensions ['ros']
[0.141s] Level 1:colcon.colcon_core.package_identification:_identify(src/micro_ros_agent/snap) by extension 'ros'
[0.141s] Level 1:colcon.colcon_core.package_identification:_identify(src/micro_ros_agent/snap) by extensions ['cmake', 'python']
[0.141s] Level 1:colcon.colcon_core.package_identification:_identify(src/micro_ros_agent/snap) by extension 'cmake'
[0.141s] Level 1:colcon.colcon_core.package_identification:_identify(src/micro_ros_agent/snap) by extension 'python'
[0.141s] Level 1:colcon.colcon_core.package_identification:_identify(src/micro_ros_agent/snap) by extensions ['python_setup_py']
[0.141s] Level 1:colcon.colcon_core.package_identification:_identify(src/micro_ros_agent/snap) by extension 'python_setup_py'
[0.141s] Level 1:colcon.colcon_core.package_identification:_identify(src/micro_ros_agent/snap/hooks) by extensions ['ignore', 'ignore_ament_install']
[0.141s] Level 1:colcon.colcon_core.package_identification:_identify(src/micro_ros_agent/snap/hooks) by extension 'ignore'
[0.141s] Level 1:colcon.colcon_core.package_identification:_identify(src/micro_ros_agent/snap/hooks) by extension 'ignore_ament_install'
[0.141s] Level 1:colcon.colcon_core.package_identification:_identify(src/micro_ros_agent/snap/hooks) by extensions ['colcon_pkg']
[0.141s] Level 1:colcon.colcon_core.package_identification:_identify(src/micro_ros_agent/snap/hooks) by extension 'colcon_pkg'
[0.141s] Level 1:colcon.colcon_core.package_identification:_identify(src/micro_ros_agent/snap/hooks) by extensions ['colcon_meta']
[0.141s] Level 1:colcon.colcon_core.package_identification:_identify(src/micro_ros_agent/snap/hooks) by extension 'colcon_meta'
[0.141s] Level 1:colcon.colcon_core.package_identification:_identify(src/micro_ros_agent/snap/hooks) by extensions ['ros']
[0.141s] Level 1:colcon.colcon_core.package_identification:_identify(src/micro_ros_agent/snap/hooks) by extension 'ros'
[0.141s] Level 1:colcon.colcon_core.package_identification:_identify(src/micro_ros_agent/snap/hooks) by extensions ['cmake', 'python']
[0.141s] Level 1:colcon.colcon_core.package_identification:_identify(src/micro_ros_agent/snap/hooks) by extension 'cmake'
[0.141s] Level 1:colcon.colcon_core.package_identification:_identify(src/micro_ros_agent/snap/hooks) by extension 'python'
[0.142s] Level 1:colcon.colcon_core.package_identification:_identify(src/micro_ros_agent/snap/hooks) by extensions ['python_setup_py']
[0.142s] Level 1:colcon.colcon_core.package_identification:_identify(src/micro_ros_agent/snap/hooks) by extension 'python_setup_py'
[0.142s] Level 1:colcon.colcon_core.package_identification:_identify(src/micro_ros_agent/snap/local) by extensions ['ignore', 'ignore_ament_install']
[0.142s] Level 1:colcon.colcon_core.package_identification:_identify(src/micro_ros_agent/snap/local) by extension 'ignore'
[0.142s] Level 1:colcon.colcon_core.package_identification:_identify(src/micro_ros_agent/snap/local) by extension 'ignore_ament_install'
[0.142s] Level 1:colcon.colcon_core.package_identification:_identify(src/micro_ros_agent/snap/local) by extensions ['colcon_pkg']
[0.142s] Level 1:colcon.colcon_core.package_identification:_identify(src/micro_ros_agent/snap/local) by extension 'colcon_pkg'
[0.142s] Level 1:colcon.colcon_core.package_identification:_identify(src/micro_ros_agent/snap/local) by extensions ['colcon_meta']
[0.142s] Level 1:colcon.colcon_core.package_identification:_identify(src/micro_ros_agent/snap/local) by extension 'colcon_meta'
[0.142s] Level 1:colcon.colcon_core.package_identification:_identify(src/micro_ros_agent/snap/local) by extensions ['ros']
[0.142s] Level 1:colcon.colcon_core.package_identification:_identify(src/micro_ros_agent/snap/local) by extension 'ros'
[0.142s] Level 1:colcon.colcon_core.package_identification:_identify(src/micro_ros_agent/snap/local) by extensions ['cmake', 'python']
[0.142s] Level 1:colcon.colcon_core.package_identification:_identify(src/micro_ros_agent/snap/local) by extension 'cmake'
[0.142s] Level 1:colcon.colcon_core.package_identification:_identify(src/micro_ros_agent/snap/local) by extension 'python'
[0.142s] Level 1:colcon.colcon_core.package_identification:_identify(src/micro_ros_agent/snap/local) by extensions ['python_setup_py']
[0.142s] Level 1:colcon.colcon_core.package_identification:_identify(src/micro_ros_agent/snap/local) by extension 'python_setup_py'
[0.142s] Level 1:colcon.colcon_core.package_identification:_identify(src/robot_arm) by extensions ['ignore', 'ignore_ament_install']
[0.142s] Level 1:colcon.colcon_core.package_identification:_identify(src/robot_arm) by extension 'ignore'
[0.142s] Level 1:colcon.colcon_core.package_identification:_identify(src/robot_arm) by extension 'ignore_ament_install'
[0.142s] Level 1:colcon.colcon_core.package_identification:_identify(src/robot_arm) by extensions ['colcon_pkg']
[0.142s] Level 1:colcon.colcon_core.package_identification:_identify(src/robot_arm) by extension 'colcon_pkg'
[0.142s] Level 1:colcon.colcon_core.package_identification:_identify(src/robot_arm) by extensions ['colcon_meta']
[0.142s] Level 1:colcon.colcon_core.package_identification:_identify(src/robot_arm) by extension 'colcon_meta'
[0.142s] Level 1:colcon.colcon_core.package_identification:_identify(src/robot_arm) by extensions ['ros']
[0.142s] Level 1:colcon.colcon_core.package_identification:_identify(src/robot_arm) by extension 'ros'
[0.143s] DEBUG:colcon.colcon_core.package_identification:Package 'src/robot_arm' with type 'ros.ament_cmake' and name 'robot_arm'
[0.143s] Level 1:colcon.colcon_core.package_discovery:discover_packages(recursive) using defaults
[0.143s] Level 1:colcon.colcon_core.package_discovery:discover_packages(ignore) discover
[0.143s] Level 1:colcon.colcon_core.package_discovery:discover_packages(ignore) using defaults
[0.143s] Level 1:colcon.colcon_core.package_discovery:discover_packages(path) discover
[0.143s] Level 1:colcon.colcon_core.package_discovery:discover_packages(path) using defaults
[0.155s] Level 1:colcon.colcon_core.package_discovery:discover_packages(prefix_path) check parameters
[0.155s] Level 1:colcon.colcon_core.package_discovery:discover_packages(prefix_path) discover
[0.157s] DEBUG:colcon.colcon_installed_package_information.package_discovery:Found 3 installed packages in /home/user/ros2_ws/install
[0.158s] DEBUG:colcon.colcon_installed_package_information.package_discovery:Found 438 installed packages in /opt/ros/jazzy
[0.159s] Level 1:colcon.colcon_core.package_discovery:discover_packages(prefix_path) using defaults
[0.197s] Level 5:colcon.colcon_core.verb:set package 'micro_ros_agent' build argument 'cmake_args' from command line to 'None'
[0.197s] Level 5:colcon.colcon_core.verb:set package 'micro_ros_agent' build argument 'cmake_target' from command line to 'None'
[0.197s] Level 5:colcon.colcon_core.verb:set package 'micro_ros_agent' build argument 'cmake_target_skip_unavailable' from command line to 'False'
[0.197s] Level 5:colcon.colcon_core.verb:set package 'micro_ros_agent' build argument 'cmake_clean_cache' from command line to 'False'
[0.197s] Level 5:colcon.colcon_core.verb:set package 'micro_ros_agent' build argument 'cmake_clean_first' from command line to 'False'
[0.197s] Level 5:colcon.colcon_core.verb:set package 'micro_ros_agent' build argument 'cmake_force_configure' from command line to 'False'
[0.197s] Level 5:colcon.colcon_core.verb:set package 'micro_ros_agent' build argument 'ament_cmake_args' from command line to 'None'
[0.197s] Level 5:colcon.colcon_core.verb:set package 'micro_ros_agent' build argument 'catkin_cmake_args' from command line to 'None'
[0.197s] Level 5:colcon.colcon_core.verb:set package 'micro_ros_agent' build argument 'catkin_skip_building_tests' from command line to 'False'
[0.197s] DEBUG:colcon.colcon_core.verb:Building package 'micro_ros_agent' with the following arguments: {'ament_cmake_args': None, 'build_base': '/home/user/robot_arm_ws/build/micro_ros_agent', 'catkin_cmake_args': None, 'catkin_skip_building_tests': False, 'cmake_args': None, 'cmake_clean_cache': False, 'cmake_clean_first': False, 'cmake_force_configure': False, 'cmake_target': None, 'cmake_target_skip_unavailable': False, 'install_base': '/home/user/robot_arm_ws/install/micro_ros_agent', 'merge_install': False, 'path': '/home/user/robot_arm_ws/src/micro_ros_agent/micro_ros_agent', 'symlink_install': False, 'test_result_base': None}
[0.197s] Level 5:colcon.colcon_core.verb:set package 'robot_arm' build argument 'cmake_args' from command line to 'None'
[0.197s] Level 5:colcon.colcon_core.verb:set package 'robot_arm' build argument 'cmake_target' from command line to 'None'
[0.197s] Level 5:colcon.colcon_core.verb:set package 'robot_arm' build argument 'cmake_target_skip_unavailable' from command line to 'False'
[0.197s] Level 5:colcon.colcon_core.verb:set package 'robot_arm' build argument 'cmake_clean_cache' from command line to 'False'
[0.197s] Level 5:colcon.colcon_core.verb:set package 'robot_arm' build argument 'cmake_clean_first' from command line to 'False'
[0.198s] Level 5:colcon.colcon_core.verb:set package 'robot_arm' build argument 'cmake_force_configure' from command line to 'False'
[0.198s] Level 5:colcon.colcon_core.verb:set package 'robot_arm' build argument 'ament_cmake_args' from command line to 'None'
[0.198s] Level 5:colcon.colcon_core.verb:set package 'robot_arm' build argument 'catkin_cmake_args' from command line to 'None'
[0.198s] Level 5:colcon.colcon_core.verb:set package 'robot_arm' build argument 'catkin_skip_building_tests' from command line to 'False'
[0.198s] DEBUG:colcon.colcon_core.verb:Building package 'robot_arm' with the following arguments: {'ament_cmake_args': None, 'build_base': '/home/user/robot_arm_ws/build/robot_arm', 'catkin_cmake_args': None, 'catkin_skip_building_tests': False, 'cmake_args': None, 'cmake_clean_cache': False, 'cmake_clean_first': False, 'cmake_force_configure': False, 'cmake_target': None, 'cmake_target_skip_unavailable': False, 'install_base': '/home/user/robot_arm_ws/install/robot_arm', 'merge_install': False, 'path': '/home/user/robot_arm_ws/src/robot_arm', 'symlink_install': False, 'test_result_base': None}
[0.198s] Level 5:colcon.colcon_core.verb:set package 'arm_moveit_config' build argument 'cmake_args' from command line to 'None'
[0.198s] Level 5:colcon.colcon_core.verb:set package 'arm_moveit_config' build argument 'cmake_target' from command line to 'None'
[0.198s] Level 5:colcon.colcon_core.verb:set package 'arm_moveit_config' build argument 'cmake_target_skip_unavailable' from command line to 'False'
[0.198s] Level 5:colcon.colcon_core.verb:set package 'arm_moveit_config' build argument 'cmake_clean_cache' from command line to 'False'
[0.198s] Level 5:colcon.colcon_core.verb:set package 'arm_moveit_config' build argument 'cmake_clean_first' from command line to 'False'
[0.198s] Level 5:colcon.colcon_core.verb:set package 'arm_moveit_config' build argument 'cmake_force_configure' from command line to 'False'
[0.198s] Level 5:colcon.colcon_core.verb:set package 'arm_moveit_config' build argument 'ament_cmake_args' from command line to 'None'
[0.198s] Level 5:colcon.colcon_core.verb:set package 'arm_moveit_config' build argument 'catkin_cmake_args' from command line to 'None'
[0.198s] Level 5:colcon.colcon_core.verb:set package 'arm_moveit_config' build argument 'catkin_skip_building_tests' from command line to 'False'
[0.198s] DEBUG:colcon.colcon_core.verb:Building package 'arm_moveit_config' with the following arguments: {'ament_cmake_args': None, 'build_base': '/home/user/robot_arm_ws/build/arm_moveit_config', 'catkin_cmake_args': None, 'catkin_skip_building_tests': False, 'cmake_args': None, 'cmake_clean_cache': False, 'cmake_clean_first': False, 'cmake_force_configure': False, 'cmake_target': None, 'cmake_target_skip_unavailable': False, 'install_base': '/home/user/robot_arm_ws/install/arm_moveit_config', 'merge_install': False, 'path': '/home/user/robot_arm_ws/src/arm_moveit_config', 'symlink_install': False, 'test_result_base': None}
[0.198s] INFO:colcon.colcon_core.executor:Executing jobs using 'parallel' executor
[0.199s] DEBUG:colcon.colcon_parallel_executor.executor.parallel:run_until_complete
[0.199s] INFO:colcon.colcon_ros.task.ament_cmake.build:Building ROS package in '/home/user/robot_arm_ws/src/robot_arm' with build type 'ament_cmake'
[0.199s] INFO:colcon.colcon_cmake.task.cmake.build:Building CMake package in '/home/user/robot_arm_ws/src/robot_arm'
[0.201s] INFO:colcon.colcon_core.plugin_system:Skipping extension 'colcon_core.shell.bat': Not used on non-Windows systems
[0.201s] INFO:colcon.colcon_core.shell:Skip shell extension 'powershell' for command environment: Not usable outside of PowerShell
[0.201s] DEBUG:colcon.colcon_core.shell:Skip shell extension 'dsv' for command environment
[0.204s] INFO:colcon.colcon_ros.task.ament_cmake.build:Building ROS package in '/home/user/robot_arm_ws/src/micro_ros_agent/micro_ros_agent' with build type 'ament_cmake'
[0.204s] INFO:colcon.colcon_cmake.task.cmake.build:Building CMake package in '/home/user/robot_arm_ws/src/micro_ros_agent/micro_ros_agent'
[0.204s] INFO:colcon.colcon_core.shell:Skip shell extension 'powershell' for command environment: Not usable outside of PowerShell
[0.204s] DEBUG:colcon.colcon_core.shell:Skip shell extension 'dsv' for command environment
[0.209s] DEBUG:colcon.colcon_core.event_handler.log_command:Invoking command in '/home/user/robot_arm_ws/build/robot_arm': CMAKE_PREFIX_PATH=${CMAKE_PREFIX_PATH}:/home/user/ros2_ws/install/my_robot_controller:/opt/ros/jazzy DEBUGINFOD_URLS=https://debuginfod.ubuntu.com /usr/bin/cmake --build /home/user/robot_arm_ws/build/robot_arm -- -j16 -l16
[0.212s] DEBUG:colcon.colcon_core.event_handler.log_command:Invoking command in '/home/user/robot_arm_ws/build/micro_ros_agent': CMAKE_PREFIX_PATH=${CMAKE_PREFIX_PATH}:/home/user/ros2_ws/install/my_robot_controller:/opt/ros/jazzy DEBUGINFOD_URLS=https://debuginfod.ubuntu.com /usr/bin/cmake --build /home/user/robot_arm_ws/build/micro_ros_agent -- -j16 -l16
[0.274s] DEBUG:colcon.colcon_core.event_handler.log_command:Invoked command in '/home/user/robot_arm_ws/build/micro_ros_agent' returned '0': CMAKE_PREFIX_PATH=${CMAKE_PREFIX_PATH}:/home/user/ros2_ws/install/my_robot_controller:/opt/ros/jazzy DEBUGINFOD_URLS=https://debuginfod.ubuntu.com /usr/bin/cmake --build /home/user/robot_arm_ws/build/micro_ros_agent -- -j16 -l16
[0.280s] DEBUG:colcon.colcon_core.event_handler.log_command:Invoking command in '/home/user/robot_arm_ws/build/micro_ros_agent': CMAKE_PREFIX_PATH=${CMAKE_PREFIX_PATH}:/home/user/ros2_ws/install/my_robot_controller:/opt/ros/jazzy DEBUGINFOD_URLS=https://debuginfod.ubuntu.com /usr/bin/cmake --install /home/user/robot_arm_ws/build/micro_ros_agent
[0.289s] Level 1:colcon.colcon_core.environment:create_environment_scripts_only(micro_ros_agent)
[0.289s] DEBUG:colcon.colcon_core.event_handler.log_command:Invoked command in '/home/user/robot_arm_ws/build/micro_ros_agent' returned '0': CMAKE_PREFIX_PATH=${CMAKE_PREFIX_PATH}:/home/user/ros2_ws/install/my_robot_controller:/opt/ros/jazzy DEBUGINFOD_URLS=https://debuginfod.ubuntu.com /usr/bin/cmake --install /home/user/robot_arm_ws/build/micro_ros_agent
[0.291s] Level 1:colcon.colcon_core.environment:checking '/home/user/robot_arm_ws/install/micro_ros_agent' for CMake module files
[0.291s] Level 1:colcon.colcon_core.environment:checking '/home/user/robot_arm_ws/install/micro_ros_agent' for CMake config files
[0.292s] Level 1:colcon.colcon_core.shell:create_environment_hook('micro_ros_agent', 'cmake_prefix_path')
[0.292s] INFO:colcon.colcon_core.shell:Creating environment hook '/home/user/robot_arm_ws/install/micro_ros_agent/share/micro_ros_agent/hook/cmake_prefix_path.ps1'
[0.292s] INFO:colcon.colcon_core.shell:Creating environment descriptor '/home/user/robot_arm_ws/install/micro_ros_agent/share/micro_ros_agent/hook/cmake_prefix_path.dsv'
[0.293s] INFO:colcon.colcon_core.shell:Creating environment hook '/home/user/robot_arm_ws/install/micro_ros_agent/share/micro_ros_agent/hook/cmake_prefix_path.sh'
[0.293s] Level 1:colcon.colcon_core.environment:checking '/home/user/robot_arm_ws/install/micro_ros_agent/lib'
[0.293s] Level 1:colcon.colcon_core.shell:create_environment_hook('micro_ros_agent', 'ld_library_path_lib')
[0.293s] INFO:colcon.colcon_core.shell:Creating environment hook '/home/user/robot_arm_ws/install/micro_ros_agent/share/micro_ros_agent/hook/ld_library_path_lib.ps1'
[0.294s] INFO:colcon.colcon_core.shell:Creating environment descriptor '/home/user/robot_arm_ws/install/micro_ros_agent/share/micro_ros_agent/hook/ld_library_path_lib.dsv'
[0.294s] INFO:colcon.colcon_core.shell:Creating environment hook '/home/user/robot_arm_ws/install/micro_ros_agent/share/micro_ros_agent/hook/ld_library_path_lib.sh'
[0.294s] Level 1:colcon.colcon_core.environment:checking '/home/user/robot_arm_ws/install/micro_ros_agent/bin'
[0.294s] Level 1:colcon.colcon_core.environment:checking '/home/user/robot_arm_ws/install/micro_ros_agent/lib/pkgconfig/micro_ros_agent.pc'
[0.294s] Level 1:colcon.colcon_core.environment:checking '/home/user/robot_arm_ws/install/micro_ros_agent/lib/python3.12/site-packages'
[0.294s] Level 1:colcon.colcon_core.environment:checking '/home/user/robot_arm_ws/install/micro_ros_agent/bin'
[0.295s] INFO:colcon.colcon_core.shell:Creating package script '/home/user/robot_arm_ws/install/micro_ros_agent/share/micro_ros_agent/package.ps1'
[0.295s] INFO:colcon.colcon_core.shell:Creating package descriptor '/home/user/robot_arm_ws/install/micro_ros_agent/share/micro_ros_agent/package.dsv'
[0.296s] INFO:colcon.colcon_core.shell:Creating package script '/home/user/robot_arm_ws/install/micro_ros_agent/share/micro_ros_agent/package.sh'
[0.296s] INFO:colcon.colcon_core.shell:Creating package script '/home/user/robot_arm_ws/install/micro_ros_agent/share/micro_ros_agent/package.bash'
[0.297s] INFO:colcon.colcon_core.shell:Creating package script '/home/user/robot_arm_ws/install/micro_ros_agent/share/micro_ros_agent/package.zsh'
[0.297s] Level 1:colcon.colcon_core.environment:create_file_with_runtime_dependencies(/home/user/robot_arm_ws/install/micro_ros_agent/share/colcon-core/packages/micro_ros_agent)
[0.297s] Level 1:colcon.colcon_core.environment:create_environment_scripts_only(micro_ros_agent)
[0.297s] Level 1:colcon.colcon_core.environment:checking '/home/user/robot_arm_ws/install/micro_ros_agent' for CMake module files
[0.298s] Level 1:colcon.colcon_core.environment:checking '/home/user/robot_arm_ws/install/micro_ros_agent' for CMake config files
[0.298s] Level 1:colcon.colcon_core.shell:create_environment_hook('micro_ros_agent', 'cmake_prefix_path')
[0.298s] INFO:colcon.colcon_core.shell:Creating environment hook '/home/user/robot_arm_ws/install/micro_ros_agent/share/micro_ros_agent/hook/cmake_prefix_path.ps1'
[0.298s] INFO:colcon.colcon_core.shell:Creating environment descriptor '/home/user/robot_arm_ws/install/micro_ros_agent/share/micro_ros_agent/hook/cmake_prefix_path.dsv'
[0.298s] INFO:colcon.colcon_core.shell:Creating environment hook '/home/user/robot_arm_ws/install/micro_ros_agent/share/micro_ros_agent/hook/cmake_prefix_path.sh'
[0.299s] Level 1:colcon.colcon_core.environment:checking '/home/user/robot_arm_ws/install/micro_ros_agent/lib'
[0.299s] Level 1:colcon.colcon_core.shell:create_environment_hook('micro_ros_agent', 'ld_library_path_lib')
[0.299s] INFO:colcon.colcon_core.shell:Creating environment hook '/home/user/robot_arm_ws/install/micro_ros_agent/share/micro_ros_agent/hook/ld_library_path_lib.ps1'
[0.299s] INFO:colcon.colcon_core.shell:Creating environment descriptor '/home/user/robot_arm_ws/install/micro_ros_agent/share/micro_ros_agent/hook/ld_library_path_lib.dsv'
[0.299s] INFO:colcon.colcon_core.shell:Creating environment hook '/home/user/robot_arm_ws/install/micro_ros_agent/share/micro_ros_agent/hook/ld_library_path_lib.sh'
[0.299s] Level 1:colcon.colcon_core.environment:checking '/home/user/robot_arm_ws/install/micro_ros_agent/bin'
[0.299s] Level 1:colcon.colcon_core.environment:checking '/home/user/robot_arm_ws/install/micro_ros_agent/lib/pkgconfig/micro_ros_agent.pc'
[0.300s] Level 1:colcon.colcon_core.environment:checking '/home/user/robot_arm_ws/install/micro_ros_agent/lib/python3.12/site-packages'
[0.300s] Level 1:colcon.colcon_core.environment:checking '/home/user/robot_arm_ws/install/micro_ros_agent/bin'
[0.300s] INFO:colcon.colcon_core.shell:Creating package script '/home/user/robot_arm_ws/install/micro_ros_agent/share/micro_ros_agent/package.ps1'
[0.300s] INFO:colcon.colcon_core.shell:Creating package descriptor '/home/user/robot_arm_ws/install/micro_ros_agent/share/micro_ros_agent/package.dsv'
[0.300s] INFO:colcon.colcon_core.shell:Creating package script '/home/user/robot_arm_ws/install/micro_ros_agent/share/micro_ros_agent/package.sh'
[0.301s] INFO:colcon.colcon_core.shell:Creating package script '/home/user/robot_arm_ws/install/micro_ros_agent/share/micro_ros_agent/package.bash'
[0.301s] INFO:colcon.colcon_core.shell:Creating package script '/home/user/robot_arm_ws/install/micro_ros_agent/share/micro_ros_agent/package.zsh'
[0.301s] Level 1:colcon.colcon_core.environment:create_file_with_runtime_dependencies(/home/user/robot_arm_ws/install/micro_ros_agent/share/colcon-core/packages/micro_ros_agent)
[0.542s] DEBUG:colcon.colcon_core.event_handler.log_command:Invoked command in '/home/user/robot_arm_ws/build/robot_arm' returned '0': CMAKE_PREFIX_PATH=${CMAKE_PREFIX_PATH}:/home/user/ros2_ws/install/my_robot_controller:/opt/ros/jazzy DEBUGINFOD_URLS=https://debuginfod.ubuntu.com /usr/bin/cmake --build /home/user/robot_arm_ws/build/robot_arm -- -j16 -l16
[0.543s] DEBUG:colcon.colcon_core.event_handler.log_command:Invoking command in '/home/user/robot_arm_ws/build/robot_arm': CMAKE_PREFIX_PATH=${CMAKE_PREFIX_PATH}:/home/user/ros2_ws/install/my_robot_controller:/opt/ros/jazzy DEBUGINFOD_URLS=https://debuginfod.ubuntu.com /usr/bin/cmake --install /home/user/robot_arm_ws/build/robot_arm
[0.583s] Level 1:colcon.colcon_core.environment:create_environment_scripts_only(robot_arm)
[0.583s] Level 1:colcon.colcon_core.environment:checking '/home/user/robot_arm_ws/install/robot_arm' for CMake module files
[0.583s] DEBUG:colcon.colcon_core.event_handler.log_command:Invoked command in '/home/user/robot_arm_ws/build/robot_arm' returned '0': CMAKE_PREFIX_PATH=${CMAKE_PREFIX_PATH}:/home/user/ros2_ws/install/my_robot_controller:/opt/ros/jazzy DEBUGINFOD_URLS=https://debuginfod.ubuntu.com /usr/bin/cmake --install /home/user/robot_arm_ws/build/robot_arm
[0.584s] Level 1:colcon.colcon_core.environment:checking '/home/user/robot_arm_ws/install/robot_arm' for CMake config files
[0.584s] Level 1:colcon.colcon_core.shell:create_environment_hook('robot_arm', 'cmake_prefix_path')
[0.584s] INFO:colcon.colcon_core.shell:Creating environment hook '/home/user/robot_arm_ws/install/robot_arm/share/robot_arm/hook/cmake_prefix_path.ps1'
[0.584s] INFO:colcon.colcon_core.shell:Creating environment descriptor '/home/user/robot_arm_ws/install/robot_arm/share/robot_arm/hook/cmake_prefix_path.dsv'
[0.584s] INFO:colcon.colcon_core.shell:Creating environment hook '/home/user/robot_arm_ws/install/robot_arm/share/robot_arm/hook/cmake_prefix_path.sh'
[0.585s] Level 1:colcon.colcon_core.environment:checking '/home/user/robot_arm_ws/install/robot_arm/lib'
[0.585s] Level 1:colcon.colcon_core.environment:checking '/home/user/robot_arm_ws/install/robot_arm/bin'
[0.585s] Level 1:colcon.colcon_core.environment:checking '/home/user/robot_arm_ws/install/robot_arm/lib/pkgconfig/robot_arm.pc'
[0.585s] Level 1:colcon.colcon_core.environment:checking '/home/user/robot_arm_ws/install/robot_arm/lib/python3.12/site-packages'
[0.585s] Level 1:colcon.colcon_core.shell:create_environment_hook('robot_arm', 'pythonpath')
[0.585s] INFO:colcon.colcon_core.shell:Creating environment hook '/home/user/robot_arm_ws/install/robot_arm/share/robot_arm/hook/pythonpath.ps1'
[0.585s] INFO:colcon.colcon_core.shell:Creating environment descriptor '/home/user/robot_arm_ws/install/robot_arm/share/robot_arm/hook/pythonpath.dsv'
[0.586s] INFO:colcon.colcon_core.shell:Creating environment hook '/home/user/robot_arm_ws/install/robot_arm/share/robot_arm/hook/pythonpath.sh'
[0.586s] Level 1:colcon.colcon_core.environment:checking '/home/user/robot_arm_ws/install/robot_arm/bin'
[0.586s] INFO:colcon.colcon_core.shell:Creating package script '/home/user/robot_arm_ws/install/robot_arm/share/robot_arm/package.ps1'
[0.586s] INFO:colcon.colcon_core.shell:Creating package descriptor '/home/user/robot_arm_ws/install/robot_arm/share/robot_arm/package.dsv'
[0.587s] INFO:colcon.colcon_core.shell:Creating package script '/home/user/robot_arm_ws/install/robot_arm/share/robot_arm/package.sh'
[0.587s] INFO:colcon.colcon_core.shell:Creating package script '/home/user/robot_arm_ws/install/robot_arm/share/robot_arm/package.bash'
[0.587s] INFO:colcon.colcon_core.shell:Creating package script '/home/user/robot_arm_ws/install/robot_arm/share/robot_arm/package.zsh'
[0.587s] Level 1:colcon.colcon_core.environment:create_file_with_runtime_dependencies(/home/user/robot_arm_ws/install/robot_arm/share/colcon-core/packages/robot_arm)
[0.588s] Level 1:colcon.colcon_core.environment:create_environment_scripts_only(robot_arm)
[0.588s] Level 1:colcon.colcon_core.environment:checking '/home/user/robot_arm_ws/install/robot_arm' for CMake module files
[0.588s] Level 1:colcon.colcon_core.environment:checking '/home/user/robot_arm_ws/install/robot_arm' for CMake config files
[0.588s] Level 1:colcon.colcon_core.shell:create_environment_hook('robot_arm', 'cmake_prefix_path')
[0.588s] INFO:colcon.colcon_core.shell:Creating environment hook '/home/user/robot_arm_ws/install/robot_arm/share/robot_arm/hook/cmake_prefix_path.ps1'
[0.588s] INFO:colcon.colcon_core.shell:Creating environment descriptor '/home/user/robot_arm_ws/install/robot_arm/share/robot_arm/hook/cmake_prefix_path.dsv'
[0.589s] INFO:colcon.colcon_core.shell:Creating environment hook '/home/user/robot_arm_ws/install/robot_arm/share/robot_arm/hook/cmake_prefix_path.sh'
[0.589s] Level 1:colcon.colcon_core.environment:checking '/home/user/robot_arm_ws/install/robot_arm/lib'
[0.589s] Level 1:colcon.colcon_core.environment:checking '/home/user/robot_arm_ws/install/robot_arm/bin'
[0.589s] Level 1:colcon.colcon_core.environment:checking '/home/user/robot_arm_ws/install/robot_arm/lib/pkgconfig/robot_arm.pc'
[0.589s] Level 1:colcon.colcon_core.environment:checking '/home/user/robot_arm_ws/install/robot_arm/lib/python3.12/site-packages'
[0.589s] Level 1:colcon.colcon_core.shell:create_environment_hook('robot_arm', 'pythonpath')
[0.589s] INFO:colcon.colcon_core.shell:Creating environment hook '/home/user/robot_arm_ws/install/robot_arm/share/robot_arm/hook/pythonpath.ps1'
[0.589s] INFO:colcon.colcon_core.shell:Creating environment descriptor '/home/user/robot_arm_ws/install/robot_arm/share/robot_arm/hook/pythonpath.dsv'
[0.590s] INFO:colcon.colcon_core.shell:Creating environment hook '/home/user/robot_arm_ws/install/robot_arm/share/robot_arm/hook/pythonpath.sh'
[0.590s] Level 1:colcon.colcon_core.environment:checking '/home/user/robot_arm_ws/install/robot_arm/bin'
[0.590s] INFO:colcon.colcon_core.shell:Creating package script '/home/user/robot_arm_ws/install/robot_arm/share/robot_arm/package.ps1'
[0.590s] INFO:colcon.colcon_core.shell:Creating package descriptor '/home/user/robot_arm_ws/install/robot_arm/share/robot_arm/package.dsv'
[0.591s] INFO:colcon.colcon_core.shell:Creating package script '/home/user/robot_arm_ws/install/robot_arm/share/robot_arm/package.sh'
[0.591s] INFO:colcon.colcon_core.shell:Creating package script '/home/user/robot_arm_ws/install/robot_arm/share/robot_arm/package.bash'
[0.591s] INFO:colcon.colcon_core.shell:Creating package script '/home/user/robot_arm_ws/install/robot_arm/share/robot_arm/package.zsh'
[0.591s] Level 1:colcon.colcon_core.environment:create_file_with_runtime_dependencies(/home/user/robot_arm_ws/install/robot_arm/share/colcon-core/packages/robot_arm)
[0.591s] INFO:colcon.colcon_ros.task.ament_cmake.build:Building ROS package in '/home/user/robot_arm_ws/src/arm_moveit_config' with build type 'ament_cmake'
[0.592s] INFO:colcon.colcon_cmake.task.cmake.build:Building CMake package in '/home/user/robot_arm_ws/src/arm_moveit_config'
[0.592s] INFO:colcon.colcon_core.shell:Skip shell extension 'powershell' for command environment: Not usable outside of PowerShell
[0.592s] DEBUG:colcon.colcon_core.shell:Skip shell extension 'dsv' for command environment
[0.599s] DEBUG:colcon.colcon_core.event_handler.log_command:Invoking command in '/home/user/robot_arm_ws/build/arm_moveit_config': AMENT_PREFIX_PATH=/home/user/robot_arm_ws/install/robot_arm:${AMENT_PREFIX_PATH} CMAKE_PREFIX_PATH=/home/user/robot_arm_ws/install/robot_arm:/home/user/ros2_ws/install/teleop_twist_joy:/home/user/ros2_ws/install/arm_urdfnew:/opt/ros/jazzy/opt/gz_sim_vendor:/opt/ros/jazzy/opt/gz_sensors_vendor:/opt/ros/jazzy/opt/gz_physics_vendor:/opt/ros/jazzy/opt/sdformat_vendor:/opt/ros/jazzy/opt/gz_gui_vendor:/opt/ros/jazzy/opt/gz_transport_vendor:/opt/ros/jazzy/opt/gz_rendering_vendor:/opt/ros/jazzy/opt/gz_plugin_vendor:/opt/ros/jazzy/opt/gz_fuel_tools_vendor:/opt/ros/jazzy/opt/gz_msgs_vendor:/opt/ros/jazzy/opt/gz_common_vendor:/opt/ros/jazzy/opt/gz_math_vendor:/opt/ros/jazzy/opt/gz_utils_vendor:/opt/ros/jazzy/opt/gz_tools_vendor:/opt/ros/jazzy/opt/gz_ogre_next_vendor:/opt/ros/jazzy/opt/gz_dartsim_vendor:/opt/ros/jazzy/opt/gz_cmake_vendor:/home/user/ros2_ws/install/my_robot_controller:/opt/ros/jazzy DEBUGINFOD_URLS=https://debuginfod.ubuntu.com PYTHONPATH=/home/user/robot_arm_ws/install/robot_arm/lib/python3.12/site-packages:${PYTHONPATH} /usr/bin/cmake --build /home/user/robot_arm_ws/build/arm_moveit_config -- -j16 -l16
[0.630s] DEBUG:colcon.colcon_core.event_handler.log_command:Invoked command in '/home/user/robot_arm_ws/build/arm_moveit_config' returned '0': AMENT_PREFIX_PATH=/home/user/robot_arm_ws/install/robot_arm:${AMENT_PREFIX_PATH} CMAKE_PREFIX_PATH=/home/user/robot_arm_ws/install/robot_arm:/home/user/ros2_ws/install/teleop_twist_joy:/home/user/ros2_ws/install/arm_urdfnew:/opt/ros/jazzy/opt/gz_sim_vendor:/opt/ros/jazzy/opt/gz_sensors_vendor:/opt/ros/jazzy/opt/gz_physics_vendor:/opt/ros/jazzy/opt/sdformat_vendor:/opt/ros/jazzy/opt/gz_gui_vendor:/opt/ros/jazzy/opt/gz_transport_vendor:/opt/ros/jazzy/opt/gz_rendering_vendor:/opt/ros/jazzy/opt/gz_plugin_vendor:/opt/ros/jazzy/opt/gz_fuel_tools_vendor:/opt/ros/jazzy/opt/gz_msgs_vendor:/opt/ros/jazzy/opt/gz_common_vendor:/opt/ros/jazzy/opt/gz_math_vendor:/opt/ros/jazzy/opt/gz_utils_vendor:/opt/ros/jazzy/opt/gz_tools_vendor:/opt/ros/jazzy/opt/gz_ogre_next_vendor:/opt/ros/jazzy/opt/gz_dartsim_vendor:/opt/ros/jazzy/opt/gz_cmake_vendor:/home/user/ros2_ws/install/my_robot_controller:/opt/ros/jazzy DEBUGINFOD_URLS=https://debuginfod.ubuntu.com PYTHONPATH=/home/user/robot_arm_ws/install/robot_arm/lib/python3.12/site-packages:${PYTHONPATH} /usr/bin/cmake --build /home/user/robot_arm_ws/build/arm_moveit_config -- -j16 -l16
[0.631s] DEBUG:colcon.colcon_core.event_handler.log_command:Invoking command in '/home/user/robot_arm_ws/build/arm_moveit_config': AMENT_PREFIX_PATH=/home/user/robot_arm_ws/install/robot_arm:${AMENT_PREFIX_PATH} CMAKE_PREFIX_PATH=/home/user/robot_arm_ws/install/robot_arm:/home/user/ros2_ws/install/teleop_twist_joy:/home/user/ros2_ws/install/arm_urdfnew:/opt/ros/jazzy/opt/gz_sim_vendor:/opt/ros/jazzy/opt/gz_sensors_vendor:/opt/ros/jazzy/opt/gz_physics_vendor:/opt/ros/jazzy/opt/sdformat_vendor:/opt/ros/jazzy/opt/gz_gui_vendor:/opt/ros/jazzy/opt/gz_transport_vendor:/opt/ros/jazzy/opt/gz_rendering_vendor:/opt/ros/jazzy/opt/gz_plugin_vendor:/opt/ros/jazzy/opt/gz_fuel_tools_vendor:/opt/ros/jazzy/opt/gz_msgs_vendor:/opt/ros/jazzy/opt/gz_common_vendor:/opt/ros/jazzy/opt/gz_math_vendor:/opt/ros/jazzy/opt/gz_utils_vendor:/opt/ros/jazzy/opt/gz_tools_vendor:/opt/ros/jazzy/opt/gz_ogre_next_vendor:/opt/ros/jazzy/opt/gz_dartsim_vendor:/opt/ros/jazzy/opt/gz_cmake_vendor:/home/user/ros2_ws/install/my_robot_controller:/opt/ros/jazzy DEBUGINFOD_URLS=https://debuginfod.ubuntu.com PYTHONPATH=/home/user/robot_arm_ws/install/robot_arm/lib/python3.12/site-packages:${PYTHONPATH} /usr/bin/cmake --install /home/user/robot_arm_ws/build/arm_moveit_config
[0.638s] Level 1:colcon.colcon_core.environment:create_environment_scripts_only(arm_moveit_config)
[0.639s] Level 1:colcon.colcon_core.environment:checking '/home/user/robot_arm_ws/install/arm_moveit_config' for CMake module files
[0.639s] DEBUG:colcon.colcon_core.event_handler.log_command:Invoked command in '/home/user/robot_arm_ws/build/arm_moveit_config' returned '0': AMENT_PREFIX_PATH=/home/user/robot_arm_ws/install/robot_arm:${AMENT_PREFIX_PATH} CMAKE_PREFIX_PATH=/home/user/robot_arm_ws/install/robot_arm:/home/user/ros2_ws/install/teleop_twist_joy:/home/user/ros2_ws/install/arm_urdfnew:/opt/ros/jazzy/opt/gz_sim_vendor:/opt/ros/jazzy/opt/gz_sensors_vendor:/opt/ros/jazzy/opt/gz_physics_vendor:/opt/ros/jazzy/opt/sdformat_vendor:/opt/ros/jazzy/opt/gz_gui_vendor:/opt/ros/jazzy/opt/gz_transport_vendor:/opt/ros/jazzy/opt/gz_rendering_vendor:/opt/ros/jazzy/opt/gz_plugin_vendor:/opt/ros/jazzy/opt/gz_fuel_tools_vendor:/opt/ros/jazzy/opt/gz_msgs_vendor:/opt/ros/jazzy/opt/gz_common_vendor:/opt/ros/jazzy/opt/gz_math_vendor:/opt/ros/jazzy/opt/gz_utils_vendor:/opt/ros/jazzy/opt/gz_tools_vendor:/opt/ros/jazzy/opt/gz_ogre_next_vendor:/opt/ros/jazzy/opt/gz_dartsim_vendor:/opt/ros/jazzy/opt/gz_cmake_vendor:/home/user/ros2_ws/install/my_robot_controller:/opt/ros/jazzy DEBUGINFOD_URLS=https://debuginfod.ubuntu.com PYTHONPATH=/home/user/robot_arm_ws/install/robot_arm/lib/python3.12/site-packages:${PYTHONPATH} /usr/bin/cmake --install /home/user/robot_arm_ws/build/arm_moveit_config
[0.639s] Level 1:colcon.colcon_core.environment:checking '/home/user/robot_arm_ws/install/arm_moveit_config' for CMake config files
[0.639s] Level 1:colcon.colcon_core.shell:create_environment_hook('arm_moveit_config', 'cmake_prefix_path')
[0.639s] INFO:colcon.colcon_core.shell:Creating environment hook '/home/user/robot_arm_ws/install/arm_moveit_config/share/arm_moveit_config/hook/cmake_prefix_path.ps1'
[0.640s] INFO:colcon.colcon_core.shell:Creating environment descriptor '/home/user/robot_arm_ws/install/arm_moveit_config/share/arm_moveit_config/hook/cmake_prefix_path.dsv'
[0.640s] INFO:colcon.colcon_core.shell:Creating environment hook '/home/user/robot_arm_ws/install/arm_moveit_config/share/arm_moveit_config/hook/cmake_prefix_path.sh'
[0.640s] Level 1:colcon.colcon_core.environment:checking '/home/user/robot_arm_ws/install/arm_moveit_config/bin'
[0.640s] Level 1:colcon.colcon_core.environment:checking '/home/user/robot_arm_ws/install/arm_moveit_config/lib/pkgconfig/arm_moveit_config.pc'
[0.640s] Level 1:colcon.colcon_core.environment:checking '/home/user/robot_arm_ws/install/arm_moveit_config/lib/python3.12/site-packages'
[0.640s] Level 1:colcon.colcon_core.environment:checking '/home/user/robot_arm_ws/install/arm_moveit_config/bin'
[0.641s] INFO:colcon.colcon_core.shell:Creating package script '/home/user/robot_arm_ws/install/arm_moveit_config/share/arm_moveit_config/package.ps1'
[0.641s] INFO:colcon.colcon_core.shell:Creating package descriptor '/home/user/robot_arm_ws/install/arm_moveit_config/share/arm_moveit_config/package.dsv'
[0.641s] INFO:colcon.colcon_core.shell:Creating package script '/home/user/robot_arm_ws/install/arm_moveit_config/share/arm_moveit_config/package.sh'
[0.641s] INFO:colcon.colcon_core.shell:Creating package script '/home/user/robot_arm_ws/install/arm_moveit_config/share/arm_moveit_config/package.bash'
[0.641s] INFO:colcon.colcon_core.shell:Creating package script '/home/user/robot_arm_ws/install/arm_moveit_config/share/arm_moveit_config/package.zsh'
[0.642s] Level 1:colcon.colcon_core.environment:create_file_with_runtime_dependencies(/home/user/robot_arm_ws/install/arm_moveit_config/share/colcon-core/packages/arm_moveit_config)
[0.642s] Level 1:colcon.colcon_core.environment:create_environment_scripts_only(arm_moveit_config)
[0.642s] Level 1:colcon.colcon_core.environment:checking '/home/user/robot_arm_ws/install/arm_moveit_config' for CMake module files
[0.642s] Level 1:colcon.colcon_core.environment:checking '/home/user/robot_arm_ws/install/arm_moveit_config' for CMake config files
[0.642s] Level 1:colcon.colcon_core.shell:create_environment_hook('arm_moveit_config', 'cmake_prefix_path')
[0.643s] INFO:colcon.colcon_core.shell:Creating environment hook '/home/user/robot_arm_ws/install/arm_moveit_config/share/arm_moveit_config/hook/cmake_prefix_path.ps1'
[0.643s] INFO:colcon.colcon_core.shell:Creating environment descriptor '/home/user/robot_arm_ws/install/arm_moveit_config/share/arm_moveit_config/hook/cmake_prefix_path.dsv'
[0.643s] INFO:colcon.colcon_core.shell:Creating environment hook '/home/user/robot_arm_ws/install/arm_moveit_config/share/arm_moveit_config/hook/cmake_prefix_path.sh'
[0.643s] Level 1:colcon.colcon_core.environment:checking '/home/user/robot_arm_ws/install/arm_moveit_config/bin'
[0.643s] Level 1:colcon.colcon_core.environment:checking '/home/user/robot_arm_ws/install/arm_moveit_config/lib/pkgconfig/arm_moveit_config.pc'
[0.643s] Level 1:colcon.colcon_core.environment:checking '/home/user/robot_arm_ws/install/arm_moveit_config/lib/python3.12/site-packages'
[0.644s] Level 1:colcon.colcon_core.environment:checking '/home/user/robot_arm_ws/install/arm_moveit_config/bin'
[0.644s] INFO:colcon.colcon_core.shell:Creating package script '/home/user/robot_arm_ws/install/arm_moveit_config/share/arm_moveit_config/package.ps1'
[0.644s] INFO:colcon.colcon_core.shell:Creating package descriptor '/home/user/robot_arm_ws/install/arm_moveit_config/share/arm_moveit_config/package.dsv'
[0.644s] INFO:colcon.colcon_core.shell:Creating package script '/home/user/robot_arm_ws/install/arm_moveit_config/share/arm_moveit_config/package.sh'
[0.644s] INFO:colcon.colcon_core.shell:Creating package script '/home/user/robot_arm_ws/install/arm_moveit_config/share/arm_moveit_config/package.bash'
[0.645s] INFO:colcon.colcon_core.shell:Creating package script '/home/user/robot_arm_ws/install/arm_moveit_config/share/arm_moveit_config/package.zsh'
[0.645s] Level 1:colcon.colcon_core.environment:create_file_with_runtime_dependencies(/home/user/robot_arm_ws/install/arm_moveit_config/share/colcon-core/packages/arm_moveit_config)
[0.645s] DEBUG:colcon.colcon_parallel_executor.executor.parallel:closing loop
[0.645s] DEBUG:colcon.colcon_parallel_executor.executor.parallel:loop closed
[0.645s] DEBUG:colcon.colcon_parallel_executor.executor.parallel:run_until_complete finished with '0'
[0.645s] DEBUG:colcon.colcon_core.event_reactor:joining thread
[0.650s] INFO:colcon.colcon_core.plugin_system:Skipping extension 'colcon_notification.desktop_notification.terminal_notifier': Not used on non-Darwin systems
[0.650s] INFO:colcon.colcon_core.plugin_system:Skipping extension 'colcon_notification.desktop_notification.win32': Not used on non-Windows systems
[0.650s] INFO:colcon.colcon_notification.desktop_notification:Sending desktop notification using 'notify2'
[0.663s] DEBUG:colcon.colcon_core.event_reactor:joined thread
[0.663s] INFO:colcon.colcon_core.shell:Creating prefix script '/home/user/robot_arm_ws/install/local_setup.ps1'
[0.664s] INFO:colcon.colcon_core.shell:Creating prefix util module '/home/user/robot_arm_ws/install/_local_setup_util_ps1.py'
[0.665s] INFO:colcon.colcon_core.shell:Creating prefix chain script '/home/user/robot_arm_ws/install/setup.ps1'
[0.666s] INFO:colcon.colcon_core.shell:Creating prefix script '/home/user/robot_arm_ws/install/local_setup.sh'
[0.666s] INFO:colcon.colcon_core.shell:Creating prefix util module '/home/user/robot_arm_ws/install/_local_setup_util_sh.py'
[0.667s] INFO:colcon.colcon_core.shell:Creating prefix chain script '/home/user/robot_arm_ws/install/setup.sh'
[0.667s] INFO:colcon.colcon_core.shell:Creating prefix script '/home/user/robot_arm_ws/install/local_setup.bash'
[0.668s] INFO:colcon.colcon_core.shell:Creating prefix chain script '/home/user/robot_arm_ws/install/setup.bash'
[0.668s] INFO:colcon.colcon_core.shell:Creating prefix script '/home/user/robot_arm_ws/install/local_setup.zsh'
[0.669s] INFO:colcon.colcon_core.shell:Creating prefix chain script '/home/user/robot_arm_ws/install/setup.zsh'
