[0.093s] DEBUG:colcon:Command line arguments: ['/usr/bin/colcon', 'build']
[0.094s] DEBUG:colcon:Parsed command line arguments: Namespace(log_base=None, log_level=None, verb_name='build', build_base='build', install_base='install', merge_install=False, symlink_install=False, test_result_base=None, continue_on_error=False, executor='parallel', parallel_workers=16, event_handlers=None, ignore_user_meta=False, metas=['./colcon.meta'], base_paths=['.'], packages_ignore=None, packages_ignore_regex=None, paths=None, packages_up_to=None, packages_up_to_regex=None, packages_above=None, packages_above_and_dependencies=None, packages_above_depth=None, packages_select_by_dep=None, packages_skip_by_dep=None, packages_skip_up_to=None, packages_select_build_failed=False, packages_skip_build_finished=False, packages_select_test_failures=False, packages_skip_test_passed=False, packages_select=None, packages_skip=None, packages_select_regex=None, packages_skip_regex=None, packages_start=None, packages_end=None, allow_overriding=[], cmake_args=None, cmake_target=None, cmake_target_skip_unavailable=False, cmake_clean_cache=False, cmake_clean_first=False, cmake_force_configure=False, ament_cmake_args=None, catkin_cmake_args=None, catkin_skip_building_tests=False, mixin_files=None, mixin=None, verb_parser=<colcon_mixin.mixin.mixin_argument.MixinArgumentDecorator object at 0x717fa6fc2900>, verb_extension=<colcon_core.verb.build.BuildVerb object at 0x717fa6fc2510>, main=<bound method BuildVerb.main of <colcon_core.verb.build.BuildVerb object at 0x717fa6fc2510>>, mixin_verb=('build',))
[0.121s] Level 1:colcon.colcon_core.package_discovery:discover_packages(colcon_meta) check parameters
[0.122s] Level 1:colcon.colcon_core.package_discovery:discover_packages(recursive) check parameters
[0.122s] Level 1:colcon.colcon_core.package_discovery:discover_packages(ignore) check parameters
[0.122s] Level 1:colcon.colcon_core.package_discovery:discover_packages(path) check parameters
[0.122s] Level 1:colcon.colcon_core.package_discovery:discover_packages(colcon_meta) discover
[0.122s] Level 1:colcon.colcon_core.package_discovery:discover_packages(recursive) discover
[0.122s] INFO:colcon.colcon_core.package_discovery:Crawling recursively for packages in '/home/user/robot_arm_ws'
[0.122s] Level 1:colcon.colcon_core.package_identification:_identify(.) by extensions ['ignore', 'ignore_ament_install']
[0.122s] Level 1:colcon.colcon_core.package_identification:_identify(.) by extension 'ignore'
[0.122s] Level 1:colcon.colcon_core.package_identification:_identify(.) by extension 'ignore_ament_install'
[0.122s] Level 1:colcon.colcon_core.package_identification:_identify(.) by extensions ['colcon_pkg']
[0.122s] Level 1:colcon.colcon_core.package_identification:_identify(.) by extension 'colcon_pkg'
[0.122s] Level 1:colcon.colcon_core.package_identification:_identify(.) by extensions ['colcon_meta']
[0.122s] Level 1:colcon.colcon_core.package_identification:_identify(.) by extension 'colcon_meta'
[0.122s] Level 1:colcon.colcon_core.package_identification:_identify(.) by extensions ['ros']
[0.122s] Level 1:colcon.colcon_core.package_identification:_identify(.) by extension 'ros'
[0.142s] Level 1:colcon.colcon_core.package_identification:_identify(.) by extensions ['cmake', 'python']
[0.142s] Level 1:colcon.colcon_core.package_identification:_identify(.) by extension 'cmake'
[0.142s] Level 1:colcon.colcon_core.package_identification:_identify(.) by extension 'python'
[0.143s] Level 1:colcon.colcon_core.package_identification:_identify(.) by extensions ['python_setup_py']
[0.143s] Level 1:colcon.colcon_core.package_identification:_identify(.) by extension 'python_setup_py'
[0.143s] Level 1:colcon.colcon_core.package_identification:_identify(build) by extensions ['ignore', 'ignore_ament_install']
[0.143s] Level 1:colcon.colcon_core.package_identification:_identify(build) by extension 'ignore'
[0.143s] Level 1:colcon.colcon_core.package_identification:_identify(build) ignored
[0.143s] Level 1:colcon.colcon_core.package_identification:_identify(install) by extensions ['ignore', 'ignore_ament_install']
[0.143s] Level 1:colcon.colcon_core.package_identification:_identify(install) by extension 'ignore'
[0.143s] Level 1:colcon.colcon_core.package_identification:_identify(install) ignored
[0.143s] Level 1:colcon.colcon_core.package_identification:_identify(log) by extensions ['ignore', 'ignore_ament_install']
[0.143s] Level 1:colcon.colcon_core.package_identification:_identify(log) by extension 'ignore'
[0.143s] Level 1:colcon.colcon_core.package_identification:_identify(log) ignored
[0.143s] Level 1:colcon.colcon_core.package_identification:_identify(src) by extensions ['ignore', 'ignore_ament_install']
[0.143s] Level 1:colcon.colcon_core.package_identification:_identify(src) by extension 'ignore'
[0.143s] Level 1:colcon.colcon_core.package_identification:_identify(src) by extension 'ignore_ament_install'
[0.143s] Level 1:colcon.colcon_core.package_identification:_identify(src) by extensions ['colcon_pkg']
[0.143s] Level 1:colcon.colcon_core.package_identification:_identify(src) by extension 'colcon_pkg'
[0.143s] Level 1:colcon.colcon_core.package_identification:_identify(src) by extensions ['colcon_meta']
[0.143s] Level 1:colcon.colcon_core.package_identification:_identify(src) by extension 'colcon_meta'
[0.143s] Level 1:colcon.colcon_core.package_identification:_identify(src) by extensions ['ros']
[0.143s] Level 1:colcon.colcon_core.package_identification:_identify(src) by extension 'ros'
[0.143s] Level 1:colcon.colcon_core.package_identification:_identify(src) by extensions ['cmake', 'python']
[0.143s] Level 1:colcon.colcon_core.package_identification:_identify(src) by extension 'cmake'
[0.144s] Level 1:colcon.colcon_core.package_identification:_identify(src) by extension 'python'
[0.144s] Level 1:colcon.colcon_core.package_identification:_identify(src) by extensions ['python_setup_py']
[0.144s] Level 1:colcon.colcon_core.package_identification:_identify(src) by extension 'python_setup_py'
[0.144s] Level 1:colcon.colcon_core.package_identification:_identify(src/arm_moveit_config) by extensions ['ignore', 'ignore_ament_install']
[0.144s] Level 1:colcon.colcon_core.package_identification:_identify(src/arm_moveit_config) by extension 'ignore'
[0.144s] Level 1:colcon.colcon_core.package_identification:_identify(src/arm_moveit_config) by extension 'ignore_ament_install'
[0.144s] Level 1:colcon.colcon_core.package_identification:_identify(src/arm_moveit_config) by extensions ['colcon_pkg']
[0.144s] Level 1:colcon.colcon_core.package_identification:_identify(src/arm_moveit_config) by extension 'colcon_pkg'
[0.144s] Level 1:colcon.colcon_core.package_identification:_identify(src/arm_moveit_config) by extensions ['colcon_meta']
[0.144s] Level 1:colcon.colcon_core.package_identification:_identify(src/arm_moveit_config) by extension 'colcon_meta'
[0.144s] Level 1:colcon.colcon_core.package_identification:_identify(src/arm_moveit_config) by extensions ['ros']
[0.144s] Level 1:colcon.colcon_core.package_identification:_identify(src/arm_moveit_config) by extension 'ros'
[0.146s] DEBUG:colcon.colcon_core.package_identification:Package 'src/arm_moveit_config' with type 'ros.ament_cmake' and name 'arm_moveit_config'
[0.146s] Level 1:colcon.colcon_core.package_identification:_identify(src/my_arm_sim) by extensions ['ignore', 'ignore_ament_install']
[0.146s] Level 1:colcon.colcon_core.package_identification:_identify(src/my_arm_sim) by extension 'ignore'
[0.146s] Level 1:colcon.colcon_core.package_identification:_identify(src/my_arm_sim) by extension 'ignore_ament_install'
[0.146s] Level 1:colcon.colcon_core.package_identification:_identify(src/my_arm_sim) by extensions ['colcon_pkg']
[0.146s] Level 1:colcon.colcon_core.package_identification:_identify(src/my_arm_sim) by extension 'colcon_pkg'
[0.146s] Level 1:colcon.colcon_core.package_identification:_identify(src/my_arm_sim) by extensions ['colcon_meta']
[0.146s] Level 1:colcon.colcon_core.package_identification:_identify(src/my_arm_sim) by extension 'colcon_meta'
[0.146s] Level 1:colcon.colcon_core.package_identification:_identify(src/my_arm_sim) by extensions ['ros']
[0.146s] Level 1:colcon.colcon_core.package_identification:_identify(src/my_arm_sim) by extension 'ros'
[0.147s] DEBUG:colcon.colcon_core.package_identification:Package 'src/my_arm_sim' with type 'ros.ament_python' and name 'my_arm_sim'
[0.147s] Level 1:colcon.colcon_core.package_identification:_identify(src/robot_arm) by extensions ['ignore', 'ignore_ament_install']
[0.147s] Level 1:colcon.colcon_core.package_identification:_identify(src/robot_arm) by extension 'ignore'
[0.147s] Level 1:colcon.colcon_core.package_identification:_identify(src/robot_arm) by extension 'ignore_ament_install'
[0.147s] Level 1:colcon.colcon_core.package_identification:_identify(src/robot_arm) by extensions ['colcon_pkg']
[0.147s] Level 1:colcon.colcon_core.package_identification:_identify(src/robot_arm) by extension 'colcon_pkg'
[0.147s] Level 1:colcon.colcon_core.package_identification:_identify(src/robot_arm) by extensions ['colcon_meta']
[0.147s] Level 1:colcon.colcon_core.package_identification:_identify(src/robot_arm) by extension 'colcon_meta'
[0.147s] Level 1:colcon.colcon_core.package_identification:_identify(src/robot_arm) by extensions ['ros']
[0.147s] Level 1:colcon.colcon_core.package_identification:_identify(src/robot_arm) by extension 'ros'
[0.148s] DEBUG:colcon.colcon_core.package_identification:Package 'src/robot_arm' with type 'ros.ament_cmake' and name 'robot_arm'
[0.148s] Level 1:colcon.colcon_core.package_discovery:discover_packages(recursive) using defaults
[0.148s] Level 1:colcon.colcon_core.package_discovery:discover_packages(ignore) discover
[0.148s] Level 1:colcon.colcon_core.package_discovery:discover_packages(ignore) using defaults
[0.148s] Level 1:colcon.colcon_core.package_discovery:discover_packages(path) discover
[0.148s] Level 1:colcon.colcon_core.package_discovery:discover_packages(path) using defaults
[0.163s] Level 1:colcon.colcon_core.package_discovery:discover_packages(prefix_path) check parameters
[0.163s] Level 1:colcon.colcon_core.package_discovery:discover_packages(prefix_path) discover
[0.166s] DEBUG:colcon.colcon_installed_package_information.package_discovery:Found 3 installed packages in /home/user/robot_arm_ws/install
[0.167s] DEBUG:colcon.colcon_installed_package_information.package_discovery:Found 72 installed packages in /home/user/ws_moveit/install
[0.168s] DEBUG:colcon.colcon_installed_package_information.package_discovery:Found 2 installed packages in /home/user/ros2_ws/install
[0.169s] DEBUG:colcon.colcon_installed_package_information.package_discovery:Found 437 installed packages in /opt/ros/jazzy
[0.171s] Level 1:colcon.colcon_core.package_discovery:discover_packages(prefix_path) using defaults
[0.232s] Level 5:colcon.colcon_core.verb:set package 'my_arm_sim' build argument 'cmake_args' from command line to 'None'
[0.232s] Level 5:colcon.colcon_core.verb:set package 'my_arm_sim' build argument 'cmake_target' from command line to 'None'
[0.232s] Level 5:colcon.colcon_core.verb:set package 'my_arm_sim' build argument 'cmake_target_skip_unavailable' from command line to 'False'
[0.232s] Level 5:colcon.colcon_core.verb:set package 'my_arm_sim' build argument 'cmake_clean_cache' from command line to 'False'
[0.232s] Level 5:colcon.colcon_core.verb:set package 'my_arm_sim' build argument 'cmake_clean_first' from command line to 'False'
[0.232s] Level 5:colcon.colcon_core.verb:set package 'my_arm_sim' build argument 'cmake_force_configure' from command line to 'False'
[0.232s] Level 5:colcon.colcon_core.verb:set package 'my_arm_sim' build argument 'ament_cmake_args' from command line to 'None'
[0.232s] Level 5:colcon.colcon_core.verb:set package 'my_arm_sim' build argument 'catkin_cmake_args' from command line to 'None'
[0.232s] Level 5:colcon.colcon_core.verb:set package 'my_arm_sim' build argument 'catkin_skip_building_tests' from command line to 'False'
[0.232s] DEBUG:colcon.colcon_core.verb:Building package 'my_arm_sim' with the following arguments: {'ament_cmake_args': None, 'build_base': '/home/user/robot_arm_ws/build/my_arm_sim', 'catkin_cmake_args': None, 'catkin_skip_building_tests': False, 'cmake_args': None, 'cmake_clean_cache': False, 'cmake_clean_first': False, 'cmake_force_configure': False, 'cmake_target': None, 'cmake_target_skip_unavailable': False, 'install_base': '/home/user/robot_arm_ws/install/my_arm_sim', 'merge_install': False, 'path': '/home/user/robot_arm_ws/src/my_arm_sim', 'symlink_install': False, 'test_result_base': None}
[0.232s] Level 5:colcon.colcon_core.verb:set package 'robot_arm' build argument 'cmake_args' from command line to 'None'
[0.232s] Level 5:colcon.colcon_core.verb:set package 'robot_arm' build argument 'cmake_target' from command line to 'None'
[0.232s] Level 5:colcon.colcon_core.verb:set package 'robot_arm' build argument 'cmake_target_skip_unavailable' from command line to 'False'
[0.232s] Level 5:colcon.colcon_core.verb:set package 'robot_arm' build argument 'cmake_clean_cache' from command line to 'False'
[0.232s] Level 5:colcon.colcon_core.verb:set package 'robot_arm' build argument 'cmake_clean_first' from command line to 'False'
[0.232s] Level 5:colcon.colcon_core.verb:set package 'robot_arm' build argument 'cmake_force_configure' from command line to 'False'
[0.232s] Level 5:colcon.colcon_core.verb:set package 'robot_arm' build argument 'ament_cmake_args' from command line to 'None'
[0.232s] Level 5:colcon.colcon_core.verb:set package 'robot_arm' build argument 'catkin_cmake_args' from command line to 'None'
[0.232s] Level 5:colcon.colcon_core.verb:set package 'robot_arm' build argument 'catkin_skip_building_tests' from command line to 'False'
[0.232s] DEBUG:colcon.colcon_core.verb:Building package 'robot_arm' with the following arguments: {'ament_cmake_args': None, 'build_base': '/home/user/robot_arm_ws/build/robot_arm', 'catkin_cmake_args': None, 'catkin_skip_building_tests': False, 'cmake_args': None, 'cmake_clean_cache': False, 'cmake_clean_first': False, 'cmake_force_configure': False, 'cmake_target': None, 'cmake_target_skip_unavailable': False, 'install_base': '/home/user/robot_arm_ws/install/robot_arm', 'merge_install': False, 'path': '/home/user/robot_arm_ws/src/robot_arm', 'symlink_install': False, 'test_result_base': None}
[0.233s] Level 5:colcon.colcon_core.verb:set package 'arm_moveit_config' build argument 'cmake_args' from command line to 'None'
[0.233s] Level 5:colcon.colcon_core.verb:set package 'arm_moveit_config' build argument 'cmake_target' from command line to 'None'
[0.233s] Level 5:colcon.colcon_core.verb:set package 'arm_moveit_config' build argument 'cmake_target_skip_unavailable' from command line to 'False'
[0.233s] Level 5:colcon.colcon_core.verb:set package 'arm_moveit_config' build argument 'cmake_clean_cache' from command line to 'False'
[0.233s] Level 5:colcon.colcon_core.verb:set package 'arm_moveit_config' build argument 'cmake_clean_first' from command line to 'False'
[0.233s] Level 5:colcon.colcon_core.verb:set package 'arm_moveit_config' build argument 'cmake_force_configure' from command line to 'False'
[0.233s] Level 5:colcon.colcon_core.verb:set package 'arm_moveit_config' build argument 'ament_cmake_args' from command line to 'None'
[0.233s] Level 5:colcon.colcon_core.verb:set package 'arm_moveit_config' build argument 'catkin_cmake_args' from command line to 'None'
[0.233s] Level 5:colcon.colcon_core.verb:set package 'arm_moveit_config' build argument 'catkin_skip_building_tests' from command line to 'False'
[0.233s] DEBUG:colcon.colcon_core.verb:Building package 'arm_moveit_config' with the following arguments: {'ament_cmake_args': None, 'build_base': '/home/user/robot_arm_ws/build/arm_moveit_config', 'catkin_cmake_args': None, 'catkin_skip_building_tests': False, 'cmake_args': None, 'cmake_clean_cache': False, 'cmake_clean_first': False, 'cmake_force_configure': False, 'cmake_target': None, 'cmake_target_skip_unavailable': False, 'install_base': '/home/user/robot_arm_ws/install/arm_moveit_config', 'merge_install': False, 'path': '/home/user/robot_arm_ws/src/arm_moveit_config', 'symlink_install': False, 'test_result_base': None}
[0.233s] INFO:colcon.colcon_core.executor:Executing jobs using 'parallel' executor
[0.234s] DEBUG:colcon.colcon_parallel_executor.executor.parallel:run_until_complete
[0.234s] INFO:colcon.colcon_ros.task.ament_cmake.build:Building ROS package in '/home/user/robot_arm_ws/src/robot_arm' with build type 'ament_cmake'
[0.234s] INFO:colcon.colcon_cmake.task.cmake.build:Building CMake package in '/home/user/robot_arm_ws/src/robot_arm'
[0.235s] INFO:colcon.colcon_core.plugin_system:Skipping extension 'colcon_core.shell.bat': Not used on non-Windows systems
[0.235s] INFO:colcon.colcon_core.shell:Skip shell extension 'powershell' for command environment: Not usable outside of PowerShell
[0.235s] DEBUG:colcon.colcon_core.shell:Skip shell extension 'dsv' for command environment
[0.243s] INFO:colcon.colcon_ros.task.ament_python.build:Building ROS package in '/home/user/robot_arm_ws/src/my_arm_sim' with build type 'ament_python'
[0.243s] Level 1:colcon.colcon_core.shell:create_environment_hook('my_arm_sim', 'ament_prefix_path')
[0.244s] INFO:colcon.colcon_core.shell:Creating environment hook '/home/user/robot_arm_ws/install/my_arm_sim/share/my_arm_sim/hook/ament_prefix_path.ps1'
[0.244s] INFO:colcon.colcon_core.shell:Creating environment descriptor '/home/user/robot_arm_ws/install/my_arm_sim/share/my_arm_sim/hook/ament_prefix_path.dsv'
[0.245s] INFO:colcon.colcon_core.shell:Creating environment hook '/home/user/robot_arm_ws/install/my_arm_sim/share/my_arm_sim/hook/ament_prefix_path.sh'
[0.245s] INFO:colcon.colcon_core.shell:Skip shell extension 'powershell' for command environment: Not usable outside of PowerShell
[0.245s] DEBUG:colcon.colcon_core.shell:Skip shell extension 'dsv' for command environment
[0.257s] DEBUG:colcon.colcon_core.event_handler.log_command:Invoking command in '/home/user/robot_arm_ws/build/robot_arm': CMAKE_PREFIX_PATH=${CMAKE_PREFIX_PATH}:/home/user/robot_arm_ws/install/my_arm_sim:/home/user/ws_moveit/install/moveit_configs_utils:/home/user/ros2_ws/install/my_py_pkg:/opt/ros/jazzy DEBUGINFOD_URLS=https://debuginfod.ubuntu.com /usr/bin/cmake --build /home/user/robot_arm_ws/build/robot_arm -- -j16 -l16
[0.459s] INFO:colcon.colcon_core.task.python.build:Building Python package in '/home/user/robot_arm_ws/src/my_arm_sim'
[0.459s] INFO:colcon.colcon_core.shell:Skip shell extension 'powershell' for command environment: Not usable outside of PowerShell
[0.459s] DEBUG:colcon.colcon_core.shell:Skip shell extension 'dsv' for command environment
[0.466s] DEBUG:colcon.colcon_core.event_handler.log_command:Invoked command in '/home/user/robot_arm_ws/build/robot_arm' returned '0': CMAKE_PREFIX_PATH=${CMAKE_PREFIX_PATH}:/home/user/robot_arm_ws/install/my_arm_sim:/home/user/ws_moveit/install/moveit_configs_utils:/home/user/ros2_ws/install/my_py_pkg:/opt/ros/jazzy DEBUGINFOD_URLS=https://debuginfod.ubuntu.com /usr/bin/cmake --build /home/user/robot_arm_ws/build/robot_arm -- -j16 -l16
[0.478s] DEBUG:colcon.colcon_core.event_handler.log_command:Invoking command in '/home/user/robot_arm_ws/build/robot_arm': CMAKE_PREFIX_PATH=${CMAKE_PREFIX_PATH}:/home/user/robot_arm_ws/install/my_arm_sim:/home/user/ws_moveit/install/moveit_configs_utils:/home/user/ros2_ws/install/my_py_pkg:/opt/ros/jazzy DEBUGINFOD_URLS=https://debuginfod.ubuntu.com /usr/bin/cmake --install /home/user/robot_arm_ws/build/robot_arm
[0.488s] Level 1:colcon.colcon_core.environment:create_environment_scripts_only(robot_arm)
[0.489s] DEBUG:colcon.colcon_core.event_handler.log_command:Invoked command in '/home/user/robot_arm_ws/build/robot_arm' returned '0': CMAKE_PREFIX_PATH=${CMAKE_PREFIX_PATH}:/home/user/robot_arm_ws/install/my_arm_sim:/home/user/ws_moveit/install/moveit_configs_utils:/home/user/ros2_ws/install/my_py_pkg:/opt/ros/jazzy DEBUGINFOD_URLS=https://debuginfod.ubuntu.com /usr/bin/cmake --install /home/user/robot_arm_ws/build/robot_arm
[0.490s] Level 1:colcon.colcon_core.environment:checking '/home/user/robot_arm_ws/install/robot_arm' for CMake module files
[0.490s] Level 1:colcon.colcon_core.environment:checking '/home/user/robot_arm_ws/install/robot_arm' for CMake config files
[0.490s] Level 1:colcon.colcon_core.shell:create_environment_hook('robot_arm', 'cmake_prefix_path')
[0.491s] INFO:colcon.colcon_core.shell:Creating environment hook '/home/user/robot_arm_ws/install/robot_arm/share/robot_arm/hook/cmake_prefix_path.ps1'
[0.491s] INFO:colcon.colcon_core.shell:Creating environment descriptor '/home/user/robot_arm_ws/install/robot_arm/share/robot_arm/hook/cmake_prefix_path.dsv'
[0.491s] INFO:colcon.colcon_core.shell:Creating environment hook '/home/user/robot_arm_ws/install/robot_arm/share/robot_arm/hook/cmake_prefix_path.sh'
[0.492s] Level 1:colcon.colcon_core.environment:checking '/home/user/robot_arm_ws/install/robot_arm/lib'
[0.492s] Level 1:colcon.colcon_core.environment:checking '/home/user/robot_arm_ws/install/robot_arm/bin'
[0.492s] Level 1:colcon.colcon_core.environment:checking '/home/user/robot_arm_ws/install/robot_arm/lib/pkgconfig/robot_arm.pc'
[0.492s] Level 1:colcon.colcon_core.environment:checking '/home/user/robot_arm_ws/install/robot_arm/lib/python3.12/site-packages'
[0.492s] Level 1:colcon.colcon_core.shell:create_environment_hook('robot_arm', 'pythonpath')
[0.492s] INFO:colcon.colcon_core.shell:Creating environment hook '/home/user/robot_arm_ws/install/robot_arm/share/robot_arm/hook/pythonpath.ps1'
[0.492s] INFO:colcon.colcon_core.shell:Creating environment descriptor '/home/user/robot_arm_ws/install/robot_arm/share/robot_arm/hook/pythonpath.dsv'
[0.492s] INFO:colcon.colcon_core.shell:Creating environment hook '/home/user/robot_arm_ws/install/robot_arm/share/robot_arm/hook/pythonpath.sh'
[0.493s] Level 1:colcon.colcon_core.environment:checking '/home/user/robot_arm_ws/install/robot_arm/bin'
[0.493s] INFO:colcon.colcon_core.shell:Creating package script '/home/user/robot_arm_ws/install/robot_arm/share/robot_arm/package.ps1'
[0.493s] INFO:colcon.colcon_core.shell:Creating package descriptor '/home/user/robot_arm_ws/install/robot_arm/share/robot_arm/package.dsv'
[0.494s] INFO:colcon.colcon_core.shell:Creating package script '/home/user/robot_arm_ws/install/robot_arm/share/robot_arm/package.sh'
[0.494s] INFO:colcon.colcon_core.shell:Creating package script '/home/user/robot_arm_ws/install/robot_arm/share/robot_arm/package.bash'
[0.495s] INFO:colcon.colcon_core.shell:Creating package script '/home/user/robot_arm_ws/install/robot_arm/share/robot_arm/package.zsh'
[0.495s] Level 1:colcon.colcon_core.environment:create_file_with_runtime_dependencies(/home/user/robot_arm_ws/install/robot_arm/share/colcon-core/packages/robot_arm)
[0.495s] Level 1:colcon.colcon_core.environment:create_environment_scripts_only(robot_arm)
[0.495s] Level 1:colcon.colcon_core.environment:checking '/home/user/robot_arm_ws/install/robot_arm' for CMake module files
[0.496s] Level 1:colcon.colcon_core.environment:checking '/home/user/robot_arm_ws/install/robot_arm' for CMake config files
[0.496s] Level 1:colcon.colcon_core.shell:create_environment_hook('robot_arm', 'cmake_prefix_path')
[0.496s] INFO:colcon.colcon_core.shell:Creating environment hook '/home/user/robot_arm_ws/install/robot_arm/share/robot_arm/hook/cmake_prefix_path.ps1'
[0.496s] INFO:colcon.colcon_core.shell:Creating environment descriptor '/home/user/robot_arm_ws/install/robot_arm/share/robot_arm/hook/cmake_prefix_path.dsv'
[0.496s] INFO:colcon.colcon_core.shell:Creating environment hook '/home/user/robot_arm_ws/install/robot_arm/share/robot_arm/hook/cmake_prefix_path.sh'
[0.497s] Level 1:colcon.colcon_core.environment:checking '/home/user/robot_arm_ws/install/robot_arm/lib'
[0.497s] Level 1:colcon.colcon_core.environment:checking '/home/user/robot_arm_ws/install/robot_arm/bin'
[0.497s] Level 1:colcon.colcon_core.environment:checking '/home/user/robot_arm_ws/install/robot_arm/lib/pkgconfig/robot_arm.pc'
[0.497s] Level 1:colcon.colcon_core.environment:checking '/home/user/robot_arm_ws/install/robot_arm/lib/python3.12/site-packages'
[0.497s] Level 1:colcon.colcon_core.shell:create_environment_hook('robot_arm', 'pythonpath')
[0.497s] INFO:colcon.colcon_core.shell:Creating environment hook '/home/user/robot_arm_ws/install/robot_arm/share/robot_arm/hook/pythonpath.ps1'
[0.497s] INFO:colcon.colcon_core.shell:Creating environment descriptor '/home/user/robot_arm_ws/install/robot_arm/share/robot_arm/hook/pythonpath.dsv'
[0.497s] INFO:colcon.colcon_core.shell:Creating environment hook '/home/user/robot_arm_ws/install/robot_arm/share/robot_arm/hook/pythonpath.sh'
[0.498s] Level 1:colcon.colcon_core.environment:checking '/home/user/robot_arm_ws/install/robot_arm/bin'
[0.498s] INFO:colcon.colcon_core.shell:Creating package script '/home/user/robot_arm_ws/install/robot_arm/share/robot_arm/package.ps1'
[0.498s] INFO:colcon.colcon_core.shell:Creating package descriptor '/home/user/robot_arm_ws/install/robot_arm/share/robot_arm/package.dsv'
[0.499s] INFO:colcon.colcon_core.shell:Creating package script '/home/user/robot_arm_ws/install/robot_arm/share/robot_arm/package.sh'
[0.499s] INFO:colcon.colcon_core.shell:Creating package script '/home/user/robot_arm_ws/install/robot_arm/share/robot_arm/package.bash'
[0.499s] INFO:colcon.colcon_core.shell:Creating package script '/home/user/robot_arm_ws/install/robot_arm/share/robot_arm/package.zsh'
[0.499s] Level 1:colcon.colcon_core.environment:create_file_with_runtime_dependencies(/home/user/robot_arm_ws/install/robot_arm/share/colcon-core/packages/robot_arm)
[0.500s] INFO:colcon.colcon_ros.task.ament_cmake.build:Building ROS package in '/home/user/robot_arm_ws/src/arm_moveit_config' with build type 'ament_cmake'
[0.500s] INFO:colcon.colcon_cmake.task.cmake.build:Building CMake package in '/home/user/robot_arm_ws/src/arm_moveit_config'
[0.500s] INFO:colcon.colcon_core.shell:Skip shell extension 'powershell' for command environment: Not usable outside of PowerShell
[0.500s] DEBUG:colcon.colcon_core.shell:Skip shell extension 'dsv' for command environment
[0.513s] DEBUG:colcon.colcon_core.event_handler.log_command:Invoking command in '/home/user/robot_arm_ws/build/arm_moveit_config': CMAKE_PREFIX_PATH=/home/user/robot_arm_ws/install/robot_arm:/home/user/robot_arm_ws/install/arm_moveit_config:/home/user/ws_moveit/install/robotiq_hardware_tests:/home/user/ws_moveit/install/robotiq_driver:/home/user/ws_moveit/install/serial:/home/user/ws_moveit/install/moveit2_tutorials:/home/user/ws_moveit/install/moveit_visual_tools:/home/user/ws_moveit/install/rviz_visual_tools:/home/user/ws_moveit/install/moveit_task_constructor_visualization:/home/user/ws_moveit/install/moveit_task_constructor_demo:/home/user/ws_moveit/install/moveit_task_constructor_capabilities:/home/user/ws_moveit/install/moveit_task_constructor_core:/home/user/ws_moveit/install/rviz_marker_tools:/home/user/ws_moveit/install/kortex_bringup:/home/user/ws_moveit/install/kinova_gen3_lite_moveit_config:/home/user/ws_moveit/install/kinova_gen3_7dof_robotiq_2f_85_moveit_config:/home/user/ws_moveit/install/kinova_gen3_6dof_robotiq_2f_85_moveit_config:/home/user/ws_moveit/install/kortex_description:/home/user/ws_moveit/install/robotiq_description:/home/user/ws_moveit/install/robotiq_controllers:/home/user/ws_moveit/install/pilz_industrial_motion_planner_testutils:/home/user/ws_moveit/install/moveit_runtime:/home/user/ws_moveit/install/moveit:/home/user/ws_moveit/install/moveit_planners:/home/user/ws_moveit/install/pilz_industrial_motion_planner:/home/user/ws_moveit/install/picknik_twist_controller:/home/user/ws_moveit/install/picknik_reset_fault_controller:/home/user/ws_moveit/install/moveit_task_constructor_msgs:/home/user/ws_moveit/install/moveit_ros_control_interface:/home/user/ws_moveit/install/moveit_plugins:/home/user/ws_moveit/install/moveit_simple_controller_manager:/home/user/ws_moveit/install/moveit_setup_assistant:/home/user/ws_moveit/install/moveit_setup_srdf_plugins:/home/user/ws_moveit/install/moveit_setup_core_plugins:/home/user/ws_moveit/install/moveit_setup_controllers:/home/user/ws_moveit/install/moveit_setup_app_plugins:/home/user/ws_moveit/install/moveit_setup_framework:/home/user/ws_moveit/install/moveit_servo:/home/user/ws_moveit/install/moveit_ros_trajectory_cache:/home/user/ws_moveit/install/moveit_ros:/home/user/ws_moveit/install/moveit_ros_visualization:/home/user/ws_moveit/install/moveit_py:/home/user/ws_moveit/install/moveit_hybrid_planning:/home/user/ws_moveit/install/moveit_ros_planning_interface:/home/user/ws_moveit/install/moveit_ros_benchmarks:/home/user/ws_moveit/install/moveit_ros_warehouse:/home/user/ws_moveit/install/moveit_ros_robot_interaction:/home/user/ws_moveit/install/moveit_ros_perception:/home/user/ws_moveit/install/moveit_resources_prbt_pg70_support:/home/user/ws_moveit/install/moveit_resources_prbt_moveit_config:/home/user/ws_moveit/install/moveit_ros_move_group:/home/user/ws_moveit/install/moveit_planners_ompl:/home/user/ws_moveit/install/moveit_kinematics:/home/user/ws_moveit/install/moveit_ros_planning:/home/user/ws_moveit/install/moveit_ros_occupancy_map_monitor:/home/user/ws_moveit/install/moveit_resources_prbt_support:/home/user/ws_moveit/install/moveit_resources_prbt_ikfast_manipulator_plugin:/home/user/ws_moveit/install/moveit_resources:/home/user/ws_moveit/install/moveit_resources_pr2_description:/home/user/ws_moveit/install/moveit_resources_panda_moveit_config:/home/user/ws_moveit/install/dual_arm_panda_moveit_config:/home/user/ws_moveit/install/moveit_resources_panda_description:/home/user/ws_moveit/install/moveit_resources_fanuc_moveit_config:/home/user/ws_moveit/install/moveit_resources_fanuc_description:/home/user/ws_moveit/install/moveit_planners_stomp:/home/user/ws_moveit/install/moveit_planners_chomp:/home/user/ws_moveit/install/chomp_motion_planner:/home/user/ws_moveit/install/moveit_core:/home/user/ws_moveit/install/moveit_msgs:/home/user/ws_moveit/install/moveit_common:/home/user/ws_moveit/install/kortex_driver:/home/user/ws_moveit/install/kortex_api:/home/user/ros2_ws/install/my_cpp_pkg:/opt/ros/jazzy/opt/gz_sim_vendor:/opt/ros/jazzy/opt/gz_sensors_vendor:/opt/ros/jazzy/opt/gz_physics_vendor:/opt/ros/jazzy/opt/sdformat_vendor:/opt/ros/jazzy/opt/gz_gui_vendor:/opt/ros/jazzy/opt/gz_transport_vendor:/opt/ros/jazzy/opt/gz_rendering_vendor:/opt/ros/jazzy/opt/gz_plugin_vendor:/opt/ros/jazzy/opt/gz_fuel_tools_vendor:/opt/ros/jazzy/opt/gz_msgs_vendor:/opt/ros/jazzy/opt/gz_common_vendor:/opt/ros/jazzy/opt/gz_math_vendor:/opt/ros/jazzy/opt/gz_utils_vendor:/opt/ros/jazzy/opt/gz_tools_vendor:/opt/ros/jazzy/opt/gz_ogre_next_vendor:/opt/ros/jazzy/opt/gz_dartsim_vendor:/opt/ros/jazzy/opt/gz_cmake_vendor:/home/user/robot_arm_ws/install/my_arm_sim:/home/user/ws_moveit/install/moveit_configs_utils:/home/user/ros2_ws/install/my_py_pkg:/opt/ros/jazzy DEBUGINFOD_URLS=https://debuginfod.ubuntu.com PYTHONPATH=/home/user/robot_arm_ws/install/robot_arm/lib/python3.12/site-packages:/home/user/robot_arm_ws/install/my_arm_sim/lib/python3.12/site-packages:/home/user/ws_moveit/install/moveit_task_constructor_core/lib/python3.12/site-packages:/home/user/ws_moveit/install/moveit_task_constructor_msgs/lib/python3.12/site-packages:/home/user/ws_moveit/install/moveit_py/lib/python3.12/site-packages:/home/user/ws_moveit/install/moveit_msgs/lib/python3.12/site-packages:/home/user/ws_moveit/install/moveit_configs_utils/lib/python3.12/site-packages:/home/user/ros2_ws/install/my_py_pkg/lib/python3.12/site-packages:/opt/ros/jazzy/lib/python3.12/site-packages /usr/bin/cmake --build /home/user/robot_arm_ws/build/arm_moveit_config -- -j16 -l16
[0.574s] DEBUG:colcon.colcon_core.event_handler.log_command:Invoked command in '/home/user/robot_arm_ws/build/arm_moveit_config' returned '0': CMAKE_PREFIX_PATH=/home/user/robot_arm_ws/install/robot_arm:/home/user/robot_arm_ws/install/arm_moveit_config:/home/user/ws_moveit/install/robotiq_hardware_tests:/home/user/ws_moveit/install/robotiq_driver:/home/user/ws_moveit/install/serial:/home/user/ws_moveit/install/moveit2_tutorials:/home/user/ws_moveit/install/moveit_visual_tools:/home/user/ws_moveit/install/rviz_visual_tools:/home/user/ws_moveit/install/moveit_task_constructor_visualization:/home/user/ws_moveit/install/moveit_task_constructor_demo:/home/user/ws_moveit/install/moveit_task_constructor_capabilities:/home/user/ws_moveit/install/moveit_task_constructor_core:/home/user/ws_moveit/install/rviz_marker_tools:/home/user/ws_moveit/install/kortex_bringup:/home/user/ws_moveit/install/kinova_gen3_lite_moveit_config:/home/user/ws_moveit/install/kinova_gen3_7dof_robotiq_2f_85_moveit_config:/home/user/ws_moveit/install/kinova_gen3_6dof_robotiq_2f_85_moveit_config:/home/user/ws_moveit/install/kortex_description:/home/user/ws_moveit/install/robotiq_description:/home/user/ws_moveit/install/robotiq_controllers:/home/user/ws_moveit/install/pilz_industrial_motion_planner_testutils:/home/user/ws_moveit/install/moveit_runtime:/home/user/ws_moveit/install/moveit:/home/user/ws_moveit/install/moveit_planners:/home/user/ws_moveit/install/pilz_industrial_motion_planner:/home/user/ws_moveit/install/picknik_twist_controller:/home/user/ws_moveit/install/picknik_reset_fault_controller:/home/user/ws_moveit/install/moveit_task_constructor_msgs:/home/user/ws_moveit/install/moveit_ros_control_interface:/home/user/ws_moveit/install/moveit_plugins:/home/user/ws_moveit/install/moveit_simple_controller_manager:/home/user/ws_moveit/install/moveit_setup_assistant:/home/user/ws_moveit/install/moveit_setup_srdf_plugins:/home/user/ws_moveit/install/moveit_setup_core_plugins:/home/user/ws_moveit/install/moveit_setup_controllers:/home/user/ws_moveit/install/moveit_setup_app_plugins:/home/user/ws_moveit/install/moveit_setup_framework:/home/user/ws_moveit/install/moveit_servo:/home/user/ws_moveit/install/moveit_ros_trajectory_cache:/home/user/ws_moveit/install/moveit_ros:/home/user/ws_moveit/install/moveit_ros_visualization:/home/user/ws_moveit/install/moveit_py:/home/user/ws_moveit/install/moveit_hybrid_planning:/home/user/ws_moveit/install/moveit_ros_planning_interface:/home/user/ws_moveit/install/moveit_ros_benchmarks:/home/user/ws_moveit/install/moveit_ros_warehouse:/home/user/ws_moveit/install/moveit_ros_robot_interaction:/home/user/ws_moveit/install/moveit_ros_perception:/home/user/ws_moveit/install/moveit_resources_prbt_pg70_support:/home/user/ws_moveit/install/moveit_resources_prbt_moveit_config:/home/user/ws_moveit/install/moveit_ros_move_group:/home/user/ws_moveit/install/moveit_planners_ompl:/home/user/ws_moveit/install/moveit_kinematics:/home/user/ws_moveit/install/moveit_ros_planning:/home/user/ws_moveit/install/moveit_ros_occupancy_map_monitor:/home/user/ws_moveit/install/moveit_resources_prbt_support:/home/user/ws_moveit/install/moveit_resources_prbt_ikfast_manipulator_plugin:/home/user/ws_moveit/install/moveit_resources:/home/user/ws_moveit/install/moveit_resources_pr2_description:/home/user/ws_moveit/install/moveit_resources_panda_moveit_config:/home/user/ws_moveit/install/dual_arm_panda_moveit_config:/home/user/ws_moveit/install/moveit_resources_panda_description:/home/user/ws_moveit/install/moveit_resources_fanuc_moveit_config:/home/user/ws_moveit/install/moveit_resources_fanuc_description:/home/user/ws_moveit/install/moveit_planners_stomp:/home/user/ws_moveit/install/moveit_planners_chomp:/home/user/ws_moveit/install/chomp_motion_planner:/home/user/ws_moveit/install/moveit_core:/home/user/ws_moveit/install/moveit_msgs:/home/user/ws_moveit/install/moveit_common:/home/user/ws_moveit/install/kortex_driver:/home/user/ws_moveit/install/kortex_api:/home/user/ros2_ws/install/my_cpp_pkg:/opt/ros/jazzy/opt/gz_sim_vendor:/opt/ros/jazzy/opt/gz_sensors_vendor:/opt/ros/jazzy/opt/gz_physics_vendor:/opt/ros/jazzy/opt/sdformat_vendor:/opt/ros/jazzy/opt/gz_gui_vendor:/opt/ros/jazzy/opt/gz_transport_vendor:/opt/ros/jazzy/opt/gz_rendering_vendor:/opt/ros/jazzy/opt/gz_plugin_vendor:/opt/ros/jazzy/opt/gz_fuel_tools_vendor:/opt/ros/jazzy/opt/gz_msgs_vendor:/opt/ros/jazzy/opt/gz_common_vendor:/opt/ros/jazzy/opt/gz_math_vendor:/opt/ros/jazzy/opt/gz_utils_vendor:/opt/ros/jazzy/opt/gz_tools_vendor:/opt/ros/jazzy/opt/gz_ogre_next_vendor:/opt/ros/jazzy/opt/gz_dartsim_vendor:/opt/ros/jazzy/opt/gz_cmake_vendor:/home/user/robot_arm_ws/install/my_arm_sim:/home/user/ws_moveit/install/moveit_configs_utils:/home/user/ros2_ws/install/my_py_pkg:/opt/ros/jazzy DEBUGINFOD_URLS=https://debuginfod.ubuntu.com PYTHONPATH=/home/user/robot_arm_ws/install/robot_arm/lib/python3.12/site-packages:/home/user/robot_arm_ws/install/my_arm_sim/lib/python3.12/site-packages:/home/user/ws_moveit/install/moveit_task_constructor_core/lib/python3.12/site-packages:/home/user/ws_moveit/install/moveit_task_constructor_msgs/lib/python3.12/site-packages:/home/user/ws_moveit/install/moveit_py/lib/python3.12/site-packages:/home/user/ws_moveit/install/moveit_msgs/lib/python3.12/site-packages:/home/user/ws_moveit/install/moveit_configs_utils/lib/python3.12/site-packages:/home/user/ros2_ws/install/my_py_pkg/lib/python3.12/site-packages:/opt/ros/jazzy/lib/python3.12/site-packages /usr/bin/cmake --build /home/user/robot_arm_ws/build/arm_moveit_config -- -j16 -l16
[0.575s] DEBUG:colcon.colcon_core.event_handler.log_command:Invoking command in '/home/user/robot_arm_ws/build/arm_moveit_config': CMAKE_PREFIX_PATH=/home/user/robot_arm_ws/install/robot_arm:/home/user/robot_arm_ws/install/arm_moveit_config:/home/user/ws_moveit/install/robotiq_hardware_tests:/home/user/ws_moveit/install/robotiq_driver:/home/user/ws_moveit/install/serial:/home/user/ws_moveit/install/moveit2_tutorials:/home/user/ws_moveit/install/moveit_visual_tools:/home/user/ws_moveit/install/rviz_visual_tools:/home/user/ws_moveit/install/moveit_task_constructor_visualization:/home/user/ws_moveit/install/moveit_task_constructor_demo:/home/user/ws_moveit/install/moveit_task_constructor_capabilities:/home/user/ws_moveit/install/moveit_task_constructor_core:/home/user/ws_moveit/install/rviz_marker_tools:/home/user/ws_moveit/install/kortex_bringup:/home/user/ws_moveit/install/kinova_gen3_lite_moveit_config:/home/user/ws_moveit/install/kinova_gen3_7dof_robotiq_2f_85_moveit_config:/home/user/ws_moveit/install/kinova_gen3_6dof_robotiq_2f_85_moveit_config:/home/user/ws_moveit/install/kortex_description:/home/user/ws_moveit/install/robotiq_description:/home/user/ws_moveit/install/robotiq_controllers:/home/user/ws_moveit/install/pilz_industrial_motion_planner_testutils:/home/user/ws_moveit/install/moveit_runtime:/home/user/ws_moveit/install/moveit:/home/user/ws_moveit/install/moveit_planners:/home/user/ws_moveit/install/pilz_industrial_motion_planner:/home/user/ws_moveit/install/picknik_twist_controller:/home/user/ws_moveit/install/picknik_reset_fault_controller:/home/user/ws_moveit/install/moveit_task_constructor_msgs:/home/user/ws_moveit/install/moveit_ros_control_interface:/home/user/ws_moveit/install/moveit_plugins:/home/user/ws_moveit/install/moveit_simple_controller_manager:/home/user/ws_moveit/install/moveit_setup_assistant:/home/user/ws_moveit/install/moveit_setup_srdf_plugins:/home/user/ws_moveit/install/moveit_setup_core_plugins:/home/user/ws_moveit/install/moveit_setup_controllers:/home/user/ws_moveit/install/moveit_setup_app_plugins:/home/user/ws_moveit/install/moveit_setup_framework:/home/user/ws_moveit/install/moveit_servo:/home/user/ws_moveit/install/moveit_ros_trajectory_cache:/home/user/ws_moveit/install/moveit_ros:/home/user/ws_moveit/install/moveit_ros_visualization:/home/user/ws_moveit/install/moveit_py:/home/user/ws_moveit/install/moveit_hybrid_planning:/home/user/ws_moveit/install/moveit_ros_planning_interface:/home/user/ws_moveit/install/moveit_ros_benchmarks:/home/user/ws_moveit/install/moveit_ros_warehouse:/home/user/ws_moveit/install/moveit_ros_robot_interaction:/home/user/ws_moveit/install/moveit_ros_perception:/home/user/ws_moveit/install/moveit_resources_prbt_pg70_support:/home/user/ws_moveit/install/moveit_resources_prbt_moveit_config:/home/user/ws_moveit/install/moveit_ros_move_group:/home/user/ws_moveit/install/moveit_planners_ompl:/home/user/ws_moveit/install/moveit_kinematics:/home/user/ws_moveit/install/moveit_ros_planning:/home/user/ws_moveit/install/moveit_ros_occupancy_map_monitor:/home/user/ws_moveit/install/moveit_resources_prbt_support:/home/user/ws_moveit/install/moveit_resources_prbt_ikfast_manipulator_plugin:/home/user/ws_moveit/install/moveit_resources:/home/user/ws_moveit/install/moveit_resources_pr2_description:/home/user/ws_moveit/install/moveit_resources_panda_moveit_config:/home/user/ws_moveit/install/dual_arm_panda_moveit_config:/home/user/ws_moveit/install/moveit_resources_panda_description:/home/user/ws_moveit/install/moveit_resources_fanuc_moveit_config:/home/user/ws_moveit/install/moveit_resources_fanuc_description:/home/user/ws_moveit/install/moveit_planners_stomp:/home/user/ws_moveit/install/moveit_planners_chomp:/home/user/ws_moveit/install/chomp_motion_planner:/home/user/ws_moveit/install/moveit_core:/home/user/ws_moveit/install/moveit_msgs:/home/user/ws_moveit/install/moveit_common:/home/user/ws_moveit/install/kortex_driver:/home/user/ws_moveit/install/kortex_api:/home/user/ros2_ws/install/my_cpp_pkg:/opt/ros/jazzy/opt/gz_sim_vendor:/opt/ros/jazzy/opt/gz_sensors_vendor:/opt/ros/jazzy/opt/gz_physics_vendor:/opt/ros/jazzy/opt/sdformat_vendor:/opt/ros/jazzy/opt/gz_gui_vendor:/opt/ros/jazzy/opt/gz_transport_vendor:/opt/ros/jazzy/opt/gz_rendering_vendor:/opt/ros/jazzy/opt/gz_plugin_vendor:/opt/ros/jazzy/opt/gz_fuel_tools_vendor:/opt/ros/jazzy/opt/gz_msgs_vendor:/opt/ros/jazzy/opt/gz_common_vendor:/opt/ros/jazzy/opt/gz_math_vendor:/opt/ros/jazzy/opt/gz_utils_vendor:/opt/ros/jazzy/opt/gz_tools_vendor:/opt/ros/jazzy/opt/gz_ogre_next_vendor:/opt/ros/jazzy/opt/gz_dartsim_vendor:/opt/ros/jazzy/opt/gz_cmake_vendor:/home/user/robot_arm_ws/install/my_arm_sim:/home/user/ws_moveit/install/moveit_configs_utils:/home/user/ros2_ws/install/my_py_pkg:/opt/ros/jazzy DEBUGINFOD_URLS=https://debuginfod.ubuntu.com PYTHONPATH=/home/user/robot_arm_ws/install/robot_arm/lib/python3.12/site-packages:/home/user/robot_arm_ws/install/my_arm_sim/lib/python3.12/site-packages:/home/user/ws_moveit/install/moveit_task_constructor_core/lib/python3.12/site-packages:/home/user/ws_moveit/install/moveit_task_constructor_msgs/lib/python3.12/site-packages:/home/user/ws_moveit/install/moveit_py/lib/python3.12/site-packages:/home/user/ws_moveit/install/moveit_msgs/lib/python3.12/site-packages:/home/user/ws_moveit/install/moveit_configs_utils/lib/python3.12/site-packages:/home/user/ros2_ws/install/my_py_pkg/lib/python3.12/site-packages:/opt/ros/jazzy/lib/python3.12/site-packages /usr/bin/cmake --install /home/user/robot_arm_ws/build/arm_moveit_config
[0.588s] Level 1:colcon.colcon_core.environment:create_environment_scripts_only(arm_moveit_config)
[0.588s] Level 1:colcon.colcon_core.environment:checking '/home/user/robot_arm_ws/install/arm_moveit_config' for CMake module files
[0.589s] DEBUG:colcon.colcon_core.event_handler.log_command:Invoked command in '/home/user/robot_arm_ws/build/arm_moveit_config' returned '0': CMAKE_PREFIX_PATH=/home/user/robot_arm_ws/install/robot_arm:/home/user/robot_arm_ws/install/arm_moveit_config:/home/user/ws_moveit/install/robotiq_hardware_tests:/home/user/ws_moveit/install/robotiq_driver:/home/user/ws_moveit/install/serial:/home/user/ws_moveit/install/moveit2_tutorials:/home/user/ws_moveit/install/moveit_visual_tools:/home/user/ws_moveit/install/rviz_visual_tools:/home/user/ws_moveit/install/moveit_task_constructor_visualization:/home/user/ws_moveit/install/moveit_task_constructor_demo:/home/user/ws_moveit/install/moveit_task_constructor_capabilities:/home/user/ws_moveit/install/moveit_task_constructor_core:/home/user/ws_moveit/install/rviz_marker_tools:/home/user/ws_moveit/install/kortex_bringup:/home/user/ws_moveit/install/kinova_gen3_lite_moveit_config:/home/user/ws_moveit/install/kinova_gen3_7dof_robotiq_2f_85_moveit_config:/home/user/ws_moveit/install/kinova_gen3_6dof_robotiq_2f_85_moveit_config:/home/user/ws_moveit/install/kortex_description:/home/user/ws_moveit/install/robotiq_description:/home/user/ws_moveit/install/robotiq_controllers:/home/user/ws_moveit/install/pilz_industrial_motion_planner_testutils:/home/user/ws_moveit/install/moveit_runtime:/home/user/ws_moveit/install/moveit:/home/user/ws_moveit/install/moveit_planners:/home/user/ws_moveit/install/pilz_industrial_motion_planner:/home/user/ws_moveit/install/picknik_twist_controller:/home/user/ws_moveit/install/picknik_reset_fault_controller:/home/user/ws_moveit/install/moveit_task_constructor_msgs:/home/user/ws_moveit/install/moveit_ros_control_interface:/home/user/ws_moveit/install/moveit_plugins:/home/user/ws_moveit/install/moveit_simple_controller_manager:/home/user/ws_moveit/install/moveit_setup_assistant:/home/user/ws_moveit/install/moveit_setup_srdf_plugins:/home/user/ws_moveit/install/moveit_setup_core_plugins:/home/user/ws_moveit/install/moveit_setup_controllers:/home/user/ws_moveit/install/moveit_setup_app_plugins:/home/user/ws_moveit/install/moveit_setup_framework:/home/user/ws_moveit/install/moveit_servo:/home/user/ws_moveit/install/moveit_ros_trajectory_cache:/home/user/ws_moveit/install/moveit_ros:/home/user/ws_moveit/install/moveit_ros_visualization:/home/user/ws_moveit/install/moveit_py:/home/user/ws_moveit/install/moveit_hybrid_planning:/home/user/ws_moveit/install/moveit_ros_planning_interface:/home/user/ws_moveit/install/moveit_ros_benchmarks:/home/user/ws_moveit/install/moveit_ros_warehouse:/home/user/ws_moveit/install/moveit_ros_robot_interaction:/home/user/ws_moveit/install/moveit_ros_perception:/home/user/ws_moveit/install/moveit_resources_prbt_pg70_support:/home/user/ws_moveit/install/moveit_resources_prbt_moveit_config:/home/user/ws_moveit/install/moveit_ros_move_group:/home/user/ws_moveit/install/moveit_planners_ompl:/home/user/ws_moveit/install/moveit_kinematics:/home/user/ws_moveit/install/moveit_ros_planning:/home/user/ws_moveit/install/moveit_ros_occupancy_map_monitor:/home/user/ws_moveit/install/moveit_resources_prbt_support:/home/user/ws_moveit/install/moveit_resources_prbt_ikfast_manipulator_plugin:/home/user/ws_moveit/install/moveit_resources:/home/user/ws_moveit/install/moveit_resources_pr2_description:/home/user/ws_moveit/install/moveit_resources_panda_moveit_config:/home/user/ws_moveit/install/dual_arm_panda_moveit_config:/home/user/ws_moveit/install/moveit_resources_panda_description:/home/user/ws_moveit/install/moveit_resources_fanuc_moveit_config:/home/user/ws_moveit/install/moveit_resources_fanuc_description:/home/user/ws_moveit/install/moveit_planners_stomp:/home/user/ws_moveit/install/moveit_planners_chomp:/home/user/ws_moveit/install/chomp_motion_planner:/home/user/ws_moveit/install/moveit_core:/home/user/ws_moveit/install/moveit_msgs:/home/user/ws_moveit/install/moveit_common:/home/user/ws_moveit/install/kortex_driver:/home/user/ws_moveit/install/kortex_api:/home/user/ros2_ws/install/my_cpp_pkg:/opt/ros/jazzy/opt/gz_sim_vendor:/opt/ros/jazzy/opt/gz_sensors_vendor:/opt/ros/jazzy/opt/gz_physics_vendor:/opt/ros/jazzy/opt/sdformat_vendor:/opt/ros/jazzy/opt/gz_gui_vendor:/opt/ros/jazzy/opt/gz_transport_vendor:/opt/ros/jazzy/opt/gz_rendering_vendor:/opt/ros/jazzy/opt/gz_plugin_vendor:/opt/ros/jazzy/opt/gz_fuel_tools_vendor:/opt/ros/jazzy/opt/gz_msgs_vendor:/opt/ros/jazzy/opt/gz_common_vendor:/opt/ros/jazzy/opt/gz_math_vendor:/opt/ros/jazzy/opt/gz_utils_vendor:/opt/ros/jazzy/opt/gz_tools_vendor:/opt/ros/jazzy/opt/gz_ogre_next_vendor:/opt/ros/jazzy/opt/gz_dartsim_vendor:/opt/ros/jazzy/opt/gz_cmake_vendor:/home/user/robot_arm_ws/install/my_arm_sim:/home/user/ws_moveit/install/moveit_configs_utils:/home/user/ros2_ws/install/my_py_pkg:/opt/ros/jazzy DEBUGINFOD_URLS=https://debuginfod.ubuntu.com PYTHONPATH=/home/user/robot_arm_ws/install/robot_arm/lib/python3.12/site-packages:/home/user/robot_arm_ws/install/my_arm_sim/lib/python3.12/site-packages:/home/user/ws_moveit/install/moveit_task_constructor_core/lib/python3.12/site-packages:/home/user/ws_moveit/install/moveit_task_constructor_msgs/lib/python3.12/site-packages:/home/user/ws_moveit/install/moveit_py/lib/python3.12/site-packages:/home/user/ws_moveit/install/moveit_msgs/lib/python3.12/site-packages:/home/user/ws_moveit/install/moveit_configs_utils/lib/python3.12/site-packages:/home/user/ros2_ws/install/my_py_pkg/lib/python3.12/site-packages:/opt/ros/jazzy/lib/python3.12/site-packages /usr/bin/cmake --install /home/user/robot_arm_ws/build/arm_moveit_config
[0.589s] Level 1:colcon.colcon_core.environment:checking '/home/user/robot_arm_ws/install/arm_moveit_config' for CMake config files
[0.589s] Level 1:colcon.colcon_core.shell:create_environment_hook('arm_moveit_config', 'cmake_prefix_path')
[0.589s] INFO:colcon.colcon_core.shell:Creating environment hook '/home/user/robot_arm_ws/install/arm_moveit_config/share/arm_moveit_config/hook/cmake_prefix_path.ps1'
[0.590s] INFO:colcon.colcon_core.shell:Creating environment descriptor '/home/user/robot_arm_ws/install/arm_moveit_config/share/arm_moveit_config/hook/cmake_prefix_path.dsv'
[0.590s] INFO:colcon.colcon_core.shell:Creating environment hook '/home/user/robot_arm_ws/install/arm_moveit_config/share/arm_moveit_config/hook/cmake_prefix_path.sh'
[0.590s] Level 1:colcon.colcon_core.environment:checking '/home/user/robot_arm_ws/install/arm_moveit_config/bin'
[0.590s] Level 1:colcon.colcon_core.environment:checking '/home/user/robot_arm_ws/install/arm_moveit_config/lib/pkgconfig/arm_moveit_config.pc'
[0.590s] Level 1:colcon.colcon_core.environment:checking '/home/user/robot_arm_ws/install/arm_moveit_config/lib/python3.12/site-packages'
[0.590s] Level 1:colcon.colcon_core.environment:checking '/home/user/robot_arm_ws/install/arm_moveit_config/bin'
[0.591s] INFO:colcon.colcon_core.shell:Creating package script '/home/user/robot_arm_ws/install/arm_moveit_config/share/arm_moveit_config/package.ps1'
[0.591s] INFO:colcon.colcon_core.shell:Creating package descriptor '/home/user/robot_arm_ws/install/arm_moveit_config/share/arm_moveit_config/package.dsv'
[0.591s] INFO:colcon.colcon_core.shell:Creating package script '/home/user/robot_arm_ws/install/arm_moveit_config/share/arm_moveit_config/package.sh'
[0.592s] INFO:colcon.colcon_core.shell:Creating package script '/home/user/robot_arm_ws/install/arm_moveit_config/share/arm_moveit_config/package.bash'
[0.592s] INFO:colcon.colcon_core.shell:Creating package script '/home/user/robot_arm_ws/install/arm_moveit_config/share/arm_moveit_config/package.zsh'
[0.592s] Level 1:colcon.colcon_core.environment:create_file_with_runtime_dependencies(/home/user/robot_arm_ws/install/arm_moveit_config/share/colcon-core/packages/arm_moveit_config)
[0.592s] Level 1:colcon.colcon_core.environment:create_environment_scripts_only(arm_moveit_config)
[0.593s] Level 1:colcon.colcon_core.environment:checking '/home/user/robot_arm_ws/install/arm_moveit_config' for CMake module files
[0.593s] Level 1:colcon.colcon_core.environment:checking '/home/user/robot_arm_ws/install/arm_moveit_config' for CMake config files
[0.593s] Level 1:colcon.colcon_core.shell:create_environment_hook('arm_moveit_config', 'cmake_prefix_path')
[0.593s] INFO:colcon.colcon_core.shell:Creating environment hook '/home/user/robot_arm_ws/install/arm_moveit_config/share/arm_moveit_config/hook/cmake_prefix_path.ps1'
[0.593s] INFO:colcon.colcon_core.shell:Creating environment descriptor '/home/user/robot_arm_ws/install/arm_moveit_config/share/arm_moveit_config/hook/cmake_prefix_path.dsv'
[0.594s] INFO:colcon.colcon_core.shell:Creating environment hook '/home/user/robot_arm_ws/install/arm_moveit_config/share/arm_moveit_config/hook/cmake_prefix_path.sh'
[0.594s] Level 1:colcon.colcon_core.environment:checking '/home/user/robot_arm_ws/install/arm_moveit_config/bin'
[0.594s] Level 1:colcon.colcon_core.environment:checking '/home/user/robot_arm_ws/install/arm_moveit_config/lib/pkgconfig/arm_moveit_config.pc'
[0.594s] Level 1:colcon.colcon_core.environment:checking '/home/user/robot_arm_ws/install/arm_moveit_config/lib/python3.12/site-packages'
[0.594s] Level 1:colcon.colcon_core.environment:checking '/home/user/robot_arm_ws/install/arm_moveit_config/bin'
[0.594s] INFO:colcon.colcon_core.shell:Creating package script '/home/user/robot_arm_ws/install/arm_moveit_config/share/arm_moveit_config/package.ps1'
[0.595s] INFO:colcon.colcon_core.shell:Creating package descriptor '/home/user/robot_arm_ws/install/arm_moveit_config/share/arm_moveit_config/package.dsv'
[0.595s] INFO:colcon.colcon_core.shell:Creating package script '/home/user/robot_arm_ws/install/arm_moveit_config/share/arm_moveit_config/package.sh'
[0.595s] INFO:colcon.colcon_core.shell:Creating package script '/home/user/robot_arm_ws/install/arm_moveit_config/share/arm_moveit_config/package.bash'
[0.596s] INFO:colcon.colcon_core.shell:Creating package script '/home/user/robot_arm_ws/install/arm_moveit_config/share/arm_moveit_config/package.zsh'
[0.596s] Level 1:colcon.colcon_core.environment:create_file_with_runtime_dependencies(/home/user/robot_arm_ws/install/arm_moveit_config/share/colcon-core/packages/arm_moveit_config)
[1.059s] DEBUG:colcon.colcon_core.event_handler.log_command:Invoking command in '/home/user/robot_arm_ws/src/my_arm_sim': DEBUGINFOD_URLS=https://debuginfod.ubuntu.com PYTHONPATH=/home/user/robot_arm_ws/build/my_arm_sim/prefix_override:/usr/lib/python3/dist-packages/colcon_core/task/python/colcon_distutils_commands:/home/user/robot_arm_ws/install/my_arm_sim/lib/python3.12/site-packages:${PYTHONPATH} /usr/bin/python3 -W ignore:setup.py install is deprecated -W ignore:easy_install command is deprecated setup.py egg_info --egg-base ../../build/my_arm_sim build --build-base /home/user/robot_arm_ws/build/my_arm_sim/build install --record /home/user/robot_arm_ws/build/my_arm_sim/install.log --single-version-externally-managed install_data
[1.617s] Level 1:colcon.colcon_core.environment:checking '/home/user/robot_arm_ws/install/my_arm_sim' for CMake module files
[1.617s] DEBUG:colcon.colcon_core.event_handler.log_command:Invoked command in '/home/user/robot_arm_ws/src/my_arm_sim' returned '0': DEBUGINFOD_URLS=https://debuginfod.ubuntu.com PYTHONPATH=/home/user/robot_arm_ws/build/my_arm_sim/prefix_override:/usr/lib/python3/dist-packages/colcon_core/task/python/colcon_distutils_commands:/home/user/robot_arm_ws/install/my_arm_sim/lib/python3.12/site-packages:${PYTHONPATH} /usr/bin/python3 -W ignore:setup.py install is deprecated -W ignore:easy_install command is deprecated setup.py egg_info --egg-base ../../build/my_arm_sim build --build-base /home/user/robot_arm_ws/build/my_arm_sim/build install --record /home/user/robot_arm_ws/build/my_arm_sim/install.log --single-version-externally-managed install_data
[1.617s] Level 1:colcon.colcon_core.environment:checking '/home/user/robot_arm_ws/install/my_arm_sim' for CMake config files
[1.618s] Level 1:colcon.colcon_core.environment:checking '/home/user/robot_arm_ws/install/my_arm_sim/lib'
[1.618s] Level 1:colcon.colcon_core.environment:checking '/home/user/robot_arm_ws/install/my_arm_sim/bin'
[1.618s] Level 1:colcon.colcon_core.environment:checking '/home/user/robot_arm_ws/install/my_arm_sim/lib/pkgconfig/my_arm_sim.pc'
[1.618s] Level 1:colcon.colcon_core.environment:checking '/home/user/robot_arm_ws/install/my_arm_sim/lib/python3.12/site-packages'
[1.618s] Level 1:colcon.colcon_core.shell:create_environment_hook('my_arm_sim', 'pythonpath')
[1.618s] INFO:colcon.colcon_core.shell:Creating environment hook '/home/user/robot_arm_ws/install/my_arm_sim/share/my_arm_sim/hook/pythonpath.ps1'
[1.618s] INFO:colcon.colcon_core.shell:Creating environment descriptor '/home/user/robot_arm_ws/install/my_arm_sim/share/my_arm_sim/hook/pythonpath.dsv'
[1.619s] INFO:colcon.colcon_core.shell:Creating environment hook '/home/user/robot_arm_ws/install/my_arm_sim/share/my_arm_sim/hook/pythonpath.sh'
[1.619s] Level 1:colcon.colcon_core.environment:checking '/home/user/robot_arm_ws/install/my_arm_sim/bin'
[1.619s] Level 1:colcon.colcon_core.environment:create_environment_scripts_only(my_arm_sim)
[1.619s] INFO:colcon.colcon_core.shell:Creating package script '/home/user/robot_arm_ws/install/my_arm_sim/share/my_arm_sim/package.ps1'
[1.620s] INFO:colcon.colcon_core.shell:Creating package descriptor '/home/user/robot_arm_ws/install/my_arm_sim/share/my_arm_sim/package.dsv'
[1.620s] INFO:colcon.colcon_core.shell:Creating package script '/home/user/robot_arm_ws/install/my_arm_sim/share/my_arm_sim/package.sh'
[1.620s] INFO:colcon.colcon_core.shell:Creating package script '/home/user/robot_arm_ws/install/my_arm_sim/share/my_arm_sim/package.bash'
[1.621s] INFO:colcon.colcon_core.shell:Creating package script '/home/user/robot_arm_ws/install/my_arm_sim/share/my_arm_sim/package.zsh'
[1.621s] Level 1:colcon.colcon_core.environment:create_file_with_runtime_dependencies(/home/user/robot_arm_ws/install/my_arm_sim/share/colcon-core/packages/my_arm_sim)
[1.621s] DEBUG:colcon.colcon_parallel_executor.executor.parallel:closing loop
[1.622s] DEBUG:colcon.colcon_parallel_executor.executor.parallel:loop closed
[1.622s] DEBUG:colcon.colcon_parallel_executor.executor.parallel:run_until_complete finished with '0'
[1.622s] DEBUG:colcon.colcon_core.event_reactor:joining thread
[1.628s] INFO:colcon.colcon_core.plugin_system:Skipping extension 'colcon_notification.desktop_notification.terminal_notifier': Not used on non-Darwin systems
[1.628s] INFO:colcon.colcon_core.plugin_system:Skipping extension 'colcon_notification.desktop_notification.win32': Not used on non-Windows systems
[1.628s] INFO:colcon.colcon_notification.desktop_notification:Sending desktop notification using 'notify2'
[1.653s] DEBUG:colcon.colcon_core.event_reactor:joined thread
[1.653s] INFO:colcon.colcon_core.shell:Creating prefix script '/home/user/robot_arm_ws/install/local_setup.ps1'
[1.655s] INFO:colcon.colcon_core.shell:Creating prefix util module '/home/user/robot_arm_ws/install/_local_setup_util_ps1.py'
[1.655s] INFO:colcon.colcon_core.shell:Creating prefix chain script '/home/user/robot_arm_ws/install/setup.ps1'
[1.658s] INFO:colcon.colcon_core.shell:Creating prefix script '/home/user/robot_arm_ws/install/local_setup.sh'
[1.658s] INFO:colcon.colcon_core.shell:Creating prefix util module '/home/user/robot_arm_ws/install/_local_setup_util_sh.py'
[1.659s] INFO:colcon.colcon_core.shell:Creating prefix chain script '/home/user/robot_arm_ws/install/setup.sh'
[1.662s] INFO:colcon.colcon_core.shell:Creating prefix script '/home/user/robot_arm_ws/install/local_setup.bash'
[1.662s] INFO:colcon.colcon_core.shell:Creating prefix chain script '/home/user/robot_arm_ws/install/setup.bash'
[1.665s] INFO:colcon.colcon_core.shell:Creating prefix script '/home/user/robot_arm_ws/install/local_setup.zsh'
[1.665s] INFO:colcon.colcon_core.shell:Creating prefix chain script '/home/user/robot_arm_ws/install/setup.zsh'
