[0.164s] DEBUG:colcon:Command line arguments: ['/usr/bin/colcon', 'build']
[0.164s] DEBUG:colcon:Parsed command line arguments: Namespace(log_base=None, log_level=None, verb_name='build', build_base='build', install_base='install', merge_install=False, symlink_install=False, test_result_base=None, continue_on_error=False, executor='parallel', parallel_workers=16, event_handlers=None, ignore_user_meta=False, metas=['./colcon.meta'], base_paths=['.'], packages_ignore=None, packages_ignore_regex=None, paths=None, packages_up_to=None, packages_up_to_regex=None, packages_above=None, packages_above_and_dependencies=None, packages_above_depth=None, packages_select_by_dep=None, packages_skip_by_dep=None, packages_skip_up_to=None, packages_select_build_failed=False, packages_skip_build_finished=False, packages_select_test_failures=False, packages_skip_test_passed=False, packages_select=None, packages_skip=None, packages_select_regex=None, packages_skip_regex=None, packages_start=None, packages_end=None, allow_overriding=[], cmake_args=None, cmake_target=None, cmake_target_skip_unavailable=False, cmake_clean_cache=False, cmake_clean_first=False, cmake_force_configure=False, ament_cmake_args=None, catkin_cmake_args=None, catkin_skip_building_tests=False, mixin_files=None, mixin=None, verb_parser=<colcon_mixin.mixin.mixin_argument.MixinArgumentDecorator object at 0x732cb53bb1a0>, verb_extension=<colcon_core.verb.build.BuildVerb object at 0x732cb53bae10>, main=<bound method BuildVerb.main of <colcon_core.verb.build.BuildVerb object at 0x732cb53bae10>>, mixin_verb=('build',))
[0.215s] Level 1:colcon.colcon_core.package_discovery:discover_packages(colcon_meta) check parameters
[0.215s] Level 1:colcon.colcon_core.package_discovery:discover_packages(recursive) check parameters
[0.215s] Level 1:colcon.colcon_core.package_discovery:discover_packages(ignore) check parameters
[0.215s] Level 1:colcon.colcon_core.package_discovery:discover_packages(path) check parameters
[0.215s] Level 1:colcon.colcon_core.package_discovery:discover_packages(colcon_meta) discover
[0.215s] Level 1:colcon.colcon_core.package_discovery:discover_packages(recursive) discover
[0.215s] INFO:colcon.colcon_core.package_discovery:Crawling recursively for packages in '/home/user/robot_arm_ws'
[0.215s] Level 1:colcon.colcon_core.package_identification:_identify(.) by extensions ['ignore', 'ignore_ament_install']
[0.215s] Level 1:colcon.colcon_core.package_identification:_identify(.) by extension 'ignore'
[0.215s] Level 1:colcon.colcon_core.package_identification:_identify(.) by extension 'ignore_ament_install'
[0.215s] Level 1:colcon.colcon_core.package_identification:_identify(.) by extensions ['colcon_pkg']
[0.216s] Level 1:colcon.colcon_core.package_identification:_identify(.) by extension 'colcon_pkg'
[0.216s] Level 1:colcon.colcon_core.package_identification:_identify(.) by extensions ['colcon_meta']
[0.216s] Level 1:colcon.colcon_core.package_identification:_identify(.) by extension 'colcon_meta'
[0.216s] Level 1:colcon.colcon_core.package_identification:_identify(.) by extensions ['ros']
[0.216s] Level 1:colcon.colcon_core.package_identification:_identify(.) by extension 'ros'
[0.249s] Level 1:colcon.colcon_core.package_identification:_identify(.) by extensions ['cmake', 'python']
[0.249s] Level 1:colcon.colcon_core.package_identification:_identify(.) by extension 'cmake'
[0.249s] Level 1:colcon.colcon_core.package_identification:_identify(.) by extension 'python'
[0.249s] Level 1:colcon.colcon_core.package_identification:_identify(.) by extensions ['python_setup_py']
[0.249s] Level 1:colcon.colcon_core.package_identification:_identify(.) by extension 'python_setup_py'
[0.249s] Level 1:colcon.colcon_core.package_identification:_identify(build) by extensions ['ignore', 'ignore_ament_install']
[0.250s] Level 1:colcon.colcon_core.package_identification:_identify(build) by extension 'ignore'
[0.250s] Level 1:colcon.colcon_core.package_identification:_identify(build) ignored
[0.250s] Level 1:colcon.colcon_core.package_identification:_identify(install) by extensions ['ignore', 'ignore_ament_install']
[0.250s] Level 1:colcon.colcon_core.package_identification:_identify(install) by extension 'ignore'
[0.250s] Level 1:colcon.colcon_core.package_identification:_identify(install) ignored
[0.250s] Level 1:colcon.colcon_core.package_identification:_identify(log) by extensions ['ignore', 'ignore_ament_install']
[0.250s] Level 1:colcon.colcon_core.package_identification:_identify(log) by extension 'ignore'
[0.251s] Level 1:colcon.colcon_core.package_identification:_identify(log) ignored
[0.251s] Level 1:colcon.colcon_core.package_identification:_identify(src) by extensions ['ignore', 'ignore_ament_install']
[0.251s] Level 1:colcon.colcon_core.package_identification:_identify(src) by extension 'ignore'
[0.251s] Level 1:colcon.colcon_core.package_identification:_identify(src) by extension 'ignore_ament_install'
[0.251s] Level 1:colcon.colcon_core.package_identification:_identify(src) by extensions ['colcon_pkg']
[0.251s] Level 1:colcon.colcon_core.package_identification:_identify(src) by extension 'colcon_pkg'
[0.251s] Level 1:colcon.colcon_core.package_identification:_identify(src) by extensions ['colcon_meta']
[0.251s] Level 1:colcon.colcon_core.package_identification:_identify(src) by extension 'colcon_meta'
[0.251s] Level 1:colcon.colcon_core.package_identification:_identify(src) by extensions ['ros']
[0.251s] Level 1:colcon.colcon_core.package_identification:_identify(src) by extension 'ros'
[0.251s] Level 1:colcon.colcon_core.package_identification:_identify(src) by extensions ['cmake', 'python']
[0.251s] Level 1:colcon.colcon_core.package_identification:_identify(src) by extension 'cmake'
[0.251s] Level 1:colcon.colcon_core.package_identification:_identify(src) by extension 'python'
[0.251s] Level 1:colcon.colcon_core.package_identification:_identify(src) by extensions ['python_setup_py']
[0.251s] Level 1:colcon.colcon_core.package_identification:_identify(src) by extension 'python_setup_py'
[0.251s] Level 1:colcon.colcon_core.package_identification:_identify(src/arm_moveit_config) by extensions ['ignore', 'ignore_ament_install']
[0.252s] Level 1:colcon.colcon_core.package_identification:_identify(src/arm_moveit_config) by extension 'ignore'
[0.252s] Level 1:colcon.colcon_core.package_identification:_identify(src/arm_moveit_config) by extension 'ignore_ament_install'
[0.252s] Level 1:colcon.colcon_core.package_identification:_identify(src/arm_moveit_config) by extensions ['colcon_pkg']
[0.252s] Level 1:colcon.colcon_core.package_identification:_identify(src/arm_moveit_config) by extension 'colcon_pkg'
[0.252s] Level 1:colcon.colcon_core.package_identification:_identify(src/arm_moveit_config) by extensions ['colcon_meta']
[0.252s] Level 1:colcon.colcon_core.package_identification:_identify(src/arm_moveit_config) by extension 'colcon_meta'
[0.252s] Level 1:colcon.colcon_core.package_identification:_identify(src/arm_moveit_config) by extensions ['ros']
[0.252s] Level 1:colcon.colcon_core.package_identification:_identify(src/arm_moveit_config) by extension 'ros'
[0.255s] DEBUG:colcon.colcon_core.package_identification:Package 'src/arm_moveit_config' with type 'ros.ament_cmake' and name 'arm_moveit_config'
[0.255s] Level 1:colcon.colcon_core.package_identification:_identify(src/robot_arm) by extensions ['ignore', 'ignore_ament_install']
[0.255s] Level 1:colcon.colcon_core.package_identification:_identify(src/robot_arm) by extension 'ignore'
[0.255s] Level 1:colcon.colcon_core.package_identification:_identify(src/robot_arm) by extension 'ignore_ament_install'
[0.256s] Level 1:colcon.colcon_core.package_identification:_identify(src/robot_arm) by extensions ['colcon_pkg']
[0.256s] Level 1:colcon.colcon_core.package_identification:_identify(src/robot_arm) by extension 'colcon_pkg'
[0.256s] Level 1:colcon.colcon_core.package_identification:_identify(src/robot_arm) by extensions ['colcon_meta']
[0.256s] Level 1:colcon.colcon_core.package_identification:_identify(src/robot_arm) by extension 'colcon_meta'
[0.256s] Level 1:colcon.colcon_core.package_identification:_identify(src/robot_arm) by extensions ['ros']
[0.256s] Level 1:colcon.colcon_core.package_identification:_identify(src/robot_arm) by extension 'ros'
[0.258s] DEBUG:colcon.colcon_core.package_identification:Package 'src/robot_arm' with type 'ros.ament_cmake' and name 'robot_arm'
[0.258s] Level 1:colcon.colcon_core.package_discovery:discover_packages(recursive) using defaults
[0.259s] Level 1:colcon.colcon_core.package_discovery:discover_packages(ignore) discover
[0.259s] Level 1:colcon.colcon_core.package_discovery:discover_packages(ignore) using defaults
[0.259s] Level 1:colcon.colcon_core.package_discovery:discover_packages(path) discover
[0.259s] Level 1:colcon.colcon_core.package_discovery:discover_packages(path) using defaults
[0.284s] Level 1:colcon.colcon_core.package_discovery:discover_packages(prefix_path) check parameters
[0.284s] Level 1:colcon.colcon_core.package_discovery:discover_packages(prefix_path) discover
[0.288s] DEBUG:colcon.colcon_installed_package_information.package_discovery:Found 3 installed packages in /home/user/robot_arm_ws/install
[0.291s] DEBUG:colcon.colcon_installed_package_information.package_discovery:Found 72 installed packages in /home/user/ws_moveit/install
[0.294s] DEBUG:colcon.colcon_installed_package_information.package_discovery:Found 423 installed packages in /opt/ros/jazzy
[0.296s] Level 1:colcon.colcon_core.package_discovery:discover_packages(prefix_path) using defaults
[0.388s] Level 5:colcon.colcon_core.verb:set package 'robot_arm' build argument 'cmake_args' from command line to 'None'
[0.388s] Level 5:colcon.colcon_core.verb:set package 'robot_arm' build argument 'cmake_target' from command line to 'None'
[0.388s] Level 5:colcon.colcon_core.verb:set package 'robot_arm' build argument 'cmake_target_skip_unavailable' from command line to 'False'
[0.388s] Level 5:colcon.colcon_core.verb:set package 'robot_arm' build argument 'cmake_clean_cache' from command line to 'False'
[0.388s] Level 5:colcon.colcon_core.verb:set package 'robot_arm' build argument 'cmake_clean_first' from command line to 'False'
[0.388s] Level 5:colcon.colcon_core.verb:set package 'robot_arm' build argument 'cmake_force_configure' from command line to 'False'
[0.388s] Level 5:colcon.colcon_core.verb:set package 'robot_arm' build argument 'ament_cmake_args' from command line to 'None'
[0.388s] Level 5:colcon.colcon_core.verb:set package 'robot_arm' build argument 'catkin_cmake_args' from command line to 'None'
[0.388s] Level 5:colcon.colcon_core.verb:set package 'robot_arm' build argument 'catkin_skip_building_tests' from command line to 'False'
[0.388s] DEBUG:colcon.colcon_core.verb:Building package 'robot_arm' with the following arguments: {'ament_cmake_args': None, 'build_base': '/home/user/robot_arm_ws/build/robot_arm', 'catkin_cmake_args': None, 'catkin_skip_building_tests': False, 'cmake_args': None, 'cmake_clean_cache': False, 'cmake_clean_first': False, 'cmake_force_configure': False, 'cmake_target': None, 'cmake_target_skip_unavailable': False, 'install_base': '/home/user/robot_arm_ws/install/robot_arm', 'merge_install': False, 'path': '/home/user/robot_arm_ws/src/robot_arm', 'symlink_install': False, 'test_result_base': None}
[0.388s] Level 5:colcon.colcon_core.verb:set package 'arm_moveit_config' build argument 'cmake_args' from command line to 'None'
[0.388s] Level 5:colcon.colcon_core.verb:set package 'arm_moveit_config' build argument 'cmake_target' from command line to 'None'
[0.388s] Level 5:colcon.colcon_core.verb:set package 'arm_moveit_config' build argument 'cmake_target_skip_unavailable' from command line to 'False'
[0.388s] Level 5:colcon.colcon_core.verb:set package 'arm_moveit_config' build argument 'cmake_clean_cache' from command line to 'False'
[0.388s] Level 5:colcon.colcon_core.verb:set package 'arm_moveit_config' build argument 'cmake_clean_first' from command line to 'False'
[0.388s] Level 5:colcon.colcon_core.verb:set package 'arm_moveit_config' build argument 'cmake_force_configure' from command line to 'False'
[0.388s] Level 5:colcon.colcon_core.verb:set package 'arm_moveit_config' build argument 'ament_cmake_args' from command line to 'None'
[0.388s] Level 5:colcon.colcon_core.verb:set package 'arm_moveit_config' build argument 'catkin_cmake_args' from command line to 'None'
[0.388s] Level 5:colcon.colcon_core.verb:set package 'arm_moveit_config' build argument 'catkin_skip_building_tests' from command line to 'False'
[0.389s] DEBUG:colcon.colcon_core.verb:Building package 'arm_moveit_config' with the following arguments: {'ament_cmake_args': None, 'build_base': '/home/user/robot_arm_ws/build/arm_moveit_config', 'catkin_cmake_args': None, 'catkin_skip_building_tests': False, 'cmake_args': None, 'cmake_clean_cache': False, 'cmake_clean_first': False, 'cmake_force_configure': False, 'cmake_target': None, 'cmake_target_skip_unavailable': False, 'install_base': '/home/user/robot_arm_ws/install/arm_moveit_config', 'merge_install': False, 'path': '/home/user/robot_arm_ws/src/arm_moveit_config', 'symlink_install': False, 'test_result_base': None}
[0.389s] INFO:colcon.colcon_core.executor:Executing jobs using 'parallel' executor
[0.390s] DEBUG:colcon.colcon_parallel_executor.executor.parallel:run_until_complete
[0.390s] INFO:colcon.colcon_ros.task.ament_cmake.build:Building ROS package in '/home/user/robot_arm_ws/src/robot_arm' with build type 'ament_cmake'
[0.390s] INFO:colcon.colcon_cmake.task.cmake.build:Building CMake package in '/home/user/robot_arm_ws/src/robot_arm'
[0.393s] INFO:colcon.colcon_core.plugin_system:Skipping extension 'colcon_core.shell.bat': Not used on non-Windows systems
[0.393s] INFO:colcon.colcon_core.shell:Skip shell extension 'powershell' for command environment: Not usable outside of PowerShell
[0.393s] DEBUG:colcon.colcon_core.shell:Skip shell extension 'dsv' for command environment
[0.412s] DEBUG:colcon.colcon_core.event_handler.log_command:Invoking command in '/home/user/robot_arm_ws/build/robot_arm': CMAKE_PREFIX_PATH=${CMAKE_PREFIX_PATH}:/home/user/robot_arm_ws/install/my_arm_sim:/home/user/ws_moveit/install/moveit_configs_utils:/opt/ros/jazzy DEBUGINFOD_URLS=https://debuginfod.ubuntu.com /usr/bin/cmake --build /home/user/robot_arm_ws/build/robot_arm -- -j16 -l16
[1.102s] DEBUG:colcon.colcon_core.event_handler.log_command:Invoked command in '/home/user/robot_arm_ws/build/robot_arm' returned '0': CMAKE_PREFIX_PATH=${CMAKE_PREFIX_PATH}:/home/user/robot_arm_ws/install/my_arm_sim:/home/user/ws_moveit/install/moveit_configs_utils:/opt/ros/jazzy DEBUGINFOD_URLS=https://debuginfod.ubuntu.com /usr/bin/cmake --build /home/user/robot_arm_ws/build/robot_arm -- -j16 -l16
[1.119s] DEBUG:colcon.colcon_core.event_handler.log_command:Invoking command in '/home/user/robot_arm_ws/build/robot_arm': CMAKE_PREFIX_PATH=${CMAKE_PREFIX_PATH}:/home/user/robot_arm_ws/install/my_arm_sim:/home/user/ws_moveit/install/moveit_configs_utils:/opt/ros/jazzy DEBUGINFOD_URLS=https://debuginfod.ubuntu.com /usr/bin/cmake --install /home/user/robot_arm_ws/build/robot_arm
[1.198s] Level 1:colcon.colcon_core.environment:create_environment_scripts_only(robot_arm)
[1.199s] DEBUG:colcon.colcon_core.event_handler.log_command:Invoked command in '/home/user/robot_arm_ws/build/robot_arm' returned '0': CMAKE_PREFIX_PATH=${CMAKE_PREFIX_PATH}:/home/user/robot_arm_ws/install/my_arm_sim:/home/user/ws_moveit/install/moveit_configs_utils:/opt/ros/jazzy DEBUGINFOD_URLS=https://debuginfod.ubuntu.com /usr/bin/cmake --install /home/user/robot_arm_ws/build/robot_arm
[1.201s] Level 1:colcon.colcon_core.environment:checking '/home/user/robot_arm_ws/install/robot_arm' for CMake module files
[1.202s] Level 1:colcon.colcon_core.environment:checking '/home/user/robot_arm_ws/install/robot_arm' for CMake config files
[1.202s] Level 1:colcon.colcon_core.shell:create_environment_hook('robot_arm', 'cmake_prefix_path')
[1.202s] INFO:colcon.colcon_core.shell:Creating environment hook '/home/user/robot_arm_ws/install/robot_arm/share/robot_arm/hook/cmake_prefix_path.ps1'
[1.203s] INFO:colcon.colcon_core.shell:Creating environment descriptor '/home/user/robot_arm_ws/install/robot_arm/share/robot_arm/hook/cmake_prefix_path.dsv'
[1.204s] INFO:colcon.colcon_core.shell:Creating environment hook '/home/user/robot_arm_ws/install/robot_arm/share/robot_arm/hook/cmake_prefix_path.sh'
[1.205s] Level 1:colcon.colcon_core.environment:checking '/home/user/robot_arm_ws/install/robot_arm/lib'
[1.205s] Level 1:colcon.colcon_core.environment:checking '/home/user/robot_arm_ws/install/robot_arm/bin'
[1.205s] Level 1:colcon.colcon_core.environment:checking '/home/user/robot_arm_ws/install/robot_arm/lib/pkgconfig/robot_arm.pc'
[1.205s] Level 1:colcon.colcon_core.environment:checking '/home/user/robot_arm_ws/install/robot_arm/lib/python3.12/site-packages'
[1.206s] Level 1:colcon.colcon_core.shell:create_environment_hook('robot_arm', 'pythonpath')
[1.206s] INFO:colcon.colcon_core.shell:Creating environment hook '/home/user/robot_arm_ws/install/robot_arm/share/robot_arm/hook/pythonpath.ps1'
[1.206s] INFO:colcon.colcon_core.shell:Creating environment descriptor '/home/user/robot_arm_ws/install/robot_arm/share/robot_arm/hook/pythonpath.dsv'
[1.207s] INFO:colcon.colcon_core.shell:Creating environment hook '/home/user/robot_arm_ws/install/robot_arm/share/robot_arm/hook/pythonpath.sh'
[1.207s] Level 1:colcon.colcon_core.environment:checking '/home/user/robot_arm_ws/install/robot_arm/bin'
[1.208s] INFO:colcon.colcon_core.shell:Creating package script '/home/user/robot_arm_ws/install/robot_arm/share/robot_arm/package.ps1'
[1.209s] INFO:colcon.colcon_core.shell:Creating package descriptor '/home/user/robot_arm_ws/install/robot_arm/share/robot_arm/package.dsv'
[1.209s] INFO:colcon.colcon_core.shell:Creating package script '/home/user/robot_arm_ws/install/robot_arm/share/robot_arm/package.sh'
[1.210s] INFO:colcon.colcon_core.shell:Creating package script '/home/user/robot_arm_ws/install/robot_arm/share/robot_arm/package.bash'
[1.211s] INFO:colcon.colcon_core.shell:Creating package script '/home/user/robot_arm_ws/install/robot_arm/share/robot_arm/package.zsh'
[1.212s] Level 1:colcon.colcon_core.environment:create_file_with_runtime_dependencies(/home/user/robot_arm_ws/install/robot_arm/share/colcon-core/packages/robot_arm)
[1.212s] Level 1:colcon.colcon_core.environment:create_environment_scripts_only(robot_arm)
[1.213s] Level 1:colcon.colcon_core.environment:checking '/home/user/robot_arm_ws/install/robot_arm' for CMake module files
[1.213s] Level 1:colcon.colcon_core.environment:checking '/home/user/robot_arm_ws/install/robot_arm' for CMake config files
[1.214s] Level 1:colcon.colcon_core.shell:create_environment_hook('robot_arm', 'cmake_prefix_path')
[1.214s] INFO:colcon.colcon_core.shell:Creating environment hook '/home/user/robot_arm_ws/install/robot_arm/share/robot_arm/hook/cmake_prefix_path.ps1'
[1.214s] INFO:colcon.colcon_core.shell:Creating environment descriptor '/home/user/robot_arm_ws/install/robot_arm/share/robot_arm/hook/cmake_prefix_path.dsv'
[1.215s] INFO:colcon.colcon_core.shell:Creating environment hook '/home/user/robot_arm_ws/install/robot_arm/share/robot_arm/hook/cmake_prefix_path.sh'
[1.215s] Level 1:colcon.colcon_core.environment:checking '/home/user/robot_arm_ws/install/robot_arm/lib'
[1.215s] Level 1:colcon.colcon_core.environment:checking '/home/user/robot_arm_ws/install/robot_arm/bin'
[1.216s] Level 1:colcon.colcon_core.environment:checking '/home/user/robot_arm_ws/install/robot_arm/lib/pkgconfig/robot_arm.pc'
[1.216s] Level 1:colcon.colcon_core.environment:checking '/home/user/robot_arm_ws/install/robot_arm/lib/python3.12/site-packages'
[1.216s] Level 1:colcon.colcon_core.shell:create_environment_hook('robot_arm', 'pythonpath')
[1.216s] INFO:colcon.colcon_core.shell:Creating environment hook '/home/user/robot_arm_ws/install/robot_arm/share/robot_arm/hook/pythonpath.ps1'
[1.217s] INFO:colcon.colcon_core.shell:Creating environment descriptor '/home/user/robot_arm_ws/install/robot_arm/share/robot_arm/hook/pythonpath.dsv'
[1.217s] INFO:colcon.colcon_core.shell:Creating environment hook '/home/user/robot_arm_ws/install/robot_arm/share/robot_arm/hook/pythonpath.sh'
[1.218s] Level 1:colcon.colcon_core.environment:checking '/home/user/robot_arm_ws/install/robot_arm/bin'
[1.218s] INFO:colcon.colcon_core.shell:Creating package script '/home/user/robot_arm_ws/install/robot_arm/share/robot_arm/package.ps1'
[1.219s] INFO:colcon.colcon_core.shell:Creating package descriptor '/home/user/robot_arm_ws/install/robot_arm/share/robot_arm/package.dsv'
[1.219s] INFO:colcon.colcon_core.shell:Creating package script '/home/user/robot_arm_ws/install/robot_arm/share/robot_arm/package.sh'
[1.220s] INFO:colcon.colcon_core.shell:Creating package script '/home/user/robot_arm_ws/install/robot_arm/share/robot_arm/package.bash'
[1.220s] INFO:colcon.colcon_core.shell:Creating package script '/home/user/robot_arm_ws/install/robot_arm/share/robot_arm/package.zsh'
[1.221s] Level 1:colcon.colcon_core.environment:create_file_with_runtime_dependencies(/home/user/robot_arm_ws/install/robot_arm/share/colcon-core/packages/robot_arm)
[1.221s] INFO:colcon.colcon_ros.task.ament_cmake.build:Building ROS package in '/home/user/robot_arm_ws/src/arm_moveit_config' with build type 'ament_cmake'
[1.221s] INFO:colcon.colcon_cmake.task.cmake.build:Building CMake package in '/home/user/robot_arm_ws/src/arm_moveit_config'
[1.221s] INFO:colcon.colcon_core.shell:Skip shell extension 'powershell' for command environment: Not usable outside of PowerShell
[1.221s] DEBUG:colcon.colcon_core.shell:Skip shell extension 'dsv' for command environment
[1.243s] DEBUG:colcon.colcon_core.event_handler.log_command:Invoking command in '/home/user/robot_arm_ws/build/arm_moveit_config': CMAKE_PREFIX_PATH=/home/user/robot_arm_ws/install/robot_arm:/home/user/robot_arm_ws/install/arm_moveit_config:/home/user/ws_moveit/install/robotiq_hardware_tests:/home/user/ws_moveit/install/robotiq_driver:/home/user/ws_moveit/install/serial:/home/user/ws_moveit/install/moveit2_tutorials:/home/user/ws_moveit/install/moveit_visual_tools:/home/user/ws_moveit/install/rviz_visual_tools:/home/user/ws_moveit/install/moveit_task_constructor_visualization:/home/user/ws_moveit/install/moveit_task_constructor_demo:/home/user/ws_moveit/install/moveit_task_constructor_capabilities:/home/user/ws_moveit/install/moveit_task_constructor_core:/home/user/ws_moveit/install/rviz_marker_tools:/home/user/ws_moveit/install/kortex_bringup:/home/user/ws_moveit/install/kinova_gen3_lite_moveit_config:/home/user/ws_moveit/install/kinova_gen3_7dof_robotiq_2f_85_moveit_config:/home/user/ws_moveit/install/kinova_gen3_6dof_robotiq_2f_85_moveit_config:/home/user/ws_moveit/install/kortex_description:/home/user/ws_moveit/install/robotiq_description:/home/user/ws_moveit/install/robotiq_controllers:/home/user/ws_moveit/install/pilz_industrial_motion_planner_testutils:/home/user/ws_moveit/install/moveit_runtime:/home/user/ws_moveit/install/moveit:/home/user/ws_moveit/install/moveit_planners:/home/user/ws_moveit/install/pilz_industrial_motion_planner:/home/user/ws_moveit/install/picknik_twist_controller:/home/user/ws_moveit/install/picknik_reset_fault_controller:/home/user/ws_moveit/install/moveit_task_constructor_msgs:/home/user/ws_moveit/install/moveit_ros_control_interface:/home/user/ws_moveit/install/moveit_plugins:/home/user/ws_moveit/install/moveit_simple_controller_manager:/home/user/ws_moveit/install/moveit_setup_assistant:/home/user/ws_moveit/install/moveit_setup_srdf_plugins:/home/user/ws_moveit/install/moveit_setup_core_plugins:/home/user/ws_moveit/install/moveit_setup_controllers:/home/user/ws_moveit/install/moveit_setup_app_plugins:/home/user/ws_moveit/install/moveit_setup_framework:/home/user/ws_moveit/install/moveit_servo:/home/user/ws_moveit/install/moveit_ros_trajectory_cache:/home/user/ws_moveit/install/moveit_ros:/home/user/ws_moveit/install/moveit_ros_visualization:/home/user/ws_moveit/install/moveit_py:/home/user/ws_moveit/install/moveit_hybrid_planning:/home/user/ws_moveit/install/moveit_ros_planning_interface:/home/user/ws_moveit/install/moveit_ros_benchmarks:/home/user/ws_moveit/install/moveit_ros_warehouse:/home/user/ws_moveit/install/moveit_ros_robot_interaction:/home/user/ws_moveit/install/moveit_ros_perception:/home/user/ws_moveit/install/moveit_resources_prbt_pg70_support:/home/user/ws_moveit/install/moveit_resources_prbt_moveit_config:/home/user/ws_moveit/install/moveit_ros_move_group:/home/user/ws_moveit/install/moveit_planners_ompl:/home/user/ws_moveit/install/moveit_kinematics:/home/user/ws_moveit/install/moveit_ros_planning:/home/user/ws_moveit/install/moveit_ros_occupancy_map_monitor:/home/user/ws_moveit/install/moveit_resources_prbt_support:/home/user/ws_moveit/install/moveit_resources_prbt_ikfast_manipulator_plugin:/home/user/ws_moveit/install/moveit_resources:/home/user/ws_moveit/install/moveit_resources_pr2_description:/home/user/ws_moveit/install/moveit_resources_panda_moveit_config:/home/user/ws_moveit/install/dual_arm_panda_moveit_config:/home/user/ws_moveit/install/moveit_resources_panda_description:/home/user/ws_moveit/install/moveit_resources_fanuc_moveit_config:/home/user/ws_moveit/install/moveit_resources_fanuc_description:/home/user/ws_moveit/install/moveit_planners_stomp:/home/user/ws_moveit/install/moveit_planners_chomp:/home/user/ws_moveit/install/chomp_motion_planner:/home/user/ws_moveit/install/moveit_core:/home/user/ws_moveit/install/moveit_msgs:/home/user/ws_moveit/install/moveit_common:/home/user/ws_moveit/install/kortex_driver:/home/user/ws_moveit/install/kortex_api:/opt/ros/jazzy/opt/gz_sim_vendor:/opt/ros/jazzy/opt/gz_sensors_vendor:/opt/ros/jazzy/opt/gz_physics_vendor:/opt/ros/jazzy/opt/sdformat_vendor:/opt/ros/jazzy/opt/gz_gui_vendor:/opt/ros/jazzy/opt/gz_transport_vendor:/opt/ros/jazzy/opt/gz_rendering_vendor:/opt/ros/jazzy/opt/gz_plugin_vendor:/opt/ros/jazzy/opt/gz_fuel_tools_vendor:/opt/ros/jazzy/opt/gz_msgs_vendor:/opt/ros/jazzy/opt/gz_common_vendor:/opt/ros/jazzy/opt/gz_math_vendor:/opt/ros/jazzy/opt/gz_utils_vendor:/opt/ros/jazzy/opt/gz_tools_vendor:/opt/ros/jazzy/opt/gz_ogre_next_vendor:/opt/ros/jazzy/opt/gz_dartsim_vendor:/opt/ros/jazzy/opt/gz_cmake_vendor:/home/user/robot_arm_ws/install/my_arm_sim:/home/user/ws_moveit/install/moveit_configs_utils:/opt/ros/jazzy DEBUGINFOD_URLS=https://debuginfod.ubuntu.com /usr/bin/cmake --build /home/user/robot_arm_ws/build/arm_moveit_config -- -j16 -l16
[1.306s] DEBUG:colcon.colcon_core.event_handler.log_command:Invoked command in '/home/user/robot_arm_ws/build/arm_moveit_config' returned '0': CMAKE_PREFIX_PATH=/home/user/robot_arm_ws/install/robot_arm:/home/user/robot_arm_ws/install/arm_moveit_config:/home/user/ws_moveit/install/robotiq_hardware_tests:/home/user/ws_moveit/install/robotiq_driver:/home/user/ws_moveit/install/serial:/home/user/ws_moveit/install/moveit2_tutorials:/home/user/ws_moveit/install/moveit_visual_tools:/home/user/ws_moveit/install/rviz_visual_tools:/home/user/ws_moveit/install/moveit_task_constructor_visualization:/home/user/ws_moveit/install/moveit_task_constructor_demo:/home/user/ws_moveit/install/moveit_task_constructor_capabilities:/home/user/ws_moveit/install/moveit_task_constructor_core:/home/user/ws_moveit/install/rviz_marker_tools:/home/user/ws_moveit/install/kortex_bringup:/home/user/ws_moveit/install/kinova_gen3_lite_moveit_config:/home/user/ws_moveit/install/kinova_gen3_7dof_robotiq_2f_85_moveit_config:/home/user/ws_moveit/install/kinova_gen3_6dof_robotiq_2f_85_moveit_config:/home/user/ws_moveit/install/kortex_description:/home/user/ws_moveit/install/robotiq_description:/home/user/ws_moveit/install/robotiq_controllers:/home/user/ws_moveit/install/pilz_industrial_motion_planner_testutils:/home/user/ws_moveit/install/moveit_runtime:/home/user/ws_moveit/install/moveit:/home/user/ws_moveit/install/moveit_planners:/home/user/ws_moveit/install/pilz_industrial_motion_planner:/home/user/ws_moveit/install/picknik_twist_controller:/home/user/ws_moveit/install/picknik_reset_fault_controller:/home/user/ws_moveit/install/moveit_task_constructor_msgs:/home/user/ws_moveit/install/moveit_ros_control_interface:/home/user/ws_moveit/install/moveit_plugins:/home/user/ws_moveit/install/moveit_simple_controller_manager:/home/user/ws_moveit/install/moveit_setup_assistant:/home/user/ws_moveit/install/moveit_setup_srdf_plugins:/home/user/ws_moveit/install/moveit_setup_core_plugins:/home/user/ws_moveit/install/moveit_setup_controllers:/home/user/ws_moveit/install/moveit_setup_app_plugins:/home/user/ws_moveit/install/moveit_setup_framework:/home/user/ws_moveit/install/moveit_servo:/home/user/ws_moveit/install/moveit_ros_trajectory_cache:/home/user/ws_moveit/install/moveit_ros:/home/user/ws_moveit/install/moveit_ros_visualization:/home/user/ws_moveit/install/moveit_py:/home/user/ws_moveit/install/moveit_hybrid_planning:/home/user/ws_moveit/install/moveit_ros_planning_interface:/home/user/ws_moveit/install/moveit_ros_benchmarks:/home/user/ws_moveit/install/moveit_ros_warehouse:/home/user/ws_moveit/install/moveit_ros_robot_interaction:/home/user/ws_moveit/install/moveit_ros_perception:/home/user/ws_moveit/install/moveit_resources_prbt_pg70_support:/home/user/ws_moveit/install/moveit_resources_prbt_moveit_config:/home/user/ws_moveit/install/moveit_ros_move_group:/home/user/ws_moveit/install/moveit_planners_ompl:/home/user/ws_moveit/install/moveit_kinematics:/home/user/ws_moveit/install/moveit_ros_planning:/home/user/ws_moveit/install/moveit_ros_occupancy_map_monitor:/home/user/ws_moveit/install/moveit_resources_prbt_support:/home/user/ws_moveit/install/moveit_resources_prbt_ikfast_manipulator_plugin:/home/user/ws_moveit/install/moveit_resources:/home/user/ws_moveit/install/moveit_resources_pr2_description:/home/user/ws_moveit/install/moveit_resources_panda_moveit_config:/home/user/ws_moveit/install/dual_arm_panda_moveit_config:/home/user/ws_moveit/install/moveit_resources_panda_description:/home/user/ws_moveit/install/moveit_resources_fanuc_moveit_config:/home/user/ws_moveit/install/moveit_resources_fanuc_description:/home/user/ws_moveit/install/moveit_planners_stomp:/home/user/ws_moveit/install/moveit_planners_chomp:/home/user/ws_moveit/install/chomp_motion_planner:/home/user/ws_moveit/install/moveit_core:/home/user/ws_moveit/install/moveit_msgs:/home/user/ws_moveit/install/moveit_common:/home/user/ws_moveit/install/kortex_driver:/home/user/ws_moveit/install/kortex_api:/opt/ros/jazzy/opt/gz_sim_vendor:/opt/ros/jazzy/opt/gz_sensors_vendor:/opt/ros/jazzy/opt/gz_physics_vendor:/opt/ros/jazzy/opt/sdformat_vendor:/opt/ros/jazzy/opt/gz_gui_vendor:/opt/ros/jazzy/opt/gz_transport_vendor:/opt/ros/jazzy/opt/gz_rendering_vendor:/opt/ros/jazzy/opt/gz_plugin_vendor:/opt/ros/jazzy/opt/gz_fuel_tools_vendor:/opt/ros/jazzy/opt/gz_msgs_vendor:/opt/ros/jazzy/opt/gz_common_vendor:/opt/ros/jazzy/opt/gz_math_vendor:/opt/ros/jazzy/opt/gz_utils_vendor:/opt/ros/jazzy/opt/gz_tools_vendor:/opt/ros/jazzy/opt/gz_ogre_next_vendor:/opt/ros/jazzy/opt/gz_dartsim_vendor:/opt/ros/jazzy/opt/gz_cmake_vendor:/home/user/robot_arm_ws/install/my_arm_sim:/home/user/ws_moveit/install/moveit_configs_utils:/opt/ros/jazzy DEBUGINFOD_URLS=https://debuginfod.ubuntu.com /usr/bin/cmake --build /home/user/robot_arm_ws/build/arm_moveit_config -- -j16 -l16
[1.308s] DEBUG:colcon.colcon_core.event_handler.log_command:Invoking command in '/home/user/robot_arm_ws/build/arm_moveit_config': CMAKE_PREFIX_PATH=/home/user/robot_arm_ws/install/robot_arm:/home/user/robot_arm_ws/install/arm_moveit_config:/home/user/ws_moveit/install/robotiq_hardware_tests:/home/user/ws_moveit/install/robotiq_driver:/home/user/ws_moveit/install/serial:/home/user/ws_moveit/install/moveit2_tutorials:/home/user/ws_moveit/install/moveit_visual_tools:/home/user/ws_moveit/install/rviz_visual_tools:/home/user/ws_moveit/install/moveit_task_constructor_visualization:/home/user/ws_moveit/install/moveit_task_constructor_demo:/home/user/ws_moveit/install/moveit_task_constructor_capabilities:/home/user/ws_moveit/install/moveit_task_constructor_core:/home/user/ws_moveit/install/rviz_marker_tools:/home/user/ws_moveit/install/kortex_bringup:/home/user/ws_moveit/install/kinova_gen3_lite_moveit_config:/home/user/ws_moveit/install/kinova_gen3_7dof_robotiq_2f_85_moveit_config:/home/user/ws_moveit/install/kinova_gen3_6dof_robotiq_2f_85_moveit_config:/home/user/ws_moveit/install/kortex_description:/home/user/ws_moveit/install/robotiq_description:/home/user/ws_moveit/install/robotiq_controllers:/home/user/ws_moveit/install/pilz_industrial_motion_planner_testutils:/home/user/ws_moveit/install/moveit_runtime:/home/user/ws_moveit/install/moveit:/home/user/ws_moveit/install/moveit_planners:/home/user/ws_moveit/install/pilz_industrial_motion_planner:/home/user/ws_moveit/install/picknik_twist_controller:/home/user/ws_moveit/install/picknik_reset_fault_controller:/home/user/ws_moveit/install/moveit_task_constructor_msgs:/home/user/ws_moveit/install/moveit_ros_control_interface:/home/user/ws_moveit/install/moveit_plugins:/home/user/ws_moveit/install/moveit_simple_controller_manager:/home/user/ws_moveit/install/moveit_setup_assistant:/home/user/ws_moveit/install/moveit_setup_srdf_plugins:/home/user/ws_moveit/install/moveit_setup_core_plugins:/home/user/ws_moveit/install/moveit_setup_controllers:/home/user/ws_moveit/install/moveit_setup_app_plugins:/home/user/ws_moveit/install/moveit_setup_framework:/home/user/ws_moveit/install/moveit_servo:/home/user/ws_moveit/install/moveit_ros_trajectory_cache:/home/user/ws_moveit/install/moveit_ros:/home/user/ws_moveit/install/moveit_ros_visualization:/home/user/ws_moveit/install/moveit_py:/home/user/ws_moveit/install/moveit_hybrid_planning:/home/user/ws_moveit/install/moveit_ros_planning_interface:/home/user/ws_moveit/install/moveit_ros_benchmarks:/home/user/ws_moveit/install/moveit_ros_warehouse:/home/user/ws_moveit/install/moveit_ros_robot_interaction:/home/user/ws_moveit/install/moveit_ros_perception:/home/user/ws_moveit/install/moveit_resources_prbt_pg70_support:/home/user/ws_moveit/install/moveit_resources_prbt_moveit_config:/home/user/ws_moveit/install/moveit_ros_move_group:/home/user/ws_moveit/install/moveit_planners_ompl:/home/user/ws_moveit/install/moveit_kinematics:/home/user/ws_moveit/install/moveit_ros_planning:/home/user/ws_moveit/install/moveit_ros_occupancy_map_monitor:/home/user/ws_moveit/install/moveit_resources_prbt_support:/home/user/ws_moveit/install/moveit_resources_prbt_ikfast_manipulator_plugin:/home/user/ws_moveit/install/moveit_resources:/home/user/ws_moveit/install/moveit_resources_pr2_description:/home/user/ws_moveit/install/moveit_resources_panda_moveit_config:/home/user/ws_moveit/install/dual_arm_panda_moveit_config:/home/user/ws_moveit/install/moveit_resources_panda_description:/home/user/ws_moveit/install/moveit_resources_fanuc_moveit_config:/home/user/ws_moveit/install/moveit_resources_fanuc_description:/home/user/ws_moveit/install/moveit_planners_stomp:/home/user/ws_moveit/install/moveit_planners_chomp:/home/user/ws_moveit/install/chomp_motion_planner:/home/user/ws_moveit/install/moveit_core:/home/user/ws_moveit/install/moveit_msgs:/home/user/ws_moveit/install/moveit_common:/home/user/ws_moveit/install/kortex_driver:/home/user/ws_moveit/install/kortex_api:/opt/ros/jazzy/opt/gz_sim_vendor:/opt/ros/jazzy/opt/gz_sensors_vendor:/opt/ros/jazzy/opt/gz_physics_vendor:/opt/ros/jazzy/opt/sdformat_vendor:/opt/ros/jazzy/opt/gz_gui_vendor:/opt/ros/jazzy/opt/gz_transport_vendor:/opt/ros/jazzy/opt/gz_rendering_vendor:/opt/ros/jazzy/opt/gz_plugin_vendor:/opt/ros/jazzy/opt/gz_fuel_tools_vendor:/opt/ros/jazzy/opt/gz_msgs_vendor:/opt/ros/jazzy/opt/gz_common_vendor:/opt/ros/jazzy/opt/gz_math_vendor:/opt/ros/jazzy/opt/gz_utils_vendor:/opt/ros/jazzy/opt/gz_tools_vendor:/opt/ros/jazzy/opt/gz_ogre_next_vendor:/opt/ros/jazzy/opt/gz_dartsim_vendor:/opt/ros/jazzy/opt/gz_cmake_vendor:/home/user/robot_arm_ws/install/my_arm_sim:/home/user/ws_moveit/install/moveit_configs_utils:/opt/ros/jazzy DEBUGINFOD_URLS=https://debuginfod.ubuntu.com /usr/bin/cmake --install /home/user/robot_arm_ws/build/arm_moveit_config
[1.325s] Level 1:colcon.colcon_core.environment:create_environment_scripts_only(arm_moveit_config)
[1.326s] Level 1:colcon.colcon_core.environment:checking '/home/user/robot_arm_ws/install/arm_moveit_config' for CMake module files
[1.326s] DEBUG:colcon.colcon_core.event_handler.log_command:Invoked command in '/home/user/robot_arm_ws/build/arm_moveit_config' returned '0': CMAKE_PREFIX_PATH=/home/user/robot_arm_ws/install/robot_arm:/home/user/robot_arm_ws/install/arm_moveit_config:/home/user/ws_moveit/install/robotiq_hardware_tests:/home/user/ws_moveit/install/robotiq_driver:/home/user/ws_moveit/install/serial:/home/user/ws_moveit/install/moveit2_tutorials:/home/user/ws_moveit/install/moveit_visual_tools:/home/user/ws_moveit/install/rviz_visual_tools:/home/user/ws_moveit/install/moveit_task_constructor_visualization:/home/user/ws_moveit/install/moveit_task_constructor_demo:/home/user/ws_moveit/install/moveit_task_constructor_capabilities:/home/user/ws_moveit/install/moveit_task_constructor_core:/home/user/ws_moveit/install/rviz_marker_tools:/home/user/ws_moveit/install/kortex_bringup:/home/user/ws_moveit/install/kinova_gen3_lite_moveit_config:/home/user/ws_moveit/install/kinova_gen3_7dof_robotiq_2f_85_moveit_config:/home/user/ws_moveit/install/kinova_gen3_6dof_robotiq_2f_85_moveit_config:/home/user/ws_moveit/install/kortex_description:/home/user/ws_moveit/install/robotiq_description:/home/user/ws_moveit/install/robotiq_controllers:/home/user/ws_moveit/install/pilz_industrial_motion_planner_testutils:/home/user/ws_moveit/install/moveit_runtime:/home/user/ws_moveit/install/moveit:/home/user/ws_moveit/install/moveit_planners:/home/user/ws_moveit/install/pilz_industrial_motion_planner:/home/user/ws_moveit/install/picknik_twist_controller:/home/user/ws_moveit/install/picknik_reset_fault_controller:/home/user/ws_moveit/install/moveit_task_constructor_msgs:/home/user/ws_moveit/install/moveit_ros_control_interface:/home/user/ws_moveit/install/moveit_plugins:/home/user/ws_moveit/install/moveit_simple_controller_manager:/home/user/ws_moveit/install/moveit_setup_assistant:/home/user/ws_moveit/install/moveit_setup_srdf_plugins:/home/user/ws_moveit/install/moveit_setup_core_plugins:/home/user/ws_moveit/install/moveit_setup_controllers:/home/user/ws_moveit/install/moveit_setup_app_plugins:/home/user/ws_moveit/install/moveit_setup_framework:/home/user/ws_moveit/install/moveit_servo:/home/user/ws_moveit/install/moveit_ros_trajectory_cache:/home/user/ws_moveit/install/moveit_ros:/home/user/ws_moveit/install/moveit_ros_visualization:/home/user/ws_moveit/install/moveit_py:/home/user/ws_moveit/install/moveit_hybrid_planning:/home/user/ws_moveit/install/moveit_ros_planning_interface:/home/user/ws_moveit/install/moveit_ros_benchmarks:/home/user/ws_moveit/install/moveit_ros_warehouse:/home/user/ws_moveit/install/moveit_ros_robot_interaction:/home/user/ws_moveit/install/moveit_ros_perception:/home/user/ws_moveit/install/moveit_resources_prbt_pg70_support:/home/user/ws_moveit/install/moveit_resources_prbt_moveit_config:/home/user/ws_moveit/install/moveit_ros_move_group:/home/user/ws_moveit/install/moveit_planners_ompl:/home/user/ws_moveit/install/moveit_kinematics:/home/user/ws_moveit/install/moveit_ros_planning:/home/user/ws_moveit/install/moveit_ros_occupancy_map_monitor:/home/user/ws_moveit/install/moveit_resources_prbt_support:/home/user/ws_moveit/install/moveit_resources_prbt_ikfast_manipulator_plugin:/home/user/ws_moveit/install/moveit_resources:/home/user/ws_moveit/install/moveit_resources_pr2_description:/home/user/ws_moveit/install/moveit_resources_panda_moveit_config:/home/user/ws_moveit/install/dual_arm_panda_moveit_config:/home/user/ws_moveit/install/moveit_resources_panda_description:/home/user/ws_moveit/install/moveit_resources_fanuc_moveit_config:/home/user/ws_moveit/install/moveit_resources_fanuc_description:/home/user/ws_moveit/install/moveit_planners_stomp:/home/user/ws_moveit/install/moveit_planners_chomp:/home/user/ws_moveit/install/chomp_motion_planner:/home/user/ws_moveit/install/moveit_core:/home/user/ws_moveit/install/moveit_msgs:/home/user/ws_moveit/install/moveit_common:/home/user/ws_moveit/install/kortex_driver:/home/user/ws_moveit/install/kortex_api:/opt/ros/jazzy/opt/gz_sim_vendor:/opt/ros/jazzy/opt/gz_sensors_vendor:/opt/ros/jazzy/opt/gz_physics_vendor:/opt/ros/jazzy/opt/sdformat_vendor:/opt/ros/jazzy/opt/gz_gui_vendor:/opt/ros/jazzy/opt/gz_transport_vendor:/opt/ros/jazzy/opt/gz_rendering_vendor:/opt/ros/jazzy/opt/gz_plugin_vendor:/opt/ros/jazzy/opt/gz_fuel_tools_vendor:/opt/ros/jazzy/opt/gz_msgs_vendor:/opt/ros/jazzy/opt/gz_common_vendor:/opt/ros/jazzy/opt/gz_math_vendor:/opt/ros/jazzy/opt/gz_utils_vendor:/opt/ros/jazzy/opt/gz_tools_vendor:/opt/ros/jazzy/opt/gz_ogre_next_vendor:/opt/ros/jazzy/opt/gz_dartsim_vendor:/opt/ros/jazzy/opt/gz_cmake_vendor:/home/user/robot_arm_ws/install/my_arm_sim:/home/user/ws_moveit/install/moveit_configs_utils:/opt/ros/jazzy DEBUGINFOD_URLS=https://debuginfod.ubuntu.com /usr/bin/cmake --install /home/user/robot_arm_ws/build/arm_moveit_config
[1.327s] Level 1:colcon.colcon_core.environment:checking '/home/user/robot_arm_ws/install/arm_moveit_config' for CMake config files
[1.327s] Level 1:colcon.colcon_core.shell:create_environment_hook('arm_moveit_config', 'cmake_prefix_path')
[1.327s] INFO:colcon.colcon_core.shell:Creating environment hook '/home/user/robot_arm_ws/install/arm_moveit_config/share/arm_moveit_config/hook/cmake_prefix_path.ps1'
[1.328s] INFO:colcon.colcon_core.shell:Creating environment descriptor '/home/user/robot_arm_ws/install/arm_moveit_config/share/arm_moveit_config/hook/cmake_prefix_path.dsv'
[1.328s] INFO:colcon.colcon_core.shell:Creating environment hook '/home/user/robot_arm_ws/install/arm_moveit_config/share/arm_moveit_config/hook/cmake_prefix_path.sh'
[1.329s] Level 1:colcon.colcon_core.environment:checking '/home/user/robot_arm_ws/install/arm_moveit_config/bin'
[1.329s] Level 1:colcon.colcon_core.environment:checking '/home/user/robot_arm_ws/install/arm_moveit_config/lib/pkgconfig/arm_moveit_config.pc'
[1.329s] Level 1:colcon.colcon_core.environment:checking '/home/user/robot_arm_ws/install/arm_moveit_config/lib/python3.12/site-packages'
[1.330s] Level 1:colcon.colcon_core.environment:checking '/home/user/robot_arm_ws/install/arm_moveit_config/bin'
[1.330s] INFO:colcon.colcon_core.shell:Creating package script '/home/user/robot_arm_ws/install/arm_moveit_config/share/arm_moveit_config/package.ps1'
[1.330s] INFO:colcon.colcon_core.shell:Creating package descriptor '/home/user/robot_arm_ws/install/arm_moveit_config/share/arm_moveit_config/package.dsv'
[1.331s] INFO:colcon.colcon_core.shell:Creating package script '/home/user/robot_arm_ws/install/arm_moveit_config/share/arm_moveit_config/package.sh'
[1.331s] INFO:colcon.colcon_core.shell:Creating package script '/home/user/robot_arm_ws/install/arm_moveit_config/share/arm_moveit_config/package.bash'
[1.332s] INFO:colcon.colcon_core.shell:Creating package script '/home/user/robot_arm_ws/install/arm_moveit_config/share/arm_moveit_config/package.zsh'
[1.332s] Level 1:colcon.colcon_core.environment:create_file_with_runtime_dependencies(/home/user/robot_arm_ws/install/arm_moveit_config/share/colcon-core/packages/arm_moveit_config)
[1.333s] Level 1:colcon.colcon_core.environment:create_environment_scripts_only(arm_moveit_config)
[1.333s] Level 1:colcon.colcon_core.environment:checking '/home/user/robot_arm_ws/install/arm_moveit_config' for CMake module files
[1.333s] Level 1:colcon.colcon_core.environment:checking '/home/user/robot_arm_ws/install/arm_moveit_config' for CMake config files
[1.334s] Level 1:colcon.colcon_core.shell:create_environment_hook('arm_moveit_config', 'cmake_prefix_path')
[1.334s] INFO:colcon.colcon_core.shell:Creating environment hook '/home/user/robot_arm_ws/install/arm_moveit_config/share/arm_moveit_config/hook/cmake_prefix_path.ps1'
[1.334s] INFO:colcon.colcon_core.shell:Creating environment descriptor '/home/user/robot_arm_ws/install/arm_moveit_config/share/arm_moveit_config/hook/cmake_prefix_path.dsv'
[1.335s] INFO:colcon.colcon_core.shell:Creating environment hook '/home/user/robot_arm_ws/install/arm_moveit_config/share/arm_moveit_config/hook/cmake_prefix_path.sh'
[1.335s] Level 1:colcon.colcon_core.environment:checking '/home/user/robot_arm_ws/install/arm_moveit_config/bin'
[1.335s] Level 1:colcon.colcon_core.environment:checking '/home/user/robot_arm_ws/install/arm_moveit_config/lib/pkgconfig/arm_moveit_config.pc'
[1.336s] Level 1:colcon.colcon_core.environment:checking '/home/user/robot_arm_ws/install/arm_moveit_config/lib/python3.12/site-packages'
[1.336s] Level 1:colcon.colcon_core.environment:checking '/home/user/robot_arm_ws/install/arm_moveit_config/bin'
[1.336s] INFO:colcon.colcon_core.shell:Creating package script '/home/user/robot_arm_ws/install/arm_moveit_config/share/arm_moveit_config/package.ps1'
[1.337s] INFO:colcon.colcon_core.shell:Creating package descriptor '/home/user/robot_arm_ws/install/arm_moveit_config/share/arm_moveit_config/package.dsv'
[1.337s] INFO:colcon.colcon_core.shell:Creating package script '/home/user/robot_arm_ws/install/arm_moveit_config/share/arm_moveit_config/package.sh'
[1.338s] INFO:colcon.colcon_core.shell:Creating package script '/home/user/robot_arm_ws/install/arm_moveit_config/share/arm_moveit_config/package.bash'
[1.338s] INFO:colcon.colcon_core.shell:Creating package script '/home/user/robot_arm_ws/install/arm_moveit_config/share/arm_moveit_config/package.zsh'
[1.339s] Level 1:colcon.colcon_core.environment:create_file_with_runtime_dependencies(/home/user/robot_arm_ws/install/arm_moveit_config/share/colcon-core/packages/arm_moveit_config)
[1.339s] DEBUG:colcon.colcon_parallel_executor.executor.parallel:closing loop
[1.339s] DEBUG:colcon.colcon_parallel_executor.executor.parallel:loop closed
[1.340s] DEBUG:colcon.colcon_parallel_executor.executor.parallel:run_until_complete finished with '0'
[1.340s] DEBUG:colcon.colcon_core.event_reactor:joining thread
[1.347s] INFO:colcon.colcon_core.plugin_system:Skipping extension 'colcon_notification.desktop_notification.terminal_notifier': Not used on non-Darwin systems
[1.347s] INFO:colcon.colcon_core.plugin_system:Skipping extension 'colcon_notification.desktop_notification.win32': Not used on non-Windows systems
[1.347s] INFO:colcon.colcon_notification.desktop_notification:Sending desktop notification using 'notify2'
[1.365s] DEBUG:colcon.colcon_core.event_reactor:joined thread
[1.366s] INFO:colcon.colcon_core.shell:Creating prefix script '/home/user/robot_arm_ws/install/local_setup.ps1'
[1.367s] INFO:colcon.colcon_core.shell:Creating prefix util module '/home/user/robot_arm_ws/install/_local_setup_util_ps1.py'
[1.368s] INFO:colcon.colcon_core.shell:Creating prefix chain script '/home/user/robot_arm_ws/install/setup.ps1'
[1.373s] INFO:colcon.colcon_core.shell:Creating prefix script '/home/user/robot_arm_ws/install/local_setup.sh'
[1.373s] INFO:colcon.colcon_core.shell:Creating prefix util module '/home/user/robot_arm_ws/install/_local_setup_util_sh.py'
[1.374s] INFO:colcon.colcon_core.shell:Creating prefix chain script '/home/user/robot_arm_ws/install/setup.sh'
[1.378s] INFO:colcon.colcon_core.shell:Creating prefix script '/home/user/robot_arm_ws/install/local_setup.bash'
[1.379s] INFO:colcon.colcon_core.shell:Creating prefix chain script '/home/user/robot_arm_ws/install/setup.bash'
[1.382s] INFO:colcon.colcon_core.shell:Creating prefix script '/home/user/robot_arm_ws/install/local_setup.zsh'
[1.383s] INFO:colcon.colcon_core.shell:Creating prefix chain script '/home/user/robot_arm_ws/install/setup.zsh'
